1:27=1+26
2:27=1+1+25
3:27=1+1+1+24
4:27=1+1+1+1+23
5:27=1+1+1+1+1+22
6:27=1+1+1+1+1+1+21
7:27=1+1+1+1+1+1+1+20
8:27=1+1+1+1+1+1+1+1+19
9:27=1+1+1+1+1+1+1+1+1+18
10:27=1+1+1+1+1+1+1+1+1+1+17
11:27=1+1+1+1+1+1+1+1+1+1+1+16
12:27=1+1+1+1+1+1+1+1+1+1+1+1+15
13:27=1+1+1+1+1+1+1+1+1+1+1+1+1+14
14:27=1+1+1+1+1+1+1+1+1+1+1+1+1+1+13
15:27=1+1+1+1+1+1+1+1+1+1+1+1+1+1+1+12
16:27=1+1+1+1+1+1+1+1+1+1+1+1+1+1+1+1+11
17:27=1+1+1+1+1+1+1+1+1+1+1+1+1+1+1+1+1+10
18:27=1+1+1+1+1+1+1+1+1+1+1+1+1+1+1+1+1+1+9
19:27=1+1+1+1+1+1+1+1+1+1+1+1+1+1+1+1+1+1+1+8
20:27=1+1+1+1+1+1+1+1+1+1+1+1+1+1+1+1+1+1+1+1+7
21:27=1+1+1+1+1+1+1+1+1+1+1+1+1+1+1+1+1+1+1+1+1+6
22:27=1+1+1+1+1+1+1+1+1+1+1+1+1+1+1+1+1+1+1+1+1+1+5
23:27=1+1+1+1+1+1+1+1+1+1+1+1+1+1+1+1+1+1+1+1+1+1+1+4
24:27=1+1+1+1+1+1+1+1+1+1+1+1+1+1+1+1+1+1+1+1+1+1+1+1+3
25:27=1+1+1+1+1+1+1+1+1+1+1+1+1+1+1+1+1+1+1+1+1+1+1+1+1+2
26:27=1+1+1+1+1+1+1+1+1+1+1+1+1+1+1+1+1+1+1+1+1+1+1+1+1+1+1
27:27=1+1+1+1+1+1+1+1+1+1+1+1+1+1+1+1+1+1+1+1+1+1+1+2+2
28:27=1+1+1+1+1+1+1+1+1+1+1+1+1+1+1+1+1+1+1+1+1+1+2+3
29:27=1+1+1+1+1+1+1+1+1+1+1+1+1+1+1+1+1+1+1+1+1+2+4
30:27=1+1+1+1+1+1+1+1+1+1+1+1+1+1+1+1+1+1+1+1+1+2+2+2
31:27=1+1+1+1+1+1+1+1+1+1+1+1+1+1+1+1+1+1+1+1+1+3+3
32:27=1+1+1+1+1+1+1+1+1+1+1+1+1+1+1+1+1+1+1+1+2+5
33:27=1+1+1+1+1+1+1+1+1+1+1+1+1+1+1+1+1+1+1+1+2+2+3
34:27=1+1+1+1+1+1+1+1+1+1+1+1+1+1+1+1+1+1+1+1+3+4
35:27=1+1+1+1+1+1+1+1+1+1+1+1+1+1+1+1+1+1+1+2+6
36:27=1+1+1+1+1+1+1+1+1+1+1+1+1+1+1+1+1+1+1+2+2+4
37:27=1+1+1+1+1+1+1+1+1+1+1+1+1+1+1+1+1+1+1+2+2+2+2
38:27=1+1+1+1+1+1+1+1+1+1+1+1+1+1+1+1+1+1+1+2+3+3
39:27=1+1+1+1+1+1+1+1+1+1+1+1+1+1+1+1+1+1+1+3+5
40:27=1+1+1+1+1+1+1+1+1+1+1+1+1+1+1+1+1+1+1+4+4
41:27=1+1+1+1+1+1+1+1+1+1+1+1+1+1+1+1+1+1+2+7
42:27=1+1+1+1+1+1+1+1+1+1+1+1+1+1+1+1+1+1+2+2+5
43:27=1+1+1+1+1+1+1+1+1+1+1+1+1+1+1+1+1+1+2+2+2+3
44:27=1+1+1+1+1+1+1+1+1+1+1+1+1+1+1+1+1+1+2+3+4
45:27=1+1+1+1+1+1+1+1+1+1+1+1+1+1+1+1+1+1+3+6
46:27=1+1+1+1+1+1+1+1+1+1+1+1+1+1+1+1+1+1+3+3+3
47:27=1+1+1+1+1+1+1+1+1+1+1+1+1+1+1+1+1+1+4+5
48:27=1+1+1+1+1+1+1+1+1+1+1+1+1+1+1+1+1+2+8
49:27=1+1+1+1+1+1+1+1+1+1+1+1+1+1+1+1+1+2+2+6
50:27=1+1+1+1+1+1+1+1+1+1+1+1+1+1+1+1+1+2+2+2+4
51:27=1+1+1+1+1+1+1+1+1+1+1+1+1+1+1+1+1+2+2+2+2+2
52:27=1+1+1+1+1+1+1+1+1+1+1+1+1+1+1+1+1+2+2+3+3
53:27=1+1+1+1+1+1+1+1+1+1+1+1+1+1+1+1+1+2+3+5
54:27=1+1+1+1+1+1+1+1+1+1+1+1+1+1+1+1+1+2+4+4
55:27=1+1+1+1+1+1+1+1+1+1+1+1+1+1+1+1+1+3+7
56:27=1+1+1+1+1+1+1+1+1+1+1+1+1+1+1+1+1+3+3+4
57:27=1+1+1+1+1+1+1+1+1+1+1+1+1+1+1+1+1+4+6
58:27=1+1+1+1+1+1+1+1+1+1+1+1+1+1+1+1+1+5+5
59:27=1+1+1+1+1+1+1+1+1+1+1+1+1+1+1+1+2+9
60:27=1+1+1+1+1+1+1+1+1+1+1+1+1+1+1+1+2+2+7
61:27=1+1+1+1+1+1+1+1+1+1+1+1+1+1+1+1+2+2+2+5
62:27=1+1+1+1+1+1+1+1+1+1+1+1+1+1+1+1+2+2+2+2+3
63:27=1+1+1+1+1+1+1+1+1+1+1+1+1+1+1+1+2+2+3+4
64:27=1+1+1+1+1+1+1+1+1+1+1+1+1+1+1+1+2+3+6
65:27=1+1+1+1+1+1+1+1+1+1+1+1+1+1+1+1+2+3+3+3
66:27=1+1+1+1+1+1+1+1+1+1+1+1+1+1+1+1+2+4+5
67:27=1+1+1+1+1+1+1+1+1+1+1+1+1+1+1+1+3+8
68:27=1+1+1+1+1+1+1+1+1+1+1+1+1+1+1+1+3+3+5
69:27=1+1+1+1+1+1+1+1+1+1+1+1+1+1+1+1+3+4+4
70:27=1+1+1+1+1+1+1+1+1+1+1+1+1+1+1+1+4+7
71:27=1+1+1+1+1+1+1+1+1+1+1+1+1+1+1+1+5+6
72:27=1+1+1+1+1+1+1+1+1+1+1+1+1+1+1+2+10
73:27=1+1+1+1+1+1+1+1+1+1+1+1+1+1+1+2+2+8
74:27=1+1+1+1+1+1+1+1+1+1+1+1+1+1+1+2+2+2+6
75:27=1+1+1+1+1+1+1+1+1+1+1+1+1+1+1+2+2+2+2+4
76:27=1+1+1+1+1+1+1+1+1+1+1+1+1+1+1+2+2+2+2+2+2
77:27=1+1+1+1+1+1+1+1+1+1+1+1+1+1+1+2+2+2+3+3
78:27=1+1+1+1+1+1+1+1+1+1+1+1+1+1+1+2+2+3+5
79:27=1+1+1+1+1+1+1+1+1+1+1+1+1+1+1+2+2+4+4
80:27=1+1+1+1+1+1+1+1+1+1+1+1+1+1+1+2+3+7
81:27=1+1+1+1+1+1+1+1+1+1+1+1+1+1+1+2+3+3+4
82:27=1+1+1+1+1+1+1+1+1+1+1+1+1+1+1+2+4+6
83:27=1+1+1+1+1+1+1+1+1+1+1+1+1+1+1+2+5+5
84:27=1+1+1+1+1+1+1+1+1+1+1+1+1+1+1+3+9
85:27=1+1+1+1+1+1+1+1+1+1+1+1+1+1+1+3+3+6
86:27=1+1+1+1+1+1+1+1+1+1+1+1+1+1+1+3+3+3+3
87:27=1+1+1+1+1+1+1+1+1+1+1+1+1+1+1+3+4+5
88:27=1+1+1+1+1+1+1+1+1+1+1+1+1+1+1+4+8
89:27=1+1+1+1+1+1+1+1+1+1+1+1+1+1+1+4+4+4
90:27=1+1+1+1+1+1+1+1+1+1+1+1+1+1+1+5+7
91:27=1+1+1+1+1+1+1+1+1+1+1+1+1+1+1+6+6
92:27=1+1+1+1+1+1+1+1+1+1+1+1+1+1+2+11
93:27=1+1+1+1+1+1+1+1+1+1+1+1+1+1+2+2+9
94:27=1+1+1+1+1+1+1+1+1+1+1+1+1+1+2+2+2+7
95:27=1+1+1+1+1+1+1+1+1+1+1+1+1+1+2+2+2+2+5
96:27=1+1+1+1+1+1+1+1+1+1+1+1+1+1+2+2+2+2+2+3
97:27=1+1+1+1+1+1+1+1+1+1+1+1+1+1+2+2+2+3+4
98:27=1+1+1+1+1+1+1+1+1+1+1+1+1+1+2+2+3+6
99:27=1+1+1+1+1+1+1+1+1+1+1+1+1+1+2+2+3+3+3
100:27=1+1+1+1+1+1+1+1+1+1+1+1+1+1+2+2+4+5
101:27=1+1+1+1+1+1+1+1+1+1+1+1+1+1+2+3+8
102:27=1+1+1+1+1+1+1+1+1+1+1+1+1+1+2+3+3+5
103:27=1+1+1+1+1+1+1+1+1+1+1+1+1+1+2+3+4+4
104:27=1+1+1+1+1+1+1+1+1+1+1+1+1+1+2+4+7
105:27=1+1+1+1+1+1+1+1+1+1+1+1+1+1+2+5+6
106:27=1+1+1+1+1+1+1+1+1+1+1+1+1+1+3+10
107:27=1+1+1+1+1+1+1+1+1+1+1+1+1+1+3+3+7
108:27=1+1+1+1+1+1+1+1+1+1+1+1+1+1+3+3+3+4
109:27=1+1+1+1+1+1+1+1+1+1+1+1+1+1+3+4+6
110:27=1+1+1+1+1+1+1+1+1+1+1+1+1+1+3+5+5
111:27=1+1+1+1+1+1+1+1+1+1+1+1+1+1+4+9
112:27=1+1+1+1+1+1+1+1+1+1+1+1+1+1+4+4+5
113:27=1+1+1+1+1+1+1+1+1+1+1+1+1+1+5+8
114:27=1+1+1+1+1+1+1+1+1+1+1+1+1+1+6+7
115:27=1+1+1+1+1+1+1+1+1+1+1+1+1+2+12
116:27=1+1+1+1+1+1+1+1+1+1+1+1+1+2+2+10
117:27=1+1+1+1+1+1+1+1+1+1+1+1+1+2+2+2+8
118:27=1+1+1+1+1+1+1+1+1+1+1+1+1+2+2+2+2+6
119:27=1+1+1+1+1+1+1+1+1+1+1+1+1+2+2+2+2+2+4
120:27=1+1+1+1+1+1+1+1+1+1+1+1+1+2+2+2+2+2+2+2
121:27=1+1+1+1+1+1+1+1+1+1+1+1+1+2+2+2+2+3+3
122:27=1+1+1+1+1+1+1+1+1+1+1+1+1+2+2+2+3+5
123:27=1+1+1+1+1+1+1+1+1+1+1+1+1+2+2+2+4+4
124:27=1+1+1+1+1+1+1+1+1+1+1+1+1+2+2+3+7
125:27=1+1+1+1+1+1+1+1+1+1+1+1+1+2+2+3+3+4
126:27=1+1+1+1+1+1+1+1+1+1+1+1+1+2+2+4+6
127:27=1+1+1+1+1+1+1+1+1+1+1+1+1+2+2+5+5
128:27=1+1+1+1+1+1+1+1+1+1+1+1+1+2+3+9
129:27=1+1+1+1+1+1+1+1+1+1+1+1+1+2+3+3+6
130:27=1+1+1+1+1+1+1+1+1+1+1+1+1+2+3+3+3+3
131:27=1+1+1+1+1+1+1+1+1+1+1+1+1+2+3+4+5
132:27=1+1+1+1+1+1+1+1+1+1+1+1+1+2+4+8
133:27=1+1+1+1+1+1+1+1+1+1+1+1+1+2+4+4+4
134:27=1+1+1+1+1+1+1+1+1+1+1+1+1+2+5+7
135:27=1+1+1+1+1+1+1+1+1+1+1+1+1+2+6+6
136:27=1+1+1+1+1+1+1+1+1+1+1+1+1+3+11
137:27=1+1+1+1+1+1+1+1+1+1+1+1+1+3+3+8
138:27=1+1+1+1+1+1+1+1+1+1+1+1+1+3+3+3+5
139:27=1+1+1+1+1+1+1+1+1+1+1+1+1+3+3+4+4
140:27=1+1+1+1+1+1+1+1+1+1+1+1+1+3+4+7
141:27=1+1+1+1+1+1+1+1+1+1+1+1+1+3+5+6
142:27=1+1+1+1+1+1+1+1+1+1+1+1+1+4+10
143:27=1+1+1+1+1+1+1+1+1+1+1+1+1+4+4+6
144:27=1+1+1+1+1+1+1+1+1+1+1+1+1+4+5+5
145:27=1+1+1+1+1+1+1+1+1+1+1+1+1+5+9
146:27=1+1+1+1+1+1+1+1+1+1+1+1+1+6+8
147:27=1+1+1+1+1+1+1+1+1+1+1+1+1+7+7
148:27=1+1+1+1+1+1+1+1+1+1+1+1+2+13
149:27=1+1+1+1+1+1+1+1+1+1+1+1+2+2+11
150:27=1+1+1+1+1+1+1+1+1+1+1+1+2+2+2+9
151:27=1+1+1+1+1+1+1+1+1+1+1+1+2+2+2+2+7
152:27=1+1+1+1+1+1+1+1+1+1+1+1+2+2+2+2+2+5
153:27=1+1+1+1+1+1+1+1+1+1+1+1+2+2+2+2+2+2+3
154:27=1+1+1+1+1+1+1+1+1+1+1+1+2+2+2+2+3+4
155:27=1+1+1+1+1+1+1+1+1+1+1+1+2+2+2+3+6
156:27=1+1+1+1+1+1+1+1+1+1+1+1+2+2+2+3+3+3
157:27=1+1+1+1+1+1+1+1+1+1+1+1+2+2+2+4+5
158:27=1+1+1+1+1+1+1+1+1+1+1+1+2+2+3+8
159:27=1+1+1+1+1+1+1+1+1+1+1+1+2+2+3+3+5
160:27=1+1+1+1+1+1+1+1+1+1+1+1+2+2+3+4+4
161:27=1+1+1+1+1+1+1+1+1+1+1+1+2+2+4+7
162:27=1+1+1+1+1+1+1+1+1+1+1+1+2+2+5+6
163:27=1+1+1+1+1+1+1+1+1+1+1+1+2+3+10
164:27=1+1+1+1+1+1+1+1+1+1+1+1+2+3+3+7
165:27=1+1+1+1+1+1+1+1+1+1+1+1+2+3+3+3+4
166:27=1+1+1+1+1+1+1+1+1+1+1+1+2+3+4+6
167:27=1+1+1+1+1+1+1+1+1+1+1+1+2+3+5+5
168:27=1+1+1+1+1+1+1+1+1+1+1+1+2+4+9
169:27=1+1+1+1+1+1+1+1+1+1+1+1+2+4+4+5
170:27=1+1+1+1+1+1+1+1+1+1+1+1+2+5+8
171:27=1+1+1+1+1+1+1+1+1+1+1+1+2+6+7
172:27=1+1+1+1+1+1+1+1+1+1+1+1+3+12
173:27=1+1+1+1+1+1+1+1+1+1+1+1+3+3+9
174:27=1+1+1+1+1+1+1+1+1+1+1+1+3+3+3+6
175:27=1+1+1+1+1+1+1+1+1+1+1+1+3+3+3+3+3
176:27=1+1+1+1+1+1+1+1+1+1+1+1+3+3+4+5
177:27=1+1+1+1+1+1+1+1+1+1+1+1+3+4+8
178:27=1+1+1+1+1+1+1+1+1+1+1+1+3+4+4+4
179:27=1+1+1+1+1+1+1+1+1+1+1+1+3+5+7
180:27=1+1+1+1+1+1+1+1+1+1+1+1+3+6+6
181:27=1+1+1+1+1+1+1+1+1+1+1+1+4+11
182:27=1+1+1+1+1+1+1+1+1+1+1+1+4+4+7
183:27=1+1+1+1+1+1+1+1+1+1+1+1+4+5+6
184:27=1+1+1+1+1+1+1+1+1+1+1+1+5+10
185:27=1+1+1+1+1+1+1+1+1+1+1+1+5+5+5
186:27=1+1+1+1+1+1+1+1+1+1+1+1+6+9
187:27=1+1+1+1+1+1+1+1+1+1+1+1+7+8
188:27=1+1+1+1+1+1+1+1+1+1+1+2+14
189:27=1+1+1+1+1+1+1+1+1+1+1+2+2+12
190:27=1+1+1+1+1+1+1+1+1+1+1+2+2+2+10
191:27=1+1+1+1+1+1+1+1+1+1+1+2+2+2+2+8
192:27=1+1+1+1+1+1+1+1+1+1+1+2+2+2+2+2+6
193:27=1+1+1+1+1+1+1+1+1+1+1+2+2+2+2+2+2+4
194:27=1+1+1+1+1+1+1+1+1+1+1+2+2+2+2+2+2+2+2
195:27=1+1+1+1+1+1+1+1+1+1+1+2+2+2+2+2+3+3
196:27=1+1+1+1+1+1+1+1+1+1+1+2+2+2+2+3+5
197:27=1+1+1+1+1+1+1+1+1+1+1+2+2+2+2+4+4
198:27=1+1+1+1+1+1+1+1+1+1+1+2+2+2+3+7
199:27=1+1+1+1+1+1+1+1+1+1+1+2+2+2+3+3+4
200:27=1+1+1+1+1+1+1+1+1+1+1+2+2+2+4+6
201:27=1+1+1+1+1+1+1+1+1+1+1+2+2+2+5+5
202:27=1+1+1+1+1+1+1+1+1+1+1+2+2+3+9
203:27=1+1+1+1+1+1+1+1+1+1+1+2+2+3+3+6
204:27=1+1+1+1+1+1+1+1+1+1+1+2+2+3+3+3+3
205:27=1+1+1+1+1+1+1+1+1+1+1+2+2+3+4+5
206:27=1+1+1+1+1+1+1+1+1+1+1+2+2+4+8
207:27=1+1+1+1+1+1+1+1+1+1+1+2+2+4+4+4
208:27=1+1+1+1+1+1+1+1+1+1+1+2+2+5+7
209:27=1+1+1+1+1+1+1+1+1+1+1+2+2+6+6
210:27=1+1+1+1+1+1+1+1+1+1+1+2+3+11
211:27=1+1+1+1+1+1+1+1+1+1+1+2+3+3+8
212:27=1+1+1+1+1+1+1+1+1+1+1+2+3+3+3+5
213:27=1+1+1+1+1+1+1+1+1+1+1+2+3+3+4+4
214:27=1+1+1+1+1+1+1+1+1+1+1+2+3+4+7
215:27=1+1+1+1+1+1+1+1+1+1+1+2+3+5+6
216:27=1+1+1+1+1+1+1+1+1+1+1+2+4+10
217:27=1+1+1+1+1+1+1+1+1+1+1+2+4+4+6
218:27=1+1+1+1+1+1+1+1+1+1+1+2+4+5+5
219:27=1+1+1+1+1+1+1+1+1+1+1+2+5+9
220:27=1+1+1+1+1+1+1+1+1+1+1+2+6+8
221:27=1+1+1+1+1+1+1+1+1+1+1+2+7+7
222:27=1+1+1+1+1+1+1+1+1+1+1+3+13
223:27=1+1+1+1+1+1+1+1+1+1+1+3+3+10
224:27=1+1+1+1+1+1+1+1+1+1+1+3+3+3+7
225:27=1+1+1+1+1+1+1+1+1+1+1+3+3+3+3+4
226:27=1+1+1+1+1+1+1+1+1+1+1+3+3+4+6
227:27=1+1+1+1+1+1+1+1+1+1+1+3+3+5+5
228:27=1+1+1+1+1+1+1+1+1+1+1+3+4+9
229:27=1+1+1+1+1+1+1+1+1+1+1+3+4+4+5
230:27=1+1+1+1+1+1+1+1+1+1+1+3+5+8
231:27=1+1+1+1+1+1+1+1+1+1+1+3+6+7
232:27=1+1+1+1+1+1+1+1+1+1+1+4+12
233:27=1+1+1+1+1+1+1+1+1+1+1+4+4+8
234:27=1+1+1+1+1+1+1+1+1+1+1+4+4+4+4
235:27=1+1+1+1+1+1+1+1+1+1+1+4+5+7
236:27=1+1+1+1+1+1+1+1+1+1+1+4+6+6
237:27=1+1+1+1+1+1+1+1+1+1+1+5+11
238:27=1+1+1+1+1+1+1+1+1+1+1+5+5+6
239:27=1+1+1+1+1+1+1+1+1+1+1+6+10
240:27=1+1+1+1+1+1+1+1+1+1+1+7+9
241:27=1+1+1+1+1+1+1+1+1+1+1+8+8
242:27=1+1+1+1+1+1+1+1+1+1+2+15
243:27=1+1+1+1+1+1+1+1+1+1+2+2+13
244:27=1+1+1+1+1+1+1+1+1+1+2+2+2+11
245:27=1+1+1+1+1+1+1+1+1+1+2+2+2+2+9
246:27=1+1+1+1+1+1+1+1+1+1+2+2+2+2+2+7
247:27=1+1+1+1+1+1+1+1+1+1+2+2+2+2+2+2+5
248:27=1+1+1+1+1+1+1+1+1+1+2+2+2+2+2+2+2+3
249:27=1+1+1+1+1+1+1+1+1+1+2+2+2+2+2+3+4
250:27=1+1+1+1+1+1+1+1+1+1+2+2+2+2+3+6
251:27=1+1+1+1+1+1+1+1+1+1+2+2+2+2+3+3+3
252:27=1+1+1+1+1+1+1+1+1+1+2+2+2+2+4+5
253:27=1+1+1+1+1+1+1+1+1+1+2+2+2+3+8
254:27=1+1+1+1+1+1+1+1+1+1+2+2+2+3+3+5
255:27=1+1+1+1+1+1+1+1+1+1+2+2+2+3+4+4
256:27=1+1+1+1+1+1+1+1+1+1+2+2+2+4+7
257:27=1+1+1+1+1+1+1+1+1+1+2+2+2+5+6
258:27=1+1+1+1+1+1+1+1+1+1+2+2+3+10
259:27=1+1+1+1+1+1+1+1+1+1+2+2+3+3+7
260:27=1+1+1+1+1+1+1+1+1+1+2+2+3+3+3+4
261:27=1+1+1+1+1+1+1+1+1+1+2+2+3+4+6
262:27=1+1+1+1+1+1+1+1+1+1+2+2+3+5+5
263:27=1+1+1+1+1+1+1+1+1+1+2+2+4+9
264:27=1+1+1+1+1+1+1+1+1+1+2+2+4+4+5
265:27=1+1+1+1+1+1+1+1+1+1+2+2+5+8
266:27=1+1+1+1+1+1+1+1+1+1+2+2+6+7
267:27=1+1+1+1+1+1+1+1+1+1+2+3+12
268:27=1+1+1+1+1+1+1+1+1+1+2+3+3+9
269:27=1+1+1+1+1+1+1+1+1+1+2+3+3+3+6
270:27=1+1+1+1+1+1+1+1+1+1+2+3+3+3+3+3
271:27=1+1+1+1+1+1+1+1+1+1+2+3+3+4+5
272:27=1+1+1+1+1+1+1+1+1+1+2+3+4+8
273:27=1+1+1+1+1+1+1+1+1+1+2+3+4+4+4
274:27=1+1+1+1+1+1+1+1+1+1+2+3+5+7
275:27=1+1+1+1+1+1+1+1+1+1+2+3+6+6
276:27=1+1+1+1+1+1+1+1+1+1+2+4+11
277:27=1+1+1+1+1+1+1+1+1+1+2+4+4+7
278:27=1+1+1+1+1+1+1+1+1+1+2+4+5+6
279:27=1+1+1+1+1+1+1+1+1+1+2+5+10
280:27=1+1+1+1+1+1+1+1+1+1+2+5+5+5
281:27=1+1+1+1+1+1+1+1+1+1+2+6+9
282:27=1+1+1+1+1+1+1+1+1+1+2+7+8
283:27=1+1+1+1+1+1+1+1+1+1+3+14
284:27=1+1+1+1+1+1+1+1+1+1+3+3+11
285:27=1+1+1+1+1+1+1+1+1+1+3+3+3+8
286:27=1+1+1+1+1+1+1+1+1+1+3+3+3+3+5
287:27=1+1+1+1+1+1+1+1+1+1+3+3+3+4+4
288:27=1+1+1+1+1+1+1+1+1+1+3+3+4+7
289:27=1+1+1+1+1+1+1+1+1+1+3+3+5+6
290:27=1+1+1+1+1+1+1+1+1+1+3+4+10
291:27=1+1+1+1+1+1+1+1+1+1+3+4+4+6
292:27=1+1+1+1+1+1+1+1+1+1+3+4+5+5
293:27=1+1+1+1+1+1+1+1+1+1+3+5+9
294:27=1+1+1+1+1+1+1+1+1+1+3+6+8
295:27=1+1+1+1+1+1+1+1+1+1+3+7+7
296:27=1+1+1+1+1+1+1+1+1+1+4+13
297:27=1+1+1+1+1+1+1+1+1+1+4+4+9
298:27=1+1+1+1+1+1+1+1+1+1+4+4+4+5
299:27=1+1+1+1+1+1+1+1+1+1+4+5+8
300:27=1+1+1+1+1+1+1+1+1+1+4+6+7
301:27=1+1+1+1+1+1+1+1+1+1+5+12
302:27=1+1+1+1+1+1+1+1+1+1+5+5+7
303:27=1+1+1+1+1+1+1+1+1+1+5+6+6
304:27=1+1+1+1+1+1+1+1+1+1+6+11
305:27=1+1+1+1+1+1+1+1+1+1+7+10
306:27=1+1+1+1+1+1+1+1+1+1+8+9
307:27=1+1+1+1+1+1+1+1+1+2+16
308:27=1+1+1+1+1+1+1+1+1+2+2+14
309:27=1+1+1+1+1+1+1+1+1+2+2+2+12
310:27=1+1+1+1+1+1+1+1+1+2+2+2+2+10
311:27=1+1+1+1+1+1+1+1+1+2+2+2+2+2+8
312:27=1+1+1+1+1+1+1+1+1+2+2+2+2+2+2+6
313:27=1+1+1+1+1+1+1+1+1+2+2+2+2+2+2+2+4
314:27=1+1+1+1+1+1+1+1+1+2+2+2+2+2+2+2+2+2
315:27=1+1+1+1+1+1+1+1+1+2+2+2+2+2+2+3+3
316:27=1+1+1+1+1+1+1+1+1+2+2+2+2+2+3+5
317:27=1+1+1+1+1+1+1+1+1+2+2+2+2+2+4+4
318:27=1+1+1+1+1+1+1+1+1+2+2+2+2+3+7
319:27=1+1+1+1+1+1+1+1+1+2+2+2+2+3+3+4
320:27=1+1+1+1+1+1+1+1+1+2+2+2+2+4+6
321:27=1+1+1+1+1+1+1+1+1+2+2+2+2+5+5
322:27=1+1+1+1+1+1+1+1+1+2+2+2+3+9
323:27=1+1+1+1+1+1+1+1+1+2+2+2+3+3+6
324:27=1+1+1+1+1+1+1+1+1+2+2+2+3+3+3+3
325:27=1+1+1+1+1+1+1+1+1+2+2+2+3+4+5
326:27=1+1+1+1+1+1+1+1+1+2+2+2+4+8
327:27=1+1+1+1+1+1+1+1+1+2+2+2+4+4+4
328:27=1+1+1+1+1+1+1+1+1+2+2+2+5+7
329:27=1+1+1+1+1+1+1+1+1+2+2+2+6+6
330:27=1+1+1+1+1+1+1+1+1+2+2+3+11
331:27=1+1+1+1+1+1+1+1+1+2+2+3+3+8
332:27=1+1+1+1+1+1+1+1+1+2+2+3+3+3+5
333:27=1+1+1+1+1+1+1+1+1+2+2+3+3+4+4
334:27=1+1+1+1+1+1+1+1+1+2+2+3+4+7
335:27=1+1+1+1+1+1+1+1+1+2+2+3+5+6
336:27=1+1+1+1+1+1+1+1+1+2+2+4+10
337:27=1+1+1+1+1+1+1+1+1+2+2+4+4+6
338:27=1+1+1+1+1+1+1+1+1+2+2+4+5+5
339:27=1+1+1+1+1+1+1+1+1+2+2+5+9
340:27=1+1+1+1+1+1+1+1+1+2+2+6+8
341:27=1+1+1+1+1+1+1+1+1+2+2+7+7
342:27=1+1+1+1+1+1+1+1+1+2+3+13
343:27=1+1+1+1+1+1+1+1+1+2+3+3+10
344:27=1+1+1+1+1+1+1+1+1+2+3+3+3+7
345:27=1+1+1+1+1+1+1+1+1+2+3+3+3+3+4
346:27=1+1+1+1+1+1+1+1+1+2+3+3+4+6
347:27=1+1+1+1+1+1+1+1+1+2+3+3+5+5
348:27=1+1+1+1+1+1+1+1+1+2+3+4+9
349:27=1+1+1+1+1+1+1+1+1+2+3+4+4+5
350:27=1+1+1+1+1+1+1+1+1+2+3+5+8
351:27=1+1+1+1+1+1+1+1+1+2+3+6+7
352:27=1+1+1+1+1+1+1+1+1+2+4+12
353:27=1+1+1+1+1+1+1+1+1+2+4+4+8
354:27=1+1+1+1+1+1+1+1+1+2+4+4+4+4
355:27=1+1+1+1+1+1+1+1+1+2+4+5+7
356:27=1+1+1+1+1+1+1+1+1+2+4+6+6
357:27=1+1+1+1+1+1+1+1+1+2+5+11
358:27=1+1+1+1+1+1+1+1+1+2+5+5+6
359:27=1+1+1+1+1+1+1+1+1+2+6+10
360:27=1+1+1+1+1+1+1+1+1+2+7+9
361:27=1+1+1+1+1+1+1+1+1+2+8+8
362:27=1+1+1+1+1+1+1+1+1+3+15
363:27=1+1+1+1+1+1+1+1+1+3+3+12
364:27=1+1+1+1+1+1+1+1+1+3+3+3+9
365:27=1+1+1+1+1+1+1+1+1+3+3+3+3+6
366:27=1+1+1+1+1+1+1+1+1+3+3+3+3+3+3
367:27=1+1+1+1+1+1+1+1+1+3+3+3+4+5
368:27=1+1+1+1+1+1+1+1+1+3+3+4+8
369:27=1+1+1+1+1+1+1+1+1+3+3+4+4+4
370:27=1+1+1+1+1+1+1+1+1+3+3+5+7
371:27=1+1+1+1+1+1+1+1+1+3+3+6+6
372:27=1+1+1+1+1+1+1+1+1+3+4+11
373:27=1+1+1+1+1+1+1+1+1+3+4+4+7
374:27=1+1+1+1+1+1+1+1+1+3+4+5+6
375:27=1+1+1+1+1+1+1+1+1+3+5+10
376:27=1+1+1+1+1+1+1+1+1+3+5+5+5
377:27=1+1+1+1+1+1+1+1+1+3+6+9
378:27=1+1+1+1+1+1+1+1+1+3+7+8
379:27=1+1+1+1+1+1+1+1+1+4+14
380:27=1+1+1+1+1+1+1+1+1+4+4+10
381:27=1+1+1+1+1+1+1+1+1+4+4+4+6
382:27=1+1+1+1+1+1+1+1+1+4+4+5+5
383:27=1+1+1+1+1+1+1+1+1+4+5+9
384:27=1+1+1+1+1+1+1+1+1+4+6+8
385:27=1+1+1+1+1+1+1+1+1+4+7+7
386:27=1+1+1+1+1+1+1+1+1+5+13
387:27=1+1+1+1+1+1+1+1+1+5+5+8
388:27=1+1+1+1+1+1+1+1+1+5+6+7
389:27=1+1+1+1+1+1+1+1+1+6+12
390:27=1+1+1+1+1+1+1+1+1+6+6+6
391:27=1+1+1+1+1+1+1+1+1+7+11
392:27=1+1+1+1+1+1+1+1+1+8+10
393:27=1+1+1+1+1+1+1+1+1+9+9
394:27=1+1+1+1+1+1+1+1+2+17
395:27=1+1+1+1+1+1+1+1+2+2+15
396:27=1+1+1+1+1+1+1+1+2+2+2+13
397:27=1+1+1+1+1+1+1+1+2+2+2+2+11
398:27=1+1+1+1+1+1+1+1+2+2+2+2+2+9
399:27=1+1+1+1+1+1+1+1+2+2+2+2+2+2+7
400:27=1+1+1+1+1+1+1+1+2+2+2+2+2+2+2+5
401:27=1+1+1+1+1+1+1+1+2+2+2+2+2+2+2+2+3
402:27=1+1+1+1+1+1+1+1+2+2+2+2+2+2+3+4
403:27=1+1+1+1+1+1+1+1+2+2+2+2+2+3+6
404:27=1+1+1+1+1+1+1+1+2+2+2+2+2+3+3+3
405:27=1+1+1+1+1+1+1+1+2+2+2+2+2+4+5
406:27=1+1+1+1+1+1+1+1+2+2+2+2+3+8
407:27=1+1+1+1+1+1+1+1+2+2+2+2+3+3+5
408:27=1+1+1+1+1+1+1+1+2+2+2+2+3+4+4
409:27=1+1+1+1+1+1+1+1+2+2+2+2+4+7
410:27=1+1+1+1+1+1+1+1+2+2+2+2+5+6
411:27=1+1+1+1+1+1+1+1+2+2+2+3+10
412:27=1+1+1+1+1+1+1+1+2+2+2+3+3+7
413:27=1+1+1+1+1+1+1+1+2+2+2+3+3+3+4
414:27=1+1+1+1+1+1+1+1+2+2+2+3+4+6
415:27=1+1+1+1+1+1+1+1+2+2+2+3+5+5
416:27=1+1+1+1+1+1+1+1+2+2+2+4+9
417:27=1+1+1+1+1+1+1+1+2+2+2+4+4+5
418:27=1+1+1+1+1+1+1+1+2+2+2+5+8
419:27=1+1+1+1+1+1+1+1+2+2+2+6+7
420:27=1+1+1+1+1+1+1+1+2+2+3+12
421:27=1+1+1+1+1+1+1+1+2+2+3+3+9
422:27=1+1+1+1+1+1+1+1+2+2+3+3+3+6
423:27=1+1+1+1+1+1+1+1+2+2+3+3+3+3+3
424:27=1+1+1+1+1+1+1+1+2+2+3+3+4+5
425:27=1+1+1+1+1+1+1+1+2+2+3+4+8
426:27=1+1+1+1+1+1+1+1+2+2+3+4+4+4
427:27=1+1+1+1+1+1+1+1+2+2+3+5+7
428:27=1+1+1+1+1+1+1+1+2+2+3+6+6
429:27=1+1+1+1+1+1+1+1+2+2+4+11
430:27=1+1+1+1+1+1+1+1+2+2+4+4+7
431:27=1+1+1+1+1+1+1+1+2+2+4+5+6
432:27=1+1+1+1+1+1+1+1+2+2+5+10
433:27=1+1+1+1+1+1+1+1+2+2+5+5+5
434:27=1+1+1+1+1+1+1+1+2+2+6+9
435:27=1+1+1+1+1+1+1+1+2+2+7+8
436:27=1+1+1+1+1+1+1+1+2+3+14
437:27=1+1+1+1+1+1+1+1+2+3+3+11
438:27=1+1+1+1+1+1+1+1+2+3+3+3+8
439:27=1+1+1+1+1+1+1+1+2+3+3+3+3+5
440:27=1+1+1+1+1+1+1+1+2+3+3+3+4+4
441:27=1+1+1+1+1+1+1+1+2+3+3+4+7
442:27=1+1+1+1+1+1+1+1+2+3+3+5+6
443:27=1+1+1+1+1+1+1+1+2+3+4+10
444:27=1+1+1+1+1+1+1+1+2+3+4+4+6
445:27=1+1+1+1+1+1+1+1+2+3+4+5+5
446:27=1+1+1+1+1+1+1+1+2+3+5+9
447:27=1+1+1+1+1+1+1+1+2+3+6+8
448:27=1+1+1+1+1+1+1+1+2+3+7+7
449:27=1+1+1+1+1+1+1+1+2+4+13
450:27=1+1+1+1+1+1+1+1+2+4+4+9
451:27=1+1+1+1+1+1+1+1+2+4+4+4+5
452:27=1+1+1+1+1+1+1+1+2+4+5+8
453:27=1+1+1+1+1+1+1+1+2+4+6+7
454:27=1+1+1+1+1+1+1+1+2+5+12
455:27=1+1+1+1+1+1+1+1+2+5+5+7
456:27=1+1+1+1+1+1+1+1+2+5+6+6
457:27=1+1+1+1+1+1+1+1+2+6+11
458:27=1+1+1+1+1+1+1+1+2+7+10
459:27=1+1+1+1+1+1+1+1+2+8+9
460:27=1+1+1+1+1+1+1+1+3+16
461:27=1+1+1+1+1+1+1+1+3+3+13
462:27=1+1+1+1+1+1+1+1+3+3+3+10
463:27=1+1+1+1+1+1+1+1+3+3+3+3+7
464:27=1+1+1+1+1+1+1+1+3+3+3+3+3+4
465:27=1+1+1+1+1+1+1+1+3+3+3+4+6
466:27=1+1+1+1+1+1+1+1+3+3+3+5+5
467:27=1+1+1+1+1+1+1+1+3+3+4+9
468:27=1+1+1+1+1+1+1+1+3+3+4+4+5
469:27=1+1+1+1+1+1+1+1+3+3+5+8
470:27=1+1+1+1+1+1+1+1+3+3+6+7
471:27=1+1+1+1+1+1+1+1+3+4+12
472:27=1+1+1+1+1+1+1+1+3+4+4+8
473:27=1+1+1+1+1+1+1+1+3+4+4+4+4
474:27=1+1+1+1+1+1+1+1+3+4+5+7
475:27=1+1+1+1+1+1+1+1+3+4+6+6
476:27=1+1+1+1+1+1+1+1+3+5+11
477:27=1+1+1+1+1+1+1+1+3+5+5+6
478:27=1+1+1+1+1+1+1+1+3+6+10
479:27=1+1+1+1+1+1+1+1+3+7+9
480:27=1+1+1+1+1+1+1+1+3+8+8
481:27=1+1+1+1+1+1+1+1+4+15
482:27=1+1+1+1+1+1+1+1+4+4+11
483:27=1+1+1+1+1+1+1+1+4+4+4+7
484:27=1+1+1+1+1+1+1+1+4+4+5+6
485:27=1+1+1+1+1+1+1+1+4+5+10
486:27=1+1+1+1+1+1+1+1+4+5+5+5
487:27=1+1+1+1+1+1+1+1+4+6+9
488:27=1+1+1+1+1+1+1+1+4+7+8
489:27=1+1+1+1+1+1+1+1+5+14
490:27=1+1+1+1+1+1+1+1+5+5+9
491:27=1+1+1+1+1+1+1+1+5+6+8
492:27=1+1+1+1+1+1+1+1+5+7+7
493:27=1+1+1+1+1+1+1+1+6+13
494:27=1+1+1+1+1+1+1+1+6+6+7
495:27=1+1+1+1+1+1+1+1+7+12
496:27=1+1+1+1+1+1+1+1+8+11
497:27=1+1+1+1+1+1+1+1+9+10
498:27=1+1+1+1+1+1+1+2+18
499:27=1+1+1+1+1+1+1+2+2+16
500:27=1+1+1+1+1+1+1+2+2+2+14
501:27=1+1+1+1+1+1+1+2+2+2+2+12
502:27=1+1+1+1+1+1+1+2+2+2+2+2+10
503:27=1+1+1+1+1+1+1+2+2+2+2+2+2+8
504:27=1+1+1+1+1+1+1+2+2+2+2+2+2+2+6
505:27=1+1+1+1+1+1+1+2+2+2+2+2+2+2+2+4
506:27=1+1+1+1+1+1+1+2+2+2+2+2+2+2+2+2+2
507:27=1+1+1+1+1+1+1+2+2+2+2+2+2+2+3+3
508:27=1+1+1+1+1+1+1+2+2+2+2+2+2+3+5
509:27=1+1+1+1+1+1+1+2+2+2+2+2+2+4+4
510:27=1+1+1+1+1+1+1+2+2+2+2+2+3+7
511:27=1+1+1+1+1+1+1+2+2+2+2+2+3+3+4
512:27=1+1+1+1+1+1+1+2+2+2+2+2+4+6
513:27=1+1+1+1+1+1+1+2+2+2+2+2+5+5
514:27=1+1+1+1+1+1+1+2+2+2+2+3+9
515:27=1+1+1+1+1+1+1+2+2+2+2+3+3+6
516:27=1+1+1+1+1+1+1+2+2+2+2+3+3+3+3
517:27=1+1+1+1+1+1+1+2+2+2+2+3+4+5
518:27=1+1+1+1+1+1+1+2+2+2+2+4+8
519:27=1+1+1+1+1+1+1+2+2+2+2+4+4+4
520:27=1+1+1+1+1+1+1+2+2+2+2+5+7
521:27=1+1+1+1+1+1+1+2+2+2+2+6+6
522:27=1+1+1+1+1+1+1+2+2+2+3+11
523:27=1+1+1+1+1+1+1+2+2+2+3+3+8
524:27=1+1+1+1+1+1+1+2+2+2+3+3+3+5
525:27=1+1+1+1+1+1+1+2+2+2+3+3+4+4
526:27=1+1+1+1+1+1+1+2+2+2+3+4+7
527:27=1+1+1+1+1+1+1+2+2+2+3+5+6
528:27=1+1+1+1+1+1+1+2+2+2+4+10
529:27=1+1+1+1+1+1+1+2+2+2+4+4+6
530:27=1+1+1+1+1+1+1+2+2+2+4+5+5
531:27=1+1+1+1+1+1+1+2+2+2+5+9
532:27=1+1+1+1+1+1+1+2+2+2+6+8
533:27=1+1+1+1+1+1+1+2+2+2+7+7
534:27=1+1+1+1+1+1+1+2+2+3+13
535:27=1+1+1+1+1+1+1+2+2+3+3+10
536:27=1+1+1+1+1+1+1+2+2+3+3+3+7
537:27=1+1+1+1+1+1+1+2+2+3+3+3+3+4
538:27=1+1+1+1+1+1+1+2+2+3+3+4+6
539:27=1+1+1+1+1+1+1+2+2+3+3+5+5
540:27=1+1+1+1+1+1+1+2+2+3+4+9
541:27=1+1+1+1+1+1+1+2+2+3+4+4+5
542:27=1+1+1+1+1+1+1+2+2+3+5+8
543:27=1+1+1+1+1+1+1+2+2+3+6+7
544:27=1+1+1+1+1+1+1+2+2+4+12
545:27=1+1+1+1+1+1+1+2+2+4+4+8
546:27=1+1+1+1+1+1+1+2+2+4+4+4+4
547:27=1+1+1+1+1+1+1+2+2+4+5+7
548:27=1+1+1+1+1+1+1+2+2+4+6+6
549:27=1+1+1+1+1+1+1+2+2+5+11
550:27=1+1+1+1+1+1+1+2+2+5+5+6
551:27=1+1+1+1+1+1+1+2+2+6+10
552:27=1+1+1+1+1+1+1+2+2+7+9
553:27=1+1+1+1+1+1+1+2+2+8+8
554:27=1+1+1+1+1+1+1+2+3+15
555:27=1+1+1+1+1+1+1+2+3+3+12
556:27=1+1+1+1+1+1+1+2+3+3+3+9
557:27=1+1+1+1+1+1+1+2+3+3+3+3+6
558:27=1+1+1+1+1+1+1+2+3+3+3+3+3+3
559:27=1+1+1+1+1+1+1+2+3+3+3+4+5
560:27=1+1+1+1+1+1+1+2+3+3+4+8
561:27=1+1+1+1+1+1+1+2+3+3+4+4+4
562:27=1+1+1+1+1+1+1+2+3+3+5+7
563:27=1+1+1+1+1+1+1+2+3+3+6+6
564:27=1+1+1+1+1+1+1+2+3+4+11
565:27=1+1+1+1+1+1+1+2+3+4+4+7
566:27=1+1+1+1+1+1+1+2+3+4+5+6
567:27=1+1+1+1+1+1+1+2+3+5+10
568:27=1+1+1+1+1+1+1+2+3+5+5+5
569:27=1+1+1+1+1+1+1+2+3+6+9
570:27=1+1+1+1+1+1+1+2+3+7+8
571:27=1+1+1+1+1+1+1+2+4+14
572:27=1+1+1+1+1+1+1+2+4+4+10
573:27=1+1+1+1+1+1+1+2+4+4+4+6
574:27=1+1+1+1+1+1+1+2+4+4+5+5
575:27=1+1+1+1+1+1+1+2+4+5+9
576:27=1+1+1+1+1+1+1+2+4+6+8
577:27=1+1+1+1+1+1+1+2+4+7+7
578:27=1+1+1+1+1+1+1+2+5+13
579:27=1+1+1+1+1+1+1+2+5+5+8
580:27=1+1+1+1+1+1+1+2+5+6+7
581:27=1+1+1+1+1+1+1+2+6+12
582:27=1+1+1+1+1+1+1+2+6+6+6
583:27=1+1+1+1+1+1+1+2+7+11
584:27=1+1+1+1+1+1+1+2+8+10
585:27=1+1+1+1+1+1+1+2+9+9
586:27=1+1+1+1+1+1+1+3+17
587:27=1+1+1+1+1+1+1+3+3+14
588:27=1+1+1+1+1+1+1+3+3+3+11
589:27=1+1+1+1+1+1+1+3+3+3+3+8
590:27=1+1+1+1+1+1+1+3+3+3+3+3+5
591:27=1+1+1+1+1+1+1+3+3+3+3+4+4
592:27=1+1+1+1+1+1+1+3+3+3+4+7
593:27=1+1+1+1+1+1+1+3+3+3+5+6
594:27=1+1+1+1+1+1+1+3+3+4+10
595:27=1+1+1+1+1+1+1+3+3+4+4+6
596:27=1+1+1+1+1+1+1+3+3+4+5+5
597:27=1+1+1+1+1+1+1+3+3+5+9
598:27=1+1+1+1+1+1+1+3+3+6+8
599:27=1+1+1+1+1+1+1+3+3+7+7
600:27=1+1+1+1+1+1+1+3+4+13
601:27=1+1+1+1+1+1+1+3+4+4+9
602:27=1+1+1+1+1+1+1+3+4+4+4+5
603:27=1+1+1+1+1+1+1+3+4+5+8
604:27=1+1+1+1+1+1+1+3+4+6+7
605:27=1+1+1+1+1+1+1+3+5+12
606:27=1+1+1+1+1+1+1+3+5+5+7
607:27=1+1+1+1+1+1+1+3+5+6+6
608:27=1+1+1+1+1+1+1+3+6+11
609:27=1+1+1+1+1+1+1+3+7+10
610:27=1+1+1+1+1+1+1+3+8+9
611:27=1+1+1+1+1+1+1+4+16
612:27=1+1+1+1+1+1+1+4+4+12
613:27=1+1+1+1+1+1+1+4+4+4+8
614:27=1+1+1+1+1+1+1+4+4+4+4+4
615:27=1+1+1+1+1+1+1+4+4+5+7
616:27=1+1+1+1+1+1+1+4+4+6+6
617:27=1+1+1+1+1+1+1+4+5+11
618:27=1+1+1+1+1+1+1+4+5+5+6
619:27=1+1+1+1+1+1+1+4+6+10
620:27=1+1+1+1+1+1+1+4+7+9
621:27=1+1+1+1+1+1+1+4+8+8
622:27=1+1+1+1+1+1+1+5+15
623:27=1+1+1+1+1+1+1+5+5+10
624:27=1+1+1+1+1+1+1+5+5+5+5
625:27=1+1+1+1+1+1+1+5+6+9
626:27=1+1+1+1+1+1+1+5+7+8
627:27=1+1+1+1+1+1+1+6+14
628:27=1+1+1+1+1+1+1+6+6+8
629:27=1+1+1+1+1+1+1+6+7+7
630:27=1+1+1+1+1+1+1+7+13
631:27=1+1+1+1+1+1+1+8+12
632:27=1+1+1+1+1+1+1+9+11
633:27=1+1+1+1+1+1+1+10+10
634:27=1+1+1+1+1+1+2+19
635:27=1+1+1+1+1+1+2+2+17
636:27=1+1+1+1+1+1+2+2+2+15
637:27=1+1+1+1+1+1+2+2+2+2+13
638:27=1+1+1+1+1+1+2+2+2+2+2+11
639:27=1+1+1+1+1+1+2+2+2+2+2+2+9
640:27=1+1+1+1+1+1+2+2+2+2+2+2+2+7
641:27=1+1+1+1+1+1+2+2+2+2+2+2+2+2+5
642:27=1+1+1+1+1+1+2+2+2+2+2+2+2+2+2+3
643:27=1+1+1+1+1+1+2+2+2+2+2+2+2+3+4
644:27=1+1+1+1+1+1+2+2+2+2+2+2+3+6
645:27=1+1+1+1+1+1+2+2+2+2+2+2+3+3+3
646:27=1+1+1+1+1+1+2+2+2+2+2+2+4+5
647:27=1+1+1+1+1+1+2+2+2+2+2+3+8
648:27=1+1+1+1+1+1+2+2+2+2+2+3+3+5
649:27=1+1+1+1+1+1+2+2+2+2+2+3+4+4
650:27=1+1+1+1+1+1+2+2+2+2+2+4+7
651:27=1+1+1+1+1+1+2+2+2+2+2+5+6
652:27=1+1+1+1+1+1+2+2+2+2+3+10
653:27=1+1+1+1+1+1+2+2+2+2+3+3+7
654:27=1+1+1+1+1+1+2+2+2+2+3+3+3+4
655:27=1+1+1+1+1+1+2+2+2+2+3+4+6
656:27=1+1+1+1+1+1+2+2+2+2+3+5+5
657:27=1+1+1+1+1+1+2+2+2+2+4+9
658:27=1+1+1+1+1+1+2+2+2+2+4+4+5
659:27=1+1+1+1+1+1+2+2+2+2+5+8
660:27=1+1+1+1+1+1+2+2+2+2+6+7
661:27=1+1+1+1+1+1+2+2+2+3+12
662:27=1+1+1+1+1+1+2+2+2+3+3+9
663:27=1+1+1+1+1+1+2+2+2+3+3+3+6
664:27=1+1+1+1+1+1+2+2+2+3+3+3+3+3
665:27=1+1+1+1+1+1+2+2+2+3+3+4+5
666:27=1+1+1+1+1+1+2+2+2+3+4+8
667:27=1+1+1+1+1+1+2+2+2+3+4+4+4
668:27=1+1+1+1+1+1+2+2+2+3+5+7
669:27=1+1+1+1+1+1+2+2+2+3+6+6
670:27=1+1+1+1+1+1+2+2+2+4+11
671:27=1+1+1+1+1+1+2+2+2+4+4+7
672:27=1+1+1+1+1+1+2+2+2+4+5+6
673:27=1+1+1+1+1+1+2+2+2+5+10
674:27=1+1+1+1+1+1+2+2+2+5+5+5
675:27=1+1+1+1+1+1+2+2+2+6+9
676:27=1+1+1+1+1+1+2+2+2+7+8
677:27=1+1+1+1+1+1+2+2+3+14
678:27=1+1+1+1+1+1+2+2+3+3+11
679:27=1+1+1+1+1+1+2+2+3+3+3+8
680:27=1+1+1+1+1+1+2+2+3+3+3+3+5
681:27=1+1+1+1+1+1+2+2+3+3+3+4+4
682:27=1+1+1+1+1+1+2+2+3+3+4+7
683:27=1+1+1+1+1+1+2+2+3+3+5+6
684:27=1+1+1+1+1+1+2+2+3+4+10
685:27=1+1+1+1+1+1+2+2+3+4+4+6
686:27=1+1+1+1+1+1+2+2+3+4+5+5
687:27=1+1+1+1+1+1+2+2+3+5+9
688:27=1+1+1+1+1+1+2+2+3+6+8
689:27=1+1+1+1+1+1+2+2+3+7+7
690:27=1+1+1+1+1+1+2+2+4+13
691:27=1+1+1+1+1+1+2+2+4+4+9
692:27=1+1+1+1+1+1+2+2+4+4+4+5
693:27=1+1+1+1+1+1+2+2+4+5+8
694:27=1+1+1+1+1+1+2+2+4+6+7
695:27=1+1+1+1+1+1+2+2+5+12
696:27=1+1+1+1+1+1+2+2+5+5+7
697:27=1+1+1+1+1+1+2+2+5+6+6
698:27=1+1+1+1+1+1+2+2+6+11
699:27=1+1+1+1+1+1+2+2+7+10
700:27=1+1+1+1+1+1+2+2+8+9
701:27=1+1+1+1+1+1+2+3+16
702:27=1+1+1+1+1+1+2+3+3+13
703:27=1+1+1+1+1+1+2+3+3+3+10
704:27=1+1+1+1+1+1+2+3+3+3+3+7
705:27=1+1+1+1+1+1+2+3+3+3+3+3+4
706:27=1+1+1+1+1+1+2+3+3+3+4+6
707:27=1+1+1+1+1+1+2+3+3+3+5+5
708:27=1+1+1+1+1+1+2+3+3+4+9
709:27=1+1+1+1+1+1+2+3+3+4+4+5
710:27=1+1+1+1+1+1+2+3+3+5+8
711:27=1+1+1+1+1+1+2+3+3+6+7
712:27=1+1+1+1+1+1+2+3+4+12
713:27=1+1+1+1+1+1+2+3+4+4+8
714:27=1+1+1+1+1+1+2+3+4+4+4+4
715:27=1+1+1+1+1+1+2+3+4+5+7
716:27=1+1+1+1+1+1+2+3+4+6+6
717:27=1+1+1+1+1+1+2+3+5+11
718:27=1+1+1+1+1+1+2+3+5+5+6
719:27=1+1+1+1+1+1+2+3+6+10
720:27=1+1+1+1+1+1+2+3+7+9
721:27=1+1+1+1+1+1+2+3+8+8
722:27=1+1+1+1+1+1+2+4+15
723:27=1+1+1+1+1+1+2+4+4+11
724:27=1+1+1+1+1+1+2+4+4+4+7
725:27=1+1+1+1+1+1+2+4+4+5+6
726:27=1+1+1+1+1+1+2+4+5+10
727:27=1+1+1+1+1+1+2+4+5+5+5
728:27=1+1+1+1+1+1+2+4+6+9
729:27=1+1+1+1+1+1+2+4+7+8
730:27=1+1+1+1+1+1+2+5+14
731:27=1+1+1+1+1+1+2+5+5+9
732:27=1+1+1+1+1+1+2+5+6+8
733:27=1+1+1+1+1+1+2+5+7+7
734:27=1+1+1+1+1+1+2+6+13
735:27=1+1+1+1+1+1+2+6+6+7
736:27=1+1+1+1+1+1+2+7+12
737:27=1+1+1+1+1+1+2+8+11
738:27=1+1+1+1+1+1+2+9+10
739:27=1+1+1+1+1+1+3+18
740:27=1+1+1+1+1+1+3+3+15
741:27=1+1+1+1+1+1+3+3+3+12
742:27=1+1+1+1+1+1+3+3+3+3+9
743:27=1+1+1+1+1+1+3+3+3+3+3+6
744:27=1+1+1+1+1+1+3+3+3+3+3+3+3
745:27=1+1+1+1+1+1+3+3+3+3+4+5
746:27=1+1+1+1+1+1+3+3+3+4+8
747:27=1+1+1+1+1+1+3+3+3+4+4+4
748:27=1+1+1+1+1+1+3+3+3+5+7
749:27=1+1+1+1+1+1+3+3+3+6+6
750:27=1+1+1+1+1+1+3+3+4+11
751:27=1+1+1+1+1+1+3+3+4+4+7
752:27=1+1+1+1+1+1+3+3+4+5+6
753:27=1+1+1+1+1+1+3+3+5+10
754:27=1+1+1+1+1+1+3+3+5+5+5
755:27=1+1+1+1+1+1+3+3+6+9
756:27=1+1+1+1+1+1+3+3+7+8
757:27=1+1+1+1+1+1+3+4+14
758:27=1+1+1+1+1+1+3+4+4+10
759:27=1+1+1+1+1+1+3+4+4+4+6
760:27=1+1+1+1+1+1+3+4+4+5+5
761:27=1+1+1+1+1+1+3+4+5+9
762:27=1+1+1+1+1+1+3+4+6+8
763:27=1+1+1+1+1+1+3+4+7+7
764:27=1+1+1+1+1+1+3+5+13
765:27=1+1+1+1+1+1+3+5+5+8
766:27=1+1+1+1+1+1+3+5+6+7
767:27=1+1+1+1+1+1+3+6+12
768:27=1+1+1+1+1+1+3+6+6+6
769:27=1+1+1+1+1+1+3+7+11
770:27=1+1+1+1+1+1+3+8+10
771:27=1+1+1+1+1+1+3+9+9
772:27=1+1+1+1+1+1+4+17
773:27=1+1+1+1+1+1+4+4+13
774:27=1+1+1+1+1+1+4+4+4+9
775:27=1+1+1+1+1+1+4+4+4+4+5
776:27=1+1+1+1+1+1+4+4+5+8
777:27=1+1+1+1+1+1+4+4+6+7
778:27=1+1+1+1+1+1+4+5+12
779:27=1+1+1+1+1+1+4+5+5+7
780:27=1+1+1+1+1+1+4+5+6+6
781:27=1+1+1+1+1+1+4+6+11
782:27=1+1+1+1+1+1+4+7+10
783:27=1+1+1+1+1+1+4+8+9
784:27=1+1+1+1+1+1+5+16
785:27=1+1+1+1+1+1+5+5+11
786:27=1+1+1+1+1+1+5+5+5+6
787:27=1+1+1+1+1+1+5+6+10
788:27=1+1+1+1+1+1+5+7+9
789:27=1+1+1+1+1+1+5+8+8
790:27=1+1+1+1+1+1+6+15
791:27=1+1+1+1+1+1+6+6+9
792:27=1+1+1+1+1+1+6+7+8
793:27=1+1+1+1+1+1+7+14
794:27=1+1+1+1+1+1+7+7+7
795:27=1+1+1+1+1+1+8+13
796:27=1+1+1+1+1+1+9+12
797:27=1+1+1+1+1+1+10+11
798:27=1+1+1+1+1+2+20
799:27=1+1+1+1+1+2+2+18
800:27=1+1+1+1+1+2+2+2+16
801:27=1+1+1+1+1+2+2+2+2+14
802:27=1+1+1+1+1+2+2+2+2+2+12
803:27=1+1+1+1+1+2+2+2+2+2+2+10
804:27=1+1+1+1+1+2+2+2+2+2+2+2+8
805:27=1+1+1+1+1+2+2+2+2+2+2+2+2+6
806:27=1+1+1+1+1+2+2+2+2+2+2+2+2+2+4
807:27=1+1+1+1+1+2+2+2+2+2+2+2+2+2+2+2
808:27=1+1+1+1+1+2+2+2+2+2+2+2+2+3+3
809:27=1+1+1+1+1+2+2+2+2+2+2+2+3+5
810:27=1+1+1+1+1+2+2+2+2+2+2+2+4+4
811:27=1+1+1+1+1+2+2+2+2+2+2+3+7
812:27=1+1+1+1+1+2+2+2+2+2+2+3+3+4
813:27=1+1+1+1+1+2+2+2+2+2+2+4+6
814:27=1+1+1+1+1+2+2+2+2+2+2+5+5
815:27=1+1+1+1+1+2+2+2+2+2+3+9
816:27=1+1+1+1+1+2+2+2+2+2+3+3+6
817:27=1+1+1+1+1+2+2+2+2+2+3+3+3+3
818:27=1+1+1+1+1+2+2+2+2+2+3+4+5
819:27=1+1+1+1+1+2+2+2+2+2+4+8
820:27=1+1+1+1+1+2+2+2+2+2+4+4+4
821:27=1+1+1+1+1+2+2+2+2+2+5+7
822:27=1+1+1+1+1+2+2+2+2+2+6+6
823:27=1+1+1+1+1+2+2+2+2+3+11
824:27=1+1+1+1+1+2+2+2+2+3+3+8
825:27=1+1+1+1+1+2+2+2+2+3+3+3+5
826:27=1+1+1+1+1+2+2+2+2+3+3+4+4
827:27=1+1+1+1+1+2+2+2+2+3+4+7
828:27=1+1+1+1+1+2+2+2+2+3+5+6
829:27=1+1+1+1+1+2+2+2+2+4+10
830:27=1+1+1+1+1+2+2+2+2+4+4+6
831:27=1+1+1+1+1+2+2+2+2+4+5+5
832:27=1+1+1+1+1+2+2+2+2+5+9
833:27=1+1+1+1+1+2+2+2+2+6+8
834:27=1+1+1+1+1+2+2+2+2+7+7
835:27=1+1+1+1+1+2+2+2+3+13
836:27=1+1+1+1+1+2+2+2+3+3+10
837:27=1+1+1+1+1+2+2+2+3+3+3+7
838:27=1+1+1+1+1+2+2+2+3+3+3+3+4
839:27=1+1+1+1+1+2+2+2+3+3+4+6
840:27=1+1+1+1+1+2+2+2+3+3+5+5
841:27=1+1+1+1+1+2+2+2+3+4+9
842:27=1+1+1+1+1+2+2+2+3+4+4+5
843:27=1+1+1+1+1+2+2+2+3+5+8
844:27=1+1+1+1+1+2+2+2+3+6+7
845:27=1+1+1+1+1+2+2+2+4+12
846:27=1+1+1+1+1+2+2+2+4+4+8
847:27=1+1+1+1+1+2+2+2+4+4+4+4
848:27=1+1+1+1+1+2+2+2+4+5+7
849:27=1+1+1+1+1+2+2+2+4+6+6
850:27=1+1+1+1+1+2+2+2+5+11
851:27=1+1+1+1+1+2+2+2+5+5+6
852:27=1+1+1+1+1+2+2+2+6+10
853:27=1+1+1+1+1+2+2+2+7+9
854:27=1+1+1+1+1+2+2+2+8+8
855:27=1+1+1+1+1+2+2+3+15
856:27=1+1+1+1+1+2+2+3+3+12
857:27=1+1+1+1+1+2+2+3+3+3+9
858:27=1+1+1+1+1+2+2+3+3+3+3+6
859:27=1+1+1+1+1+2+2+3+3+3+3+3+3
860:27=1+1+1+1+1+2+2+3+3+3+4+5
861:27=1+1+1+1+1+2+2+3+3+4+8
862:27=1+1+1+1+1+2+2+3+3+4+4+4
863:27=1+1+1+1+1+2+2+3+3+5+7
864:27=1+1+1+1+1+2+2+3+3+6+6
865:27=1+1+1+1+1+2+2+3+4+11
866:27=1+1+1+1+1+2+2+3+4+4+7
867:27=1+1+1+1+1+2+2+3+4+5+6
868:27=1+1+1+1+1+2+2+3+5+10
869:27=1+1+1+1+1+2+2+3+5+5+5
870:27=1+1+1+1+1+2+2+3+6+9
871:27=1+1+1+1+1+2+2+3+7+8
872:27=1+1+1+1+1+2+2+4+14
873:27=1+1+1+1+1+2+2+4+4+10
874:27=1+1+1+1+1+2+2+4+4+4+6
875:27=1+1+1+1+1+2+2+4+4+5+5
876:27=1+1+1+1+1+2+2+4+5+9
877:27=1+1+1+1+1+2+2+4+6+8
878:27=1+1+1+1+1+2+2+4+7+7
879:27=1+1+1+1+1+2+2+5+13
880:27=1+1+1+1+1+2+2+5+5+8
881:27=1+1+1+1+1+2+2+5+6+7
882:27=1+1+1+1+1+2+2+6+12
883:27=1+1+1+1+1+2+2+6+6+6
884:27=1+1+1+1+1+2+2+7+11
885:27=1+1+1+1+1+2+2+8+10
886:27=1+1+1+1+1+2+2+9+9
887:27=1+1+1+1+1+2+3+17
888:27=1+1+1+1+1+2+3+3+14
889:27=1+1+1+1+1+2+3+3+3+11
890:27=1+1+1+1+1+2+3+3+3+3+8
891:27=1+1+1+1+1+2+3+3+3+3+3+5
892:27=1+1+1+1+1+2+3+3+3+3+4+4
893:27=1+1+1+1+1+2+3+3+3+4+7
894:27=1+1+1+1+1+2+3+3+3+5+6
895:27=1+1+1+1+1+2+3+3+4+10
896:27=1+1+1+1+1+2+3+3+4+4+6
897:27=1+1+1+1+1+2+3+3+4+5+5
898:27=1+1+1+1+1+2+3+3+5+9
899:27=1+1+1+1+1+2+3+3+6+8
900:27=1+1+1+1+1+2+3+3+7+7
901:27=1+1+1+1+1+2+3+4+13
902:27=1+1+1+1+1+2+3+4+4+9
903:27=1+1+1+1+1+2+3+4+4+4+5
904:27=1+1+1+1+1+2+3+4+5+8
905:27=1+1+1+1+1+2+3+4+6+7
906:27=1+1+1+1+1+2+3+5+12
907:27=1+1+1+1+1+2+3+5+5+7
908:27=1+1+1+1+1+2+3+5+6+6
909:27=1+1+1+1+1+2+3+6+11
910:27=1+1+1+1+1+2+3+7+10
911:27=1+1+1+1+1+2+3+8+9
912:27=1+1+1+1+1+2+4+16
913:27=1+1+1+1+1+2+4+4+12
914:27=1+1+1+1+1+2+4+4+4+8
915:27=1+1+1+1+1+2+4+4+4+4+4
916:27=1+1+1+1+1+2+4+4+5+7
917:27=1+1+1+1+1+2+4+4+6+6
918:27=1+1+1+1+1+2+4+5+11
919:27=1+1+1+1+1+2+4+5+5+6
920:27=1+1+1+1+1+2+4+6+10
921:27=1+1+1+1+1+2+4+7+9
922:27=1+1+1+1+1+2+4+8+8
923:27=1+1+1+1+1+2+5+15
924:27=1+1+1+1+1+2+5+5+10
925:27=1+1+1+1+1+2+5+5+5+5
926:27=1+1+1+1+1+2+5+6+9
927:27=1+1+1+1+1+2+5+7+8
928:27=1+1+1+1+1+2+6+14
929:27=1+1+1+1+1+2+6+6+8
930:27=1+1+1+1+1+2+6+7+7
931:27=1+1+1+1+1+2+7+13
932:27=1+1+1+1+1+2+8+12
933:27=1+1+1+1+1+2+9+11
934:27=1+1+1+1+1+2+10+10
935:27=1+1+1+1+1+3+19
936:27=1+1+1+1+1+3+3+16
937:27=1+1+1+1+1+3+3+3+13
938:27=1+1+1+1+1+3+3+3+3+10
939:27=1+1+1+1+1+3+3+3+3+3+7
940:27=1+1+1+1+1+3+3+3+3+3+3+4
941:27=1+1+1+1+1+3+3+3+3+4+6
942:27=1+1+1+1+1+3+3+3+3+5+5
943:27=1+1+1+1+1+3+3+3+4+9
944:27=1+1+1+1+1+3+3+3+4+4+5
945:27=1+1+1+1+1+3+3+3+5+8
946:27=1+1+1+1+1+3+3+3+6+7
947:27=1+1+1+1+1+3+3+4+12
948:27=1+1+1+1+1+3+3+4+4+8
949:27=1+1+1+1+1+3+3+4+4+4+4
950:27=1+1+1+1+1+3+3+4+5+7
951:27=1+1+1+1+1+3+3+4+6+6
952:27=1+1+1+1+1+3+3+5+11
953:27=1+1+1+1+1+3+3+5+5+6
954:27=1+1+1+1+1+3+3+6+10
955:27=1+1+1+1+1+3+3+7+9
956:27=1+1+1+1+1+3+3+8+8
957:27=1+1+1+1+1+3+4+15
958:27=1+1+1+1+1+3+4+4+11
959:27=1+1+1+1+1+3+4+4+4+7
960:27=1+1+1+1+1+3+4+4+5+6
961:27=1+1+1+1+1+3+4+5+10
962:27=1+1+1+1+1+3+4+5+5+5
963:27=1+1+1+1+1+3+4+6+9
964:27=1+1+1+1+1+3+4+7+8
965:27=1+1+1+1+1+3+5+14
966:27=1+1+1+1+1+3+5+5+9
967:27=1+1+1+1+1+3+5+6+8
968:27=1+1+1+1+1+3+5+7+7
969:27=1+1+1+1+1+3+6+13
970:27=1+1+1+1+1+3+6+6+7
971:27=1+1+1+1+1+3+7+12
972:27=1+1+1+1+1+3+8+11
973:27=1+1+1+1+1+3+9+10
974:27=1+1+1+1+1+4+18
975:27=1+1+1+1+1+4+4+14
976:27=1+1+1+1+1+4+4+4+10
977:27=1+1+1+1+1+4+4+4+4+6
978:27=1+1+1+1+1+4+4+4+5+5
979:27=1+1+1+1+1+4+4+5+9
980:27=1+1+1+1+1+4+4+6+8
981:27=1+1+1+1+1+4+4+7+7
982:27=1+1+1+1+1+4+5+13
983:27=1+1+1+1+1+4+5+5+8
984:27=1+1+1+1+1+4+5+6+7
985:27=1+1+1+1+1+4+6+12
986:27=1+1+1+1+1+4+6+6+6
987:27=1+1+1+1+1+4+7+11
988:27=1+1+1+1+1+4+8+10
989:27=1+1+1+1+1+4+9+9
990:27=1+1+1+1+1+5+17
991:27=1+1+1+1+1+5+5+12
992:27=1+1+1+1+1+5+5+5+7
993:27=1+1+1+1+1+5+5+6+6
994:27=1+1+1+1+1+5+6+11
995:27=1+1+1+1+1+5+7+10
996:27=1+1+1+1+1+5+8+9
997:27=1+1+1+1+1+6+16
998:27=1+1+1+1+1+6+6+10
999:27=1+1+1+1+1+6+7+9
1000:27=1+1+1+1+1+6+8+8
1001:27=1+1+1+1+1+7+15
1002:27=1+1+1+1+1+7+7+8
1003:27=1+1+1+1+1+8+14
1004:27=1+1+1+1+1+9+13
1005:27=1+1+1+1+1+10+12
1006:27=1+1+1+1+1+11+11
1007:27=1+1+1+1+2+21
1008:27=1+1+1+1+2+2+19
1009:27=1+1+1+1+2+2+2+17
1010:27=1+1+1+1+2+2+2+2+15
1011:27=1+1+1+1+2+2+2+2+2+13
1012:27=1+1+1+1+2+2+2+2+2+2+11
1013:27=1+1+1+1+2+2+2+2+2+2+2+9
1014:27=1+1+1+1+2+2+2+2+2+2+2+2+7
1015:27=1+1+1+1+2+2+2+2+2+2+2+2+2+5
1016:27=1+1+1+1+2+2+2+2+2+2+2+2+2+2+3
1017:27=1+1+1+1+2+2+2+2+2+2+2+2+3+4
1018:27=1+1+1+1+2+2+2+2+2+2+2+3+6
1019:27=1+1+1+1+2+2+2+2+2+2+2+3+3+3
1020:27=1+1+1+1+2+2+2+2+2+2+2+4+5
1021:27=1+1+1+1+2+2+2+2+2+2+3+8
1022:27=1+1+1+1+2+2+2+2+2+2+3+3+5
1023:27=1+1+1+1+2+2+2+2+2+2+3+4+4
1024:27=1+1+1+1+2+2+2+2+2+2+4+7
1025:27=1+1+1+1+2+2+2+2+2+2+5+6
1026:27=1+1+1+1+2+2+2+2+2+3+10
1027:27=1+1+1+1+2+2+2+2+2+3+3+7
1028:27=1+1+1+1+2+2+2+2+2+3+3+3+4
1029:27=1+1+1+1+2+2+2+2+2+3+4+6
1030:27=1+1+1+1+2+2+2+2+2+3+5+5
1031:27=1+1+1+1+2+2+2+2+2+4+9
1032:27=1+1+1+1+2+2+2+2+2+4+4+5
1033:27=1+1+1+1+2+2+2+2+2+5+8
1034:27=1+1+1+1+2+2+2+2+2+6+7
1035:27=1+1+1+1+2+2+2+2+3+12
1036:27=1+1+1+1+2+2+2+2+3+3+9
1037:27=1+1+1+1+2+2+2+2+3+3+3+6
1038:27=1+1+1+1+2+2+2+2+3+3+3+3+3
1039:27=1+1+1+1+2+2+2+2+3+3+4+5
1040:27=1+1+1+1+2+2+2+2+3+4+8
1041:27=1+1+1+1+2+2+2+2+3+4+4+4
1042:27=1+1+1+1+2+2+2+2+3+5+7
1043:27=1+1+1+1+2+2+2+2+3+6+6
1044:27=1+1+1+1+2+2+2+2+4+11
1045:27=1+1+1+1+2+2+2+2+4+4+7
1046:27=1+1+1+1+2+2+2+2+4+5+6
1047:27=1+1+1+1+2+2+2+2+5+10
1048:27=1+1+1+1+2+2+2+2+5+5+5
1049:27=1+1+1+1+2+2+2+2+6+9
1050:27=1+1+1+1+2+2+2+2+7+8
1051:27=1+1+1+1+2+2+2+3+14
1052:27=1+1+1+1+2+2+2+3+3+11
1053:27=1+1+1+1+2+2+2+3+3+3+8
1054:27=1+1+1+1+2+2+2+3+3+3+3+5
1055:27=1+1+1+1+2+2+2+3+3+3+4+4
1056:27=1+1+1+1+2+2+2+3+3+4+7
1057:27=1+1+1+1+2+2+2+3+3+5+6
1058:27=1+1+1+1+2+2+2+3+4+10
1059:27=1+1+1+1+2+2+2+3+4+4+6
1060:27=1+1+1+1+2+2+2+3+4+5+5
1061:27=1+1+1+1+2+2+2+3+5+9
1062:27=1+1+1+1+2+2+2+3+6+8
1063:27=1+1+1+1+2+2+2+3+7+7
1064:27=1+1+1+1+2+2+2+4+13
1065:27=1+1+1+1+2+2+2+4+4+9
1066:27=1+1+1+1+2+2+2+4+4+4+5
1067:27=1+1+1+1+2+2+2+4+5+8
1068:27=1+1+1+1+2+2+2+4+6+7
1069:27=1+1+1+1+2+2+2+5+12
1070:27=1+1+1+1+2+2+2+5+5+7
1071:27=1+1+1+1+2+2+2+5+6+6
1072:27=1+1+1+1+2+2+2+6+11
1073:27=1+1+1+1+2+2+2+7+10
1074:27=1+1+1+1+2+2+2+8+9
1075:27=1+1+1+1+2+2+3+16
1076:27=1+1+1+1+2+2+3+3+13
1077:27=1+1+1+1+2+2+3+3+3+10
1078:27=1+1+1+1+2+2+3+3+3+3+7
1079:27=1+1+1+1+2+2+3+3+3+3+3+4
1080:27=1+1+1+1+2+2+3+3+3+4+6
1081:27=1+1+1+1+2+2+3+3+3+5+5
1082:27=1+1+1+1+2+2+3+3+4+9
1083:27=1+1+1+1+2+2+3+3+4+4+5
1084:27=1+1+1+1+2+2+3+3+5+8
1085:27=1+1+1+1+2+2+3+3+6+7
1086:27=1+1+1+1+2+2+3+4+12
1087:27=1+1+1+1+2+2+3+4+4+8
1088:27=1+1+1+1+2+2+3+4+4+4+4
1089:27=1+1+1+1+2+2+3+4+5+7
1090:27=1+1+1+1+2+2+3+4+6+6
1091:27=1+1+1+1+2+2+3+5+11
1092:27=1+1+1+1+2+2+3+5+5+6
1093:27=1+1+1+1+2+2+3+6+10
1094:27=1+1+1+1+2+2+3+7+9
1095:27=1+1+1+1+2+2+3+8+8
1096:27=1+1+1+1+2+2+4+15
1097:27=1+1+1+1+2+2+4+4+11
1098:27=1+1+1+1+2+2+4+4+4+7
1099:27=1+1+1+1+2+2+4+4+5+6
1100:27=1+1+1+1+2+2+4+5+10
1101:27=1+1+1+1+2+2+4+5+5+5
1102:27=1+1+1+1+2+2+4+6+9
1103:27=1+1+1+1+2+2+4+7+8
1104:27=1+1+1+1+2+2+5+14
1105:27=1+1+1+1+2+2+5+5+9
1106:27=1+1+1+1+2+2+5+6+8
1107:27=1+1+1+1+2+2+5+7+7
1108:27=1+1+1+1+2+2+6+13
1109:27=1+1+1+1+2+2+6+6+7
1110:27=1+1+1+1+2+2+7+12
1111:27=1+1+1+1+2+2+8+11
1112:27=1+1+1+1+2+2+9+10
1113:27=1+1+1+1+2+3+18
1114:27=1+1+1+1+2+3+3+15
1115:27=1+1+1+1+2+3+3+3+12
1116:27=1+1+1+1+2+3+3+3+3+9
1117:27=1+1+1+1+2+3+3+3+3+3+6
1118:27=1+1+1+1+2+3+3+3+3+3+3+3
1119:27=1+1+1+1+2+3+3+3+3+4+5
1120:27=1+1+1+1+2+3+3+3+4+8
1121:27=1+1+1+1+2+3+3+3+4+4+4
1122:27=1+1+1+1+2+3+3+3+5+7
1123:27=1+1+1+1+2+3+3+3+6+6
1124:27=1+1+1+1+2+3+3+4+11
1125:27=1+1+1+1+2+3+3+4+4+7
1126:27=1+1+1+1+2+3+3+4+5+6
1127:27=1+1+1+1+2+3+3+5+10
1128:27=1+1+1+1+2+3+3+5+5+5
1129:27=1+1+1+1+2+3+3+6+9
1130:27=1+1+1+1+2+3+3+7+8
1131:27=1+1+1+1+2+3+4+14
1132:27=1+1+1+1+2+3+4+4+10
1133:27=1+1+1+1+2+3+4+4+4+6
1134:27=1+1+1+1+2+3+4+4+5+5
1135:27=1+1+1+1+2+3+4+5+9
1136:27=1+1+1+1+2+3+4+6+8
1137:27=1+1+1+1+2+3+4+7+7
1138:27=1+1+1+1+2+3+5+13
1139:27=1+1+1+1+2+3+5+5+8
1140:27=1+1+1+1+2+3+5+6+7
1141:27=1+1+1+1+2+3+6+12
1142:27=1+1+1+1+2+3+6+6+6
1143:27=1+1+1+1+2+3+7+11
1144:27=1+1+1+1+2+3+8+10
1145:27=1+1+1+1+2+3+9+9
1146:27=1+1+1+1+2+4+17
1147:27=1+1+1+1+2+4+4+13
1148:27=1+1+1+1+2+4+4+4+9
1149:27=1+1+1+1+2+4+4+4+4+5
1150:27=1+1+1+1+2+4+4+5+8
1151:27=1+1+1+1+2+4+4+6+7
1152:27=1+1+1+1+2+4+5+12
1153:27=1+1+1+1+2+4+5+5+7
1154:27=1+1+1+1+2+4+5+6+6
1155:27=1+1+1+1+2+4+6+11
1156:27=1+1+1+1+2+4+7+10
1157:27=1+1+1+1+2+4+8+9
1158:27=1+1+1+1+2+5+16
1159:27=1+1+1+1+2+5+5+11
1160:27=1+1+1+1+2+5+5+5+6
1161:27=1+1+1+1+2+5+6+10
1162:27=1+1+1+1+2+5+7+9
1163:27=1+1+1+1+2+5+8+8
1164:27=1+1+1+1+2+6+15
1165:27=1+1+1+1+2+6+6+9
1166:27=1+1+1+1+2+6+7+8
1167:27=1+1+1+1+2+7+14
1168:27=1+1+1+1+2+7+7+7
1169:27=1+1+1+1+2+8+13
1170:27=1+1+1+1+2+9+12
1171:27=1+1+1+1+2+10+11
1172:27=1+1+1+1+3+20
1173:27=1+1+1+1+3+3+17
1174:27=1+1+1+1+3+3+3+14
1175:27=1+1+1+1+3+3+3+3+11
1176:27=1+1+1+1+3+3+3+3+3+8
1177:27=1+1+1+1+3+3+3+3+3+3+5
1178:27=1+1+1+1+3+3+3+3+3+4+4
1179:27=1+1+1+1+3+3+3+3+4+7
1180:27=1+1+1+1+3+3+3+3+5+6
1181:27=1+1+1+1+3+3+3+4+10
1182:27=1+1+1+1+3+3+3+4+4+6
1183:27=1+1+1+1+3+3+3+4+5+5
1184:27=1+1+1+1+3+3+3+5+9
1185:27=1+1+1+1+3+3+3+6+8
1186:27=1+1+1+1+3+3+3+7+7
1187:27=1+1+1+1+3+3+4+13
1188:27=1+1+1+1+3+3+4+4+9
1189:27=1+1+1+1+3+3+4+4+4+5
1190:27=1+1+1+1+3+3+4+5+8
1191:27=1+1+1+1+3+3+4+6+7
1192:27=1+1+1+1+3+3+5+12
1193:27=1+1+1+1+3+3+5+5+7
1194:27=1+1+1+1+3+3+5+6+6
1195:27=1+1+1+1+3+3+6+11
1196:27=1+1+1+1+3+3+7+10
1197:27=1+1+1+1+3+3+8+9
1198:27=1+1+1+1+3+4+16
1199:27=1+1+1+1+3+4+4+12
1200:27=1+1+1+1+3+4+4+4+8
1201:27=1+1+1+1+3+4+4+4+4+4
1202:27=1+1+1+1+3+4+4+5+7
1203:27=1+1+1+1+3+4+4+6+6
1204:27=1+1+1+1+3+4+5+11
1205:27=1+1+1+1+3+4+5+5+6
1206:27=1+1+1+1+3+4+6+10
1207:27=1+1+1+1+3+4+7+9
1208:27=1+1+1+1+3+4+8+8
1209:27=1+1+1+1+3+5+15
1210:27=1+1+1+1+3+5+5+10
1211:27=1+1+1+1+3+5+5+5+5
1212:27=1+1+1+1+3+5+6+9
1213:27=1+1+1+1+3+5+7+8
1214:27=1+1+1+1+3+6+14
1215:27=1+1+1+1+3+6+6+8
1216:27=1+1+1+1+3+6+7+7
1217:27=1+1+1+1+3+7+13
1218:27=1+1+1+1+3+8+12
1219:27=1+1+1+1+3+9+11
1220:27=1+1+1+1+3+10+10
1221:27=1+1+1+1+4+19
1222:27=1+1+1+1+4+4+15
1223:27=1+1+1+1+4+4+4+11
1224:27=1+1+1+1+4+4+4+4+7
1225:27=1+1+1+1+4+4+4+5+6
1226:27=1+1+1+1+4+4+5+10
1227:27=1+1+1+1+4+4+5+5+5
1228:27=1+1+1+1+4+4+6+9
1229:27=1+1+1+1+4+4+7+8
1230:27=1+1+1+1+4+5+14
1231:27=1+1+1+1+4+5+5+9
1232:27=1+1+1+1+4+5+6+8
1233:27=1+1+1+1+4+5+7+7
1234:27=1+1+1+1+4+6+13
1235:27=1+1+1+1+4+6+6+7
1236:27=1+1+1+1+4+7+12
1237:27=1+1+1+1+4+8+11
1238:27=1+1+1+1+4+9+10
1239:27=1+1+1+1+5+18
1240:27=1+1+1+1+5+5+13
1241:27=1+1+1+1+5+5+5+8
1242:27=1+1+1+1+5+5+6+7
1243:27=1+1+1+1+5+6+12
1244:27=1+1+1+1+5+6+6+6
1245:27=1+1+1+1+5+7+11
1246:27=1+1+1+1+5+8+10
1247:27=1+1+1+1+5+9+9
1248:27=1+1+1+1+6+17
1249:27=1+1+1+1+6+6+11
1250:27=1+1+1+1+6+7+10
1251:27=1+1+1+1+6+8+9
1252:27=1+1+1+1+7+16
1253:27=1+1+1+1+7+7+9
1254:27=1+1+1+1+7+8+8
1255:27=1+1+1+1+8+15
1256:27=1+1+1+1+9+14
1257:27=1+1+1+1+10+13
1258:27=1+1+1+1+11+12
1259:27=1+1+1+2+22
1260:27=1+1+1+2+2+20
1261:27=1+1+1+2+2+2+18
1262:27=1+1+1+2+2+2+2+16
1263:27=1+1+1+2+2+2+2+2+14
1264:27=1+1+1+2+2+2+2+2+2+12
1265:27=1+1+1+2+2+2+2+2+2+2+10
1266:27=1+1+1+2+2+2+2+2+2+2+2+8
1267:27=1+1+1+2+2+2+2+2+2+2+2+2+6
1268:27=1+1+1+2+2+2+2+2+2+2+2+2+2+4
1269:27=1+1+1+2+2+2+2+2+2+2+2+2+2+2+2
1270:27=1+1+1+2+2+2+2+2+2+2+2+2+3+3
1271:27=1+1+1+2+2+2+2+2+2+2+2+3+5
1272:27=1+1+1+2+2+2+2+2+2+2+2+4+4
1273:27=1+1+1+2+2+2+2+2+2+2+3+7
1274:27=1+1+1+2+2+2+2+2+2+2+3+3+4
1275:27=1+1+1+2+2+2+2+2+2+2+4+6
1276:27=1+1+1+2+2+2+2+2+2+2+5+5
1277:27=1+1+1+2+2+2+2+2+2+3+9
1278:27=1+1+1+2+2+2+2+2+2+3+3+6
1279:27=1+1+1+2+2+2+2+2+2+3+3+3+3
1280:27=1+1+1+2+2+2+2+2+2+3+4+5
1281:27=1+1+1+2+2+2+2+2+2+4+8
1282:27=1+1+1+2+2+2+2+2+2+4+4+4
1283:27=1+1+1+2+2+2+2+2+2+5+7
1284:27=1+1+1+2+2+2+2+2+2+6+6
1285:27=1+1+1+2+2+2+2+2+3+11
1286:27=1+1+1+2+2+2+2+2+3+3+8
1287:27=1+1+1+2+2+2+2+2+3+3+3+5
1288:27=1+1+1+2+2+2+2+2+3+3+4+4
1289:27=1+1+1+2+2+2+2+2+3+4+7
1290:27=1+1+1+2+2+2+2+2+3+5+6
1291:27=1+1+1+2+2+2+2+2+4+10
1292:27=1+1+1+2+2+2+2+2+4+4+6
1293:27=1+1+1+2+2+2+2+2+4+5+5
1294:27=1+1+1+2+2+2+2+2+5+9
1295:27=1+1+1+2+2+2+2+2+6+8
1296:27=1+1+1+2+2+2+2+2+7+7
1297:27=1+1+1+2+2+2+2+3+13
1298:27=1+1+1+2+2+2+2+3+3+10
1299:27=1+1+1+2+2+2+2+3+3+3+7
1300:27=1+1+1+2+2+2+2+3+3+3+3+4
1301:27=1+1+1+2+2+2+2+3+3+4+6
1302:27=1+1+1+2+2+2+2+3+3+5+5
1303:27=1+1+1+2+2+2+2+3+4+9
1304:27=1+1+1+2+2+2+2+3+4+4+5
1305:27=1+1+1+2+2+2+2+3+5+8
1306:27=1+1+1+2+2+2+2+3+6+7
1307:27=1+1+1+2+2+2+2+4+12
1308:27=1+1+1+2+2+2+2+4+4+8
1309:27=1+1+1+2+2+2+2+4+4+4+4
1310:27=1+1+1+2+2+2+2+4+5+7
1311:27=1+1+1+2+2+2+2+4+6+6
1312:27=1+1+1+2+2+2+2+5+11
1313:27=1+1+1+2+2+2+2+5+5+6
1314:27=1+1+1+2+2+2+2+6+10
1315:27=1+1+1+2+2+2+2+7+9
1316:27=1+1+1+2+2+2+2+8+8
1317:27=1+1+1+2+2+2+3+15
1318:27=1+1+1+2+2+2+3+3+12
1319:27=1+1+1+2+2+2+3+3+3+9
1320:27=1+1+1+2+2+2+3+3+3+3+6
1321:27=1+1+1+2+2+2+3+3+3+3+3+3
1322:27=1+1+1+2+2+2+3+3+3+4+5
1323:27=1+1+1+2+2+2+3+3+4+8
1324:27=1+1+1+2+2+2+3+3+4+4+4
1325:27=1+1+1+2+2+2+3+3+5+7
1326:27=1+1+1+2+2+2+3+3+6+6
1327:27=1+1+1+2+2+2+3+4+11
1328:27=1+1+1+2+2+2+3+4+4+7
1329:27=1+1+1+2+2+2+3+4+5+6
1330:27=1+1+1+2+2+2+3+5+10
1331:27=1+1+1+2+2+2+3+5+5+5
1332:27=1+1+1+2+2+2+3+6+9
1333:27=1+1+1+2+2+2+3+7+8
1334:27=1+1+1+2+2+2+4+14
1335:27=1+1+1+2+2+2+4+4+10
1336:27=1+1+1+2+2+2+4+4+4+6
1337:27=1+1+1+2+2+2+4+4+5+5
1338:27=1+1+1+2+2+2+4+5+9
1339:27=1+1+1+2+2+2+4+6+8
1340:27=1+1+1+2+2+2+4+7+7
1341:27=1+1+1+2+2+2+5+13
1342:27=1+1+1+2+2+2+5+5+8
1343:27=1+1+1+2+2+2+5+6+7
1344:27=1+1+1+2+2+2+6+12
1345:27=1+1+1+2+2+2+6+6+6
1346:27=1+1+1+2+2+2+7+11
1347:27=1+1+1+2+2+2+8+10
1348:27=1+1+1+2+2+2+9+9
1349:27=1+1+1+2+2+3+17
1350:27=1+1+1+2+2+3+3+14
1351:27=1+1+1+2+2+3+3+3+11
1352:27=1+1+1+2+2+3+3+3+3+8
1353:27=1+1+1+2+2+3+3+3+3+3+5
1354:27=1+1+1+2+2+3+3+3+3+4+4
1355:27=1+1+1+2+2+3+3+3+4+7
1356:27=1+1+1+2+2+3+3+3+5+6
1357:27=1+1+1+2+2+3+3+4+10
1358:27=1+1+1+2+2+3+3+4+4+6
1359:27=1+1+1+2+2+3+3+4+5+5
1360:27=1+1+1+2+2+3+3+5+9
1361:27=1+1+1+2+2+3+3+6+8
1362:27=1+1+1+2+2+3+3+7+7
1363:27=1+1+1+2+2+3+4+13
1364:27=1+1+1+2+2+3+4+4+9
1365:27=1+1+1+2+2+3+4+4+4+5
1366:27=1+1+1+2+2+3+4+5+8
1367:27=1+1+1+2+2+3+4+6+7
1368:27=1+1+1+2+2+3+5+12
1369:27=1+1+1+2+2+3+5+5+7
1370:27=1+1+1+2+2+3+5+6+6
1371:27=1+1+1+2+2+3+6+11
1372:27=1+1+1+2+2+3+7+10
1373:27=1+1+1+2+2+3+8+9
1374:27=1+1+1+2+2+4+16
1375:27=1+1+1+2+2+4+4+12
1376:27=1+1+1+2+2+4+4+4+8
1377:27=1+1+1+2+2+4+4+4+4+4
1378:27=1+1+1+2+2+4+4+5+7
1379:27=1+1+1+2+2+4+4+6+6
1380:27=1+1+1+2+2+4+5+11
1381:27=1+1+1+2+2+4+5+5+6
1382:27=1+1+1+2+2+4+6+10
1383:27=1+1+1+2+2+4+7+9
1384:27=1+1+1+2+2+4+8+8
1385:27=1+1+1+2+2+5+15
1386:27=1+1+1+2+2+5+5+10
1387:27=1+1+1+2+2+5+5+5+5
1388:27=1+1+1+2+2+5+6+9
1389:27=1+1+1+2+2+5+7+8
1390:27=1+1+1+2+2+6+14
1391:27=1+1+1+2+2+6+6+8
1392:27=1+1+1+2+2+6+7+7
1393:27=1+1+1+2+2+7+13
1394:27=1+1+1+2+2+8+12
1395:27=1+1+1+2+2+9+11
1396:27=1+1+1+2+2+10+10
1397:27=1+1+1+2+3+19
1398:27=1+1+1+2+3+3+16
1399:27=1+1+1+2+3+3+3+13
1400:27=1+1+1+2+3+3+3+3+10
1401:27=1+1+1+2+3+3+3+3+3+7
1402:27=1+1+1+2+3+3+3+3+3+3+4
1403:27=1+1+1+2+3+3+3+3+4+6
1404:27=1+1+1+2+3+3+3+3+5+5
1405:27=1+1+1+2+3+3+3+4+9
1406:27=1+1+1+2+3+3+3+4+4+5
1407:27=1+1+1+2+3+3+3+5+8
1408:27=1+1+1+2+3+3+3+6+7
1409:27=1+1+1+2+3+3+4+12
1410:27=1+1+1+2+3+3+4+4+8
1411:27=1+1+1+2+3+3+4+4+4+4
1412:27=1+1+1+2+3+3+4+5+7
1413:27=1+1+1+2+3+3+4+6+6
1414:27=1+1+1+2+3+3+5+11
1415:27=1+1+1+2+3+3+5+5+6
1416:27=1+1+1+2+3+3+6+10
1417:27=1+1+1+2+3+3+7+9
1418:27=1+1+1+2+3+3+8+8
1419:27=1+1+1+2+3+4+15
1420:27=1+1+1+2+3+4+4+11
1421:27=1+1+1+2+3+4+4+4+7
1422:27=1+1+1+2+3+4+4+5+6
1423:27=1+1+1+2+3+4+5+10
1424:27=1+1+1+2+3+4+5+5+5
1425:27=1+1+1+2+3+4+6+9
1426:27=1+1+1+2+3+4+7+8
1427:27=1+1+1+2+3+5+14
1428:27=1+1+1+2+3+5+5+9
1429:27=1+1+1+2+3+5+6+8
1430:27=1+1+1+2+3+5+7+7
1431:27=1+1+1+2+3+6+13
1432:27=1+1+1+2+3+6+6+7
1433:27=1+1+1+2+3+7+12
1434:27=1+1+1+2+3+8+11
1435:27=1+1+1+2+3+9+10
1436:27=1+1+1+2+4+18
1437:27=1+1+1+2+4+4+14
1438:27=1+1+1+2+4+4+4+10
1439:27=1+1+1+2+4+4+4+4+6
1440:27=1+1+1+2+4+4+4+5+5
1441:27=1+1+1+2+4+4+5+9
1442:27=1+1+1+2+4+4+6+8
1443:27=1+1+1+2+4+4+7+7
1444:27=1+1+1+2+4+5+13
1445:27=1+1+1+2+4+5+5+8
1446:27=1+1+1+2+4+5+6+7
1447:27=1+1+1+2+4+6+12
1448:27=1+1+1+2+4+6+6+6
1449:27=1+1+1+2+4+7+11
1450:27=1+1+1+2+4+8+10
1451:27=1+1+1+2+4+9+9
1452:27=1+1+1+2+5+17
1453:27=1+1+1+2+5+5+12
1454:27=1+1+1+2+5+5+5+7
1455:27=1+1+1+2+5+5+6+6
1456:27=1+1+1+2+5+6+11
1457:27=1+1+1+2+5+7+10
1458:27=1+1+1+2+5+8+9
1459:27=1+1+1+2+6+16
1460:27=1+1+1+2+6+6+10
1461:27=1+1+1+2+6+7+9
1462:27=1+1+1+2+6+8+8
1463:27=1+1+1+2+7+15
1464:27=1+1+1+2+7+7+8
1465:27=1+1+1+2+8+14
1466:27=1+1+1+2+9+13
1467:27=1+1+1+2+10+12
1468:27=1+1+1+2+11+11
1469:27=1+1+1+3+21
1470:27=1+1+1+3+3+18
1471:27=1+1+1+3+3+3+15
1472:27=1+1+1+3+3+3+3+12
1473:27=1+1+1+3+3+3+3+3+9
1474:27=1+1+1+3+3+3+3+3+3+6
1475:27=1+1+1+3+3+3+3+3+3+3+3
1476:27=1+1+1+3+3+3+3+3+4+5
1477:27=1+1+1+3+3+3+3+4+8
1478:27=1+1+1+3+3+3+3+4+4+4
1479:27=1+1+1+3+3+3+3+5+7
1480:27=1+1+1+3+3+3+3+6+6
1481:27=1+1+1+3+3+3+4+11
1482:27=1+1+1+3+3+3+4+4+7
1483:27=1+1+1+3+3+3+4+5+6
1484:27=1+1+1+3+3+3+5+10
1485:27=1+1+1+3+3+3+5+5+5
1486:27=1+1+1+3+3+3+6+9
1487:27=1+1+1+3+3+3+7+8
1488:27=1+1+1+3+3+4+14
1489:27=1+1+1+3+3+4+4+10
1490:27=1+1+1+3+3+4+4+4+6
1491:27=1+1+1+3+3+4+4+5+5
1492:27=1+1+1+3+3+4+5+9
1493:27=1+1+1+3+3+4+6+8
1494:27=1+1+1+3+3+4+7+7
1495:27=1+1+1+3+3+5+13
1496:27=1+1+1+3+3+5+5+8
1497:27=1+1+1+3+3+5+6+7
1498:27=1+1+1+3+3+6+12
1499:27=1+1+1+3+3+6+6+6
1500:27=1+1+1+3+3+7+11
1501:27=1+1+1+3+3+8+10
1502:27=1+1+1+3+3+9+9
1503:27=1+1+1+3+4+17
1504:27=1+1+1+3+4+4+13
1505:27=1+1+1+3+4+4+4+9
1506:27=1+1+1+3+4+4+4+4+5
1507:27=1+1+1+3+4+4+5+8
1508:27=1+1+1+3+4+4+6+7
1509:27=1+1+1+3+4+5+12
1510:27=1+1+1+3+4+5+5+7
1511:27=1+1+1+3+4+5+6+6
1512:27=1+1+1+3+4+6+11
1513:27=1+1+1+3+4+7+10
1514:27=1+1+1+3+4+8+9
1515:27=1+1+1+3+5+16
1516:27=1+1+1+3+5+5+11
1517:27=1+1+1+3+5+5+5+6
1518:27=1+1+1+3+5+6+10
1519:27=1+1+1+3+5+7+9
1520:27=1+1+1+3+5+8+8
1521:27=1+1+1+3+6+15
1522:27=1+1+1+3+6+6+9
1523:27=1+1+1+3+6+7+8
1524:27=1+1+1+3+7+14
1525:27=1+1+1+3+7+7+7
1526:27=1+1+1+3+8+13
1527:27=1+1+1+3+9+12
1528:27=1+1+1+3+10+11
1529:27=1+1+1+4+20
1530:27=1+1+1+4+4+16
1531:27=1+1+1+4+4+4+12
1532:27=1+1+1+4+4+4+4+8
1533:27=1+1+1+4+4+4+4+4+4
1534:27=1+1+1+4+4+4+5+7
1535:27=1+1+1+4+4+4+6+6
1536:27=1+1+1+4+4+5+11
1537:27=1+1+1+4+4+5+5+6
1538:27=1+1+1+4+4+6+10
1539:27=1+1+1+4+4+7+9
1540:27=1+1+1+4+4+8+8
1541:27=1+1+1+4+5+15
1542:27=1+1+1+4+5+5+10
1543:27=1+1+1+4+5+5+5+5
1544:27=1+1+1+4+5+6+9
1545:27=1+1+1+4+5+7+8
1546:27=1+1+1+4+6+14
1547:27=1+1+1+4+6+6+8
1548:27=1+1+1+4+6+7+7
1549:27=1+1+1+4+7+13
1550:27=1+1+1+4+8+12
1551:27=1+1+1+4+9+11
1552:27=1+1+1+4+10+10
1553:27=1+1+1+5+19
1554:27=1+1+1+5+5+14
1555:27=1+1+1+5+5+5+9
1556:27=1+1+1+5+5+6+8
1557:27=1+1+1+5+5+7+7
1558:27=1+1+1+5+6+13
1559:27=1+1+1+5+6+6+7
1560:27=1+1+1+5+7+12
1561:27=1+1+1+5+8+11
1562:27=1+1+1+5+9+10
1563:27=1+1+1+6+18
1564:27=1+1+1+6+6+12
1565:27=1+1+1+6+6+6+6
1566:27=1+1+1+6+7+11
1567:27=1+1+1+6+8+10
1568:27=1+1+1+6+9+9
1569:27=1+1+1+7+17
1570:27=1+1+1+7+7+10
1571:27=1+1+1+7+8+9
1572:27=1+1+1+8+16
1573:27=1+1+1+8+8+8
1574:27=1+1+1+9+15
1575:27=1+1+1+10+14
1576:27=1+1+1+11+13
1577:27=1+1+1+12+12
1578:27=1+1+2+23
1579:27=1+1+2+2+21
1580:27=1+1+2+2+2+19
1581:27=1+1+2+2+2+2+17
1582:27=1+1+2+2+2+2+2+15
1583:27=1+1+2+2+2+2+2+2+13
1584:27=1+1+2+2+2+2+2+2+2+11
1585:27=1+1+2+2+2+2+2+2+2+2+9
1586:27=1+1+2+2+2+2+2+2+2+2+2+7
1587:27=1+1+2+2+2+2+2+2+2+2+2+2+5
1588:27=1+1+2+2+2+2+2+2+2+2+2+2+2+3
1589:27=1+1+2+2+2+2+2+2+2+2+2+3+4
1590:27=1+1+2+2+2+2+2+2+2+2+3+6
1591:27=1+1+2+2+2+2+2+2+2+2+3+3+3
1592:27=1+1+2+2+2+2+2+2+2+2+4+5
1593:27=1+1+2+2+2+2+2+2+2+3+8
1594:27=1+1+2+2+2+2+2+2+2+3+3+5
1595:27=1+1+2+2+2+2+2+2+2+3+4+4
1596:27=1+1+2+2+2+2+2+2+2+4+7
1597:27=1+1+2+2+2+2+2+2+2+5+6
1598:27=1+1+2+2+2+2+2+2+3+10
1599:27=1+1+2+2+2+2+2+2+3+3+7
1600:27=1+1+2+2+2+2+2+2+3+3+3+4
1601:27=1+1+2+2+2+2+2+2+3+4+6
1602:27=1+1+2+2+2+2+2+2+3+5+5
1603:27=1+1+2+2+2+2+2+2+4+9
1604:27=1+1+2+2+2+2+2+2+4+4+5
1605:27=1+1+2+2+2+2+2+2+5+8
1606:27=1+1+2+2+2+2+2+2+6+7
1607:27=1+1+2+2+2+2+2+3+12
1608:27=1+1+2+2+2+2+2+3+3+9
1609:27=1+1+2+2+2+2+2+3+3+3+6
1610:27=1+1+2+2+2+2+2+3+3+3+3+3
1611:27=1+1+2+2+2+2+2+3+3+4+5
1612:27=1+1+2+2+2+2+2+3+4+8
1613:27=1+1+2+2+2+2+2+3+4+4+4
1614:27=1+1+2+2+2+2+2+3+5+7
1615:27=1+1+2+2+2+2+2+3+6+6
1616:27=1+1+2+2+2+2+2+4+11
1617:27=1+1+2+2+2+2+2+4+4+7
1618:27=1+1+2+2+2+2+2+4+5+6
1619:27=1+1+2+2+2+2+2+5+10
1620:27=1+1+2+2+2+2+2+5+5+5
1621:27=1+1+2+2+2+2+2+6+9
1622:27=1+1+2+2+2+2+2+7+8
1623:27=1+1+2+2+2+2+3+14
1624:27=1+1+2+2+2+2+3+3+11
1625:27=1+1+2+2+2+2+3+3+3+8
1626:27=1+1+2+2+2+2+3+3+3+3+5
1627:27=1+1+2+2+2+2+3+3+3+4+4
1628:27=1+1+2+2+2+2+3+3+4+7
1629:27=1+1+2+2+2+2+3+3+5+6
1630:27=1+1+2+2+2+2+3+4+10
1631:27=1+1+2+2+2+2+3+4+4+6
1632:27=1+1+2+2+2+2+3+4+5+5
1633:27=1+1+2+2+2+2+3+5+9
1634:27=1+1+2+2+2+2+3+6+8
1635:27=1+1+2+2+2+2+3+7+7
1636:27=1+1+2+2+2+2+4+13
1637:27=1+1+2+2+2+2+4+4+9
1638:27=1+1+2+2+2+2+4+4+4+5
1639:27=1+1+2+2+2+2+4+5+8
1640:27=1+1+2+2+2+2+4+6+7
1641:27=1+1+2+2+2+2+5+12
1642:27=1+1+2+2+2+2+5+5+7
1643:27=1+1+2+2+2+2+5+6+6
1644:27=1+1+2+2+2+2+6+11
1645:27=1+1+2+2+2+2+7+10
1646:27=1+1+2+2+2+2+8+9
1647:27=1+1+2+2+2+3+16
1648:27=1+1+2+2+2+3+3+13
1649:27=1+1+2+2+2+3+3+3+10
1650:27=1+1+2+2+2+3+3+3+3+7
1651:27=1+1+2+2+2+3+3+3+3+3+4
1652:27=1+1+2+2+2+3+3+3+4+6
1653:27=1+1+2+2+2+3+3+3+5+5
1654:27=1+1+2+2+2+3+3+4+9
1655:27=1+1+2+2+2+3+3+4+4+5
1656:27=1+1+2+2+2+3+3+5+8
1657:27=1+1+2+2+2+3+3+6+7
1658:27=1+1+2+2+2+3+4+12
1659:27=1+1+2+2+2+3+4+4+8
1660:27=1+1+2+2+2+3+4+4+4+4
1661:27=1+1+2+2+2+3+4+5+7
1662:27=1+1+2+2+2+3+4+6+6
1663:27=1+1+2+2+2+3+5+11
1664:27=1+1+2+2+2+3+5+5+6
1665:27=1+1+2+2+2+3+6+10
1666:27=1+1+2+2+2+3+7+9
1667:27=1+1+2+2+2+3+8+8
1668:27=1+1+2+2+2+4+15
1669:27=1+1+2+2+2+4+4+11
1670:27=1+1+2+2+2+4+4+4+7
1671:27=1+1+2+2+2+4+4+5+6
1672:27=1+1+2+2+2+4+5+10
1673:27=1+1+2+2+2+4+5+5+5
1674:27=1+1+2+2+2+4+6+9
1675:27=1+1+2+2+2+4+7+8
1676:27=1+1+2+2+2+5+14
1677:27=1+1+2+2+2+5+5+9
1678:27=1+1+2+2+2+5+6+8
1679:27=1+1+2+2+2+5+7+7
1680:27=1+1+2+2+2+6+13
1681:27=1+1+2+2+2+6+6+7
1682:27=1+1+2+2+2+7+12
1683:27=1+1+2+2+2+8+11
1684:27=1+1+2+2+2+9+10
1685:27=1+1+2+2+3+18
1686:27=1+1+2+2+3+3+15
1687:27=1+1+2+2+3+3+3+12
1688:27=1+1+2+2+3+3+3+3+9
1689:27=1+1+2+2+3+3+3+3+3+6
1690:27=1+1+2+2+3+3+3+3+3+3+3
1691:27=1+1+2+2+3+3+3+3+4+5
1692:27=1+1+2+2+3+3+3+4+8
1693:27=1+1+2+2+3+3+3+4+4+4
1694:27=1+1+2+2+3+3+3+5+7
1695:27=1+1+2+2+3+3+3+6+6
1696:27=1+1+2+2+3+3+4+11
1697:27=1+1+2+2+3+3+4+4+7
1698:27=1+1+2+2+3+3+4+5+6
1699:27=1+1+2+2+3+3+5+10
1700:27=1+1+2+2+3+3+5+5+5
1701:27=1+1+2+2+3+3+6+9
1702:27=1+1+2+2+3+3+7+8
1703:27=1+1+2+2+3+4+14
1704:27=1+1+2+2+3+4+4+10
1705:27=1+1+2+2+3+4+4+4+6
1706:27=1+1+2+2+3+4+4+5+5
1707:27=1+1+2+2+3+4+5+9
1708:27=1+1+2+2+3+4+6+8
1709:27=1+1+2+2+3+4+7+7
1710:27=1+1+2+2+3+5+13
1711:27=1+1+2+2+3+5+5+8
1712:27=1+1+2+2+3+5+6+7
1713:27=1+1+2+2+3+6+12
1714:27=1+1+2+2+3+6+6+6
1715:27=1+1+2+2+3+7+11
1716:27=1+1+2+2+3+8+10
1717:27=1+1+2+2+3+9+9
1718:27=1+1+2+2+4+17
1719:27=1+1+2+2+4+4+13
1720:27=1+1+2+2+4+4+4+9
1721:27=1+1+2+2+4+4+4+4+5
1722:27=1+1+2+2+4+4+5+8
1723:27=1+1+2+2+4+4+6+7
1724:27=1+1+2+2+4+5+12
1725:27=1+1+2+2+4+5+5+7
1726:27=1+1+2+2+4+5+6+6
1727:27=1+1+2+2+4+6+11
1728:27=1+1+2+2+4+7+10
1729:27=1+1+2+2+4+8+9
1730:27=1+1+2+2+5+16
1731:27=1+1+2+2+5+5+11
1732:27=1+1+2+2+5+5+5+6
1733:27=1+1+2+2+5+6+10
1734:27=1+1+2+2+5+7+9
1735:27=1+1+2+2+5+8+8
1736:27=1+1+2+2+6+15
1737:27=1+1+2+2+6+6+9
1738:27=1+1+2+2+6+7+8
1739:27=1+1+2+2+7+14
1740:27=1+1+2+2+7+7+7
1741:27=1+1+2+2+8+13
1742:27=1+1+2+2+9+12
1743:27=1+1+2+2+10+11
1744:27=1+1+2+3+20
1745:27=1+1+2+3+3+17
1746:27=1+1+2+3+3+3+14
1747:27=1+1+2+3+3+3+3+11
1748:27=1+1+2+3+3+3+3+3+8
1749:27=1+1+2+3+3+3+3+3+3+5
1750:27=1+1+2+3+3+3+3+3+4+4
1751:27=1+1+2+3+3+3+3+4+7
1752:27=1+1+2+3+3+3+3+5+6
1753:27=1+1+2+3+3+3+4+10
1754:27=1+1+2+3+3+3+4+4+6
1755:27=1+1+2+3+3+3+4+5+5
1756:27=1+1+2+3+3+3+5+9
1757:27=1+1+2+3+3+3+6+8
1758:27=1+1+2+3+3+3+7+7
1759:27=1+1+2+3+3+4+13
1760:27=1+1+2+3+3+4+4+9
1761:27=1+1+2+3+3+4+4+4+5
1762:27=1+1+2+3+3+4+5+8
1763:27=1+1+2+3+3+4+6+7
1764:27=1+1+2+3+3+5+12
1765:27=1+1+2+3+3+5+5+7
1766:27=1+1+2+3+3+5+6+6
1767:27=1+1+2+3+3+6+11
1768:27=1+1+2+3+3+7+10
1769:27=1+1+2+3+3+8+9
1770:27=1+1+2+3+4+16
1771:27=1+1+2+3+4+4+12
1772:27=1+1+2+3+4+4+4+8
1773:27=1+1+2+3+4+4+4+4+4
1774:27=1+1+2+3+4+4+5+7
1775:27=1+1+2+3+4+4+6+6
1776:27=1+1+2+3+4+5+11
1777:27=1+1+2+3+4+5+5+6
1778:27=1+1+2+3+4+6+10
1779:27=1+1+2+3+4+7+9
1780:27=1+1+2+3+4+8+8
1781:27=1+1+2+3+5+15
1782:27=1+1+2+3+5+5+10
1783:27=1+1+2+3+5+5+5+5
1784:27=1+1+2+3+5+6+9
1785:27=1+1+2+3+5+7+8
1786:27=1+1+2+3+6+14
1787:27=1+1+2+3+6+6+8
1788:27=1+1+2+3+6+7+7
1789:27=1+1+2+3+7+13
1790:27=1+1+2+3+8+12
1791:27=1+1+2+3+9+11
1792:27=1+1+2+3+10+10
1793:27=1+1+2+4+19
1794:27=1+1+2+4+4+15
1795:27=1+1+2+4+4+4+11
1796:27=1+1+2+4+4+4+4+7
1797:27=1+1+2+4+4+4+5+6
1798:27=1+1+2+4+4+5+10
1799:27=1+1+2+4+4+5+5+5
1800:27=1+1+2+4+4+6+9
1801:27=1+1+2+4+4+7+8
1802:27=1+1+2+4+5+14
1803:27=1+1+2+4+5+5+9
1804:27=1+1+2+4+5+6+8
1805:27=1+1+2+4+5+7+7
1806:27=1+1+2+4+6+13
1807:27=1+1+2+4+6+6+7
1808:27=1+1+2+4+7+12
1809:27=1+1+2+4+8+11
1810:27=1+1+2+4+9+10
1811:27=1+1+2+5+18
1812:27=1+1+2+5+5+13
1813:27=1+1+2+5+5+5+8
1814:27=1+1+2+5+5+6+7
1815:27=1+1+2+5+6+12
1816:27=1+1+2+5+6+6+6
1817:27=1+1+2+5+7+11
1818:27=1+1+2+5+8+10
1819:27=1+1+2+5+9+9
1820:27=1+1+2+6+17
1821:27=1+1+2+6+6+11
1822:27=1+1+2+6+7+10
1823:27=1+1+2+6+8+9
1824:27=1+1+2+7+16
1825:27=1+1+2+7+7+9
1826:27=1+1+2+7+8+8
1827:27=1+1+2+8+15
1828:27=1+1+2+9+14
1829:27=1+1+2+10+13
1830:27=1+1+2+11+12
1831:27=1+1+3+22
1832:27=1+1+3+3+19
1833:27=1+1+3+3+3+16
1834:27=1+1+3+3+3+3+13
1835:27=1+1+3+3+3+3+3+10
1836:27=1+1+3+3+3+3+3+3+7
1837:27=1+1+3+3+3+3+3+3+3+4
1838:27=1+1+3+3+3+3+3+4+6
1839:27=1+1+3+3+3+3+3+5+5
1840:27=1+1+3+3+3+3+4+9
1841:27=1+1+3+3+3+3+4+4+5
1842:27=1+1+3+3+3+3+5+8
1843:27=1+1+3+3+3+3+6+7
1844:27=1+1+3+3+3+4+12
1845:27=1+1+3+3+3+4+4+8
1846:27=1+1+3+3+3+4+4+4+4
1847:27=1+1+3+3+3+4+5+7
1848:27=1+1+3+3+3+4+6+6
1849:27=1+1+3+3+3+5+11
1850:27=1+1+3+3+3+5+5+6
1851:27=1+1+3+3+3+6+10
1852:27=1+1+3+3+3+7+9
1853:27=1+1+3+3+3+8+8
1854:27=1+1+3+3+4+15
1855:27=1+1+3+3+4+4+11
1856:27=1+1+3+3+4+4+4+7
1857:27=1+1+3+3+4+4+5+6
1858:27=1+1+3+3+4+5+10
1859:27=1+1+3+3+4+5+5+5
1860:27=1+1+3+3+4+6+9
1861:27=1+1+3+3+4+7+8
1862:27=1+1+3+3+5+14
1863:27=1+1+3+3+5+5+9
1864:27=1+1+3+3+5+6+8
1865:27=1+1+3+3+5+7+7
1866:27=1+1+3+3+6+13
1867:27=1+1+3+3+6+6+7
1868:27=1+1+3+3+7+12
1869:27=1+1+3+3+8+11
1870:27=1+1+3+3+9+10
1871:27=1+1+3+4+18
1872:27=1+1+3+4+4+14
1873:27=1+1+3+4+4+4+10
1874:27=1+1+3+4+4+4+4+6
1875:27=1+1+3+4+4+4+5+5
1876:27=1+1+3+4+4+5+9
1877:27=1+1+3+4+4+6+8
1878:27=1+1+3+4+4+7+7
1879:27=1+1+3+4+5+13
1880:27=1+1+3+4+5+5+8
1881:27=1+1+3+4+5+6+7
1882:27=1+1+3+4+6+12
1883:27=1+1+3+4+6+6+6
1884:27=1+1+3+4+7+11
1885:27=1+1+3+4+8+10
1886:27=1+1+3+4+9+9
1887:27=1+1+3+5+17
1888:27=1+1+3+5+5+12
1889:27=1+1+3+5+5+5+7
1890:27=1+1+3+5+5+6+6
1891:27=1+1+3+5+6+11
1892:27=1+1+3+5+7+10
1893:27=1+1+3+5+8+9
1894:27=1+1+3+6+16
1895:27=1+1+3+6+6+10
1896:27=1+1+3+6+7+9
1897:27=1+1+3+6+8+8
1898:27=1+1+3+7+15
1899:27=1+1+3+7+7+8
1900:27=1+1+3+8+14
1901:27=1+1+3+9+13
1902:27=1+1+3+10+12
1903:27=1+1+3+11+11
1904:27=1+1+4+21
1905:27=1+1+4+4+17
1906:27=1+1+4+4+4+13
1907:27=1+1+4+4+4+4+9
1908:27=1+1+4+4+4+4+4+5
1909:27=1+1+4+4+4+5+8
1910:27=1+1+4+4+4+6+7
1911:27=1+1+4+4+5+12
1912:27=1+1+4+4+5+5+7
1913:27=1+1+4+4+5+6+6
1914:27=1+1+4+4+6+11
1915:27=1+1+4+4+7+10
1916:27=1+1+4+4+8+9
1917:27=1+1+4+5+16
1918:27=1+1+4+5+5+11
1919:27=1+1+4+5+5+5+6
1920:27=1+1+4+5+6+10
1921:27=1+1+4+5+7+9
1922:27=1+1+4+5+8+8
1923:27=1+1+4+6+15
1924:27=1+1+4+6+6+9
1925:27=1+1+4+6+7+8
1926:27=1+1+4+7+14
1927:27=1+1+4+7+7+7
1928:27=1+1+4+8+13
1929:27=1+1+4+9+12
1930:27=1+1+4+10+11
1931:27=1+1+5+20
1932:27=1+1+5+5+15
1933:27=1+1+5+5+5+10
1934:27=1+1+5+5+5+5+5
1935:27=1+1+5+5+6+9
1936:27=1+1+5+5+7+8
1937:27=1+1+5+6+14
1938:27=1+1+5+6+6+8
1939:27=1+1+5+6+7+7
1940:27=1+1+5+7+13
1941:27=1+1+5+8+12
1942:27=1+1+5+9+11
1943:27=1+1+5+10+10
1944:27=1+1+6+19
1945:27=1+1+6+6+13
1946:27=1+1+6+6+6+7
1947:27=1+1+6+7+12
1948:27=1+1+6+8+11
1949:27=1+1+6+9+10
1950:27=1+1+7+18
1951:27=1+1+7+7+11
1952:27=1+1+7+8+10
1953:27=1+1+7+9+9
1954:27=1+1+8+17
1955:27=1+1+8+8+9
1956:27=1+1+9+16
1957:27=1+1+10+15
1958:27=1+1+11+14
1959:27=1+1+12+13
1960:27=1+2+24
1961:27=1+2+2+22
1962:27=1+2+2+2+20
1963:27=1+2+2+2+2+18
1964:27=1+2+2+2+2+2+16
1965:27=1+2+2+2+2+2+2+14
1966:27=1+2+2+2+2+2+2+2+12
1967:27=1+2+2+2+2+2+2+2+2+10
1968:27=1+2+2+2+2+2+2+2+2+2+8
1969:27=1+2+2+2+2+2+2+2+2+2+2+6
1970:27=1+2+2+2+2+2+2+2+2+2+2+2+4
1971:27=1+2+2+2+2+2+2+2+2+2+2+2+2+2
1972:27=1+2+2+2+2+2+2+2+2+2+2+3+3
1973:27=1+2+2+2+2+2+2+2+2+2+3+5
1974:27=1+2+2+2+2+2+2+2+2+2+4+4
1975:27=1+2+2+2+2+2+2+2+2+3+7
1976:27=1+2+2+2+2+2+2+2+2+3+3+4
1977:27=1+2+2+2+2+2+2+2+2+4+6
1978:27=1+2+2+2+2+2+2+2+2+5+5
1979:27=1+2+2+2+2+2+2+2+3+9
1980:27=1+2+2+2+2+2+2+2+3+3+6
1981:27=1+2+2+2+2+2+2+2+3+3+3+3
1982:27=1+2+2+2+2+2+2+2+3+4+5
1983:27=1+2+2+2+2+2+2+2+4+8
1984:27=1+2+2+2+2+2+2+2+4+4+4
1985:27=1+2+2+2+2+2+2+2+5+7
1986:27=1+2+2+2+2+2+2+2+6+6
1987:27=1+2+2+2+2+2+2+3+11
1988:27=1+2+2+2+2+2+2+3+3+8
1989:27=1+2+2+2+2+2+2+3+3+3+5
1990:27=1+2+2+2+2+2+2+3+3+4+4
1991:27=1+2+2+2+2+2+2+3+4+7
1992:27=1+2+2+2+2+2+2+3+5+6
1993:27=1+2+2+2+2+2+2+4+10
1994:27=1+2+2+2+2+2+2+4+4+6
1995:27=1+2+2+2+2+2+2+4+5+5
1996:27=1+2+2+2+2+2+2+5+9
1997:27=1+2+2+2+2+2+2+6+8
1998:27=1+2+2+2+2+2+2+7+7
1999:27=1+2+2+2+2+2+3+13
2000:27=1+2+2+2+2+2+3+3+10
2001:27=1+2+2+2+2+2+3+3+3+7
2002:27=1+2+2+2+2+2+3+3+3+3+4
2003:27=1+2+2+2+2+2+3+3+4+6
2004:27=1+2+2+2+2+2+3+3+5+5
2005:27=1+2+2+2+2+2+3+4+9
2006:27=1+2+2+2+2+2+3+4+4+5
2007:27=1+2+2+2+2+2+3+5+8
2008:27=1+2+2+2+2+2+3+6+7
2009:27=1+2+2+2+2+2+4+12
2010:27=1+2+2+2+2+2+4+4+8
2011:27=1+2+2+2+2+2+4+4+4+4
2012:27=1+2+2+2+2+2+4+5+7
2013:27=1+2+2+2+2+2+4+6+6
2014:27=1+2+2+2+2+2+5+11
2015:27=1+2+2+2+2+2+5+5+6
2016:27=1+2+2+2+2+2+6+10
2017:27=1+2+2+2+2+2+7+9
2018:27=1+2+2+2+2+2+8+8
2019:27=1+2+2+2+2+3+15
2020:27=1+2+2+2+2+3+3+12
2021:27=1+2+2+2+2+3+3+3+9
2022:27=1+2+2+2+2+3+3+3+3+6
2023:27=1+2+2+2+2+3+3+3+3+3+3
2024:27=1+2+2+2+2+3+3+3+4+5
2025:27=1+2+2+2+2+3+3+4+8
2026:27=1+2+2+2+2+3+3+4+4+4
2027:27=1+2+2+2+2+3+3+5+7
2028:27=1+2+2+2+2+3+3+6+6
2029:27=1+2+2+2+2+3+4+11
2030:27=1+2+2+2+2+3+4+4+7
2031:27=1+2+2+2+2+3+4+5+6
2032:27=1+2+2+2+2+3+5+10
2033:27=1+2+2+2+2+3+5+5+5
2034:27=1+2+2+2+2+3+6+9
2035:27=1+2+2+2+2+3+7+8
2036:27=1+2+2+2+2+4+14
2037:27=1+2+2+2+2+4+4+10
2038:27=1+2+2+2+2+4+4+4+6
2039:27=1+2+2+2+2+4+4+5+5
2040:27=1+2+2+2+2+4+5+9
2041:27=1+2+2+2+2+4+6+8
2042:27=1+2+2+2+2+4+7+7
2043:27=1+2+2+2+2+5+13
2044:27=1+2+2+2+2+5+5+8
2045:27=1+2+2+2+2+5+6+7
2046:27=1+2+2+2+2+6+12
2047:27=1+2+2+2+2+6+6+6
2048:27=1+2+2+2+2+7+11
2049:27=1+2+2+2+2+8+10
2050:27=1+2+2+2+2+9+9
2051:27=1+2+2+2+3+17
2052:27=1+2+2+2+3+3+14
2053:27=1+2+2+2+3+3+3+11
2054:27=1+2+2+2+3+3+3+3+8
2055:27=1+2+2+2+3+3+3+3+3+5
2056:27=1+2+2+2+3+3+3+3+4+4
2057:27=1+2+2+2+3+3+3+4+7
2058:27=1+2+2+2+3+3+3+5+6
2059:27=1+2+2+2+3+3+4+10
2060:27=1+2+2+2+3+3+4+4+6
2061:27=1+2+2+2+3+3+4+5+5
2062:27=1+2+2+2+3+3+5+9
2063:27=1+2+2+2+3+3+6+8
2064:27=1+2+2+2+3+3+7+7
2065:27=1+2+2+2+3+4+13
2066:27=1+2+2+2+3+4+4+9
2067:27=1+2+2+2+3+4+4+4+5
2068:27=1+2+2+2+3+4+5+8
2069:27=1+2+2+2+3+4+6+7
2070:27=1+2+2+2+3+5+12
2071:27=1+2+2+2+3+5+5+7
2072:27=1+2+2+2+3+5+6+6
2073:27=1+2+2+2+3+6+11
2074:27=1+2+2+2+3+7+10
2075:27=1+2+2+2+3+8+9
2076:27=1+2+2+2+4+16
2077:27=1+2+2+2+4+4+12
2078:27=1+2+2+2+4+4+4+8
2079:27=1+2+2+2+4+4+4+4+4
2080:27=1+2+2+2+4+4+5+7
2081:27=1+2+2+2+4+4+6+6
2082:27=1+2+2+2+4+5+11
2083:27=1+2+2+2+4+5+5+6
2084:27=1+2+2+2+4+6+10
2085:27=1+2+2+2+4+7+9
2086:27=1+2+2+2+4+8+8
2087:27=1+2+2+2+5+15
2088:27=1+2+2+2+5+5+10
2089:27=1+2+2+2+5+5+5+5
2090:27=1+2+2+2+5+6+9
2091:27=1+2+2+2+5+7+8
2092:27=1+2+2+2+6+14
2093:27=1+2+2+2+6+6+8
2094:27=1+2+2+2+6+7+7
2095:27=1+2+2+2+7+13
2096:27=1+2+2+2+8+12
2097:27=1+2+2+2+9+11
2098:27=1+2+2+2+10+10
2099:27=1+2+2+3+19
2100:27=1+2+2+3+3+16
2101:27=1+2+2+3+3+3+13
2102:27=1+2+2+3+3+3+3+10
2103:27=1+2+2+3+3+3+3+3+7
2104:27=1+2+2+3+3+3+3+3+3+4
2105:27=1+2+2+3+3+3+3+4+6
2106:27=1+2+2+3+3+3+3+5+5
2107:27=1+2+2+3+3+3+4+9
2108:27=1+2+2+3+3+3+4+4+5
2109:27=1+2+2+3+3+3+5+8
2110:27=1+2+2+3+3+3+6+7
2111:27=1+2+2+3+3+4+12
2112:27=1+2+2+3+3+4+4+8
2113:27=1+2+2+3+3+4+4+4+4
2114:27=1+2+2+3+3+4+5+7
2115:27=1+2+2+3+3+4+6+6
2116:27=1+2+2+3+3+5+11
2117:27=1+2+2+3+3+5+5+6
2118:27=1+2+2+3+3+6+10
2119:27=1+2+2+3+3+7+9
2120:27=1+2+2+3+3+8+8
2121:27=1+2+2+3+4+15
2122:27=1+2+2+3+4+4+11
2123:27=1+2+2+3+4+4+4+7
2124:27=1+2+2+3+4+4+5+6
2125:27=1+2+2+3+4+5+10
2126:27=1+2+2+3+4+5+5+5
2127:27=1+2+2+3+4+6+9
2128:27=1+2+2+3+4+7+8
2129:27=1+2+2+3+5+14
2130:27=1+2+2+3+5+5+9
2131:27=1+2+2+3+5+6+8
2132:27=1+2+2+3+5+7+7
2133:27=1+2+2+3+6+13
2134:27=1+2+2+3+6+6+7
2135:27=1+2+2+3+7+12
2136:27=1+2+2+3+8+11
2137:27=1+2+2+3+9+10
2138:27=1+2+2+4+18
2139:27=1+2+2+4+4+14
2140:27=1+2+2+4+4+4+10
2141:27=1+2+2+4+4+4+4+6
2142:27=1+2+2+4+4+4+5+5
2143:27=1+2+2+4+4+5+9
2144:27=1+2+2+4+4+6+8
2145:27=1+2+2+4+4+7+7
2146:27=1+2+2+4+5+13
2147:27=1+2+2+4+5+5+8
2148:27=1+2+2+4+5+6+7
2149:27=1+2+2+4+6+12
2150:27=1+2+2+4+6+6+6
2151:27=1+2+2+4+7+11
2152:27=1+2+2+4+8+10
2153:27=1+2+2+4+9+9
2154:27=1+2+2+5+17
2155:27=1+2+2+5+5+12
2156:27=1+2+2+5+5+5+7
2157:27=1+2+2+5+5+6+6
2158:27=1+2+2+5+6+11
2159:27=1+2+2+5+7+10
2160:27=1+2+2+5+8+9
2161:27=1+2+2+6+16
2162:27=1+2+2+6+6+10
2163:27=1+2+2+6+7+9
2164:27=1+2+2+6+8+8
2165:27=1+2+2+7+15
2166:27=1+2+2+7+7+8
2167:27=1+2+2+8+14
2168:27=1+2+2+9+13
2169:27=1+2+2+10+12
2170:27=1+2+2+11+11
2171:27=1+2+3+21
2172:27=1+2+3+3+18
2173:27=1+2+3+3+3+15
2174:27=1+2+3+3+3+3+12
2175:27=1+2+3+3+3+3+3+9
2176:27=1+2+3+3+3+3+3+3+6
2177:27=1+2+3+3+3+3+3+3+3+3
2178:27=1+2+3+3+3+3+3+4+5
2179:27=1+2+3+3+3+3+4+8
2180:27=1+2+3+3+3+3+4+4+4
2181:27=1+2+3+3+3+3+5+7
2182:27=1+2+3+3+3+3+6+6
2183:27=1+2+3+3+3+4+11
2184:27=1+2+3+3+3+4+4+7
2185:27=1+2+3+3+3+4+5+6
2186:27=1+2+3+3+3+5+10
2187:27=1+2+3+3+3+5+5+5
2188:27=1+2+3+3+3+6+9
2189:27=1+2+3+3+3+7+8
2190:27=1+2+3+3+4+14
2191:27=1+2+3+3+4+4+10
2192:27=1+2+3+3+4+4+4+6
2193:27=1+2+3+3+4+4+5+5
2194:27=1+2+3+3+4+5+9
2195:27=1+2+3+3+4+6+8
2196:27=1+2+3+3+4+7+7
2197:27=1+2+3+3+5+13
2198:27=1+2+3+3+5+5+8
2199:27=1+2+3+3+5+6+7
2200:27=1+2+3+3+6+12
2201:27=1+2+3+3+6+6+6
2202:27=1+2+3+3+7+11
2203:27=1+2+3+3+8+10
2204:27=1+2+3+3+9+9
2205:27=1+2+3+4+17
2206:27=1+2+3+4+4+13
2207:27=1+2+3+4+4+4+9
2208:27=1+2+3+4+4+4+4+5
2209:27=1+2+3+4+4+5+8
2210:27=1+2+3+4+4+6+7
2211:27=1+2+3+4+5+12
2212:27=1+2+3+4+5+5+7
2213:27=1+2+3+4+5+6+6
2214:27=1+2+3+4+6+11
2215:27=1+2+3+4+7+10
2216:27=1+2+3+4+8+9
2217:27=1+2+3+5+16
2218:27=1+2+3+5+5+11
2219:27=1+2+3+5+5+5+6
2220:27=1+2+3+5+6+10
2221:27=1+2+3+5+7+9
2222:27=1+2+3+5+8+8
2223:27=1+2+3+6+15
2224:27=1+2+3+6+6+9
2225:27=1+2+3+6+7+8
2226:27=1+2+3+7+14
2227:27=1+2+3+7+7+7
2228:27=1+2+3+8+13
2229:27=1+2+3+9+12
2230:27=1+2+3+10+11
2231:27=1+2+4+20
2232:27=1+2+4+4+16
2233:27=1+2+4+4+4+12
2234:27=1+2+4+4+4+4+8
2235:27=1+2+4+4+4+4+4+4
2236:27=1+2+4+4+4+5+7
2237:27=1+2+4+4+4+6+6
2238:27=1+2+4+4+5+11
2239:27=1+2+4+4+5+5+6
2240:27=1+2+4+4+6+10
2241:27=1+2+4+4+7+9
2242:27=1+2+4+4+8+8
2243:27=1+2+4+5+15
2244:27=1+2+4+5+5+10
2245:27=1+2+4+5+5+5+5
2246:27=1+2+4+5+6+9
2247:27=1+2+4+5+7+8
2248:27=1+2+4+6+14
2249:27=1+2+4+6+6+8
2250:27=1+2+4+6+7+7
2251:27=1+2+4+7+13
2252:27=1+2+4+8+12
2253:27=1+2+4+9+11
2254:27=1+2+4+10+10
2255:27=1+2+5+19
2256:27=1+2+5+5+14
2257:27=1+2+5+5+5+9
2258:27=1+2+5+5+6+8
2259:27=1+2+5+5+7+7
2260:27=1+2+5+6+13
2261:27=1+2+5+6+6+7
2262:27=1+2+5+7+12
2263:27=1+2+5+8+11
2264:27=1+2+5+9+10
2265:27=1+2+6+18
2266:27=1+2+6+6+12
2267:27=1+2+6+6+6+6
2268:27=1+2+6+7+11
2269:27=1+2+6+8+10
2270:27=1+2+6+9+9
2271:27=1+2+7+17
2272:27=1+2+7+7+10
2273:27=1+2+7+8+9
2274:27=1+2+8+16
2275:27=1+2+8+8+8
2276:27=1+2+9+15
2277:27=1+2+10+14
2278:27=1+2+11+13
2279:27=1+2+12+12
2280:27=1+3+23
2281:27=1+3+3+20
2282:27=1+3+3+3+17
2283:27=1+3+3+3+3+14
2284:27=1+3+3+3+3+3+11
2285:27=1+3+3+3+3+3+3+8
2286:27=1+3+3+3+3+3+3+3+5
2287:27=1+3+3+3+3+3+3+4+4
2288:27=1+3+3+3+3+3+4+7
2289:27=1+3+3+3+3+3+5+6
2290:27=1+3+3+3+3+4+10
2291:27=1+3+3+3+3+4+4+6
2292:27=1+3+3+3+3+4+5+5
2293:27=1+3+3+3+3+5+9
2294:27=1+3+3+3+3+6+8
2295:27=1+3+3+3+3+7+7
2296:27=1+3+3+3+4+13
2297:27=1+3+3+3+4+4+9
2298:27=1+3+3+3+4+4+4+5
2299:27=1+3+3+3+4+5+8
2300:27=1+3+3+3+4+6+7
2301:27=1+3+3+3+5+12
2302:27=1+3+3+3+5+5+7
2303:27=1+3+3+3+5+6+6
2304:27=1+3+3+3+6+11
2305:27=1+3+3+3+7+10
2306:27=1+3+3+3+8+9
2307:27=1+3+3+4+16
2308:27=1+3+3+4+4+12
2309:27=1+3+3+4+4+4+8
2310:27=1+3+3+4+4+4+4+4
2311:27=1+3+3+4+4+5+7
2312:27=1+3+3+4+4+6+6
2313:27=1+3+3+4+5+11
2314:27=1+3+3+4+5+5+6
2315:27=1+3+3+4+6+10
2316:27=1+3+3+4+7+9
2317:27=1+3+3+4+8+8
2318:27=1+3+3+5+15
2319:27=1+3+3+5+5+10
2320:27=1+3+3+5+5+5+5
2321:27=1+3+3+5+6+9
2322:27=1+3+3+5+7+8
2323:27=1+3+3+6+14
2324:27=1+3+3+6+6+8
2325:27=1+3+3+6+7+7
2326:27=1+3+3+7+13
2327:27=1+3+3+8+12
2328:27=1+3+3+9+11
2329:27=1+3+3+10+10
2330:27=1+3+4+19
2331:27=1+3+4+4+15
2332:27=1+3+4+4+4+11
2333:27=1+3+4+4+4+4+7
2334:27=1+3+4+4+4+5+6
2335:27=1+3+4+4+5+10
2336:27=1+3+4+4+5+5+5
2337:27=1+3+4+4+6+9
2338:27=1+3+4+4+7+8
2339:27=1+3+4+5+14
2340:27=1+3+4+5+5+9
2341:27=1+3+4+5+6+8
2342:27=1+3+4+5+7+7
2343:27=1+3+4+6+13
2344:27=1+3+4+6+6+7
2345:27=1+3+4+7+12
2346:27=1+3+4+8+11
2347:27=1+3+4+9+10
2348:27=1+3+5+18
2349:27=1+3+5+5+13
2350:27=1+3+5+5+5+8
2351:27=1+3+5+5+6+7
2352:27=1+3+5+6+12
2353:27=1+3+5+6+6+6
2354:27=1+3+5+7+11
2355:27=1+3+5+8+10
2356:27=1+3+5+9+9
2357:27=1+3+6+17
2358:27=1+3+6+6+11
2359:27=1+3+6+7+10
2360:27=1+3+6+8+9
2361:27=1+3+7+16
2362:27=1+3+7+7+9
2363:27=1+3+7+8+8
2364:27=1+3+8+15
2365:27=1+3+9+14
2366:27=1+3+10+13
2367:27=1+3+11+12
2368:27=1+4+22
2369:27=1+4+4+18
2370:27=1+4+4+4+14
2371:27=1+4+4+4+4+10
2372:27=1+4+4+4+4+4+6
2373:27=1+4+4+4+4+5+5
2374:27=1+4+4+4+5+9
2375:27=1+4+4+4+6+8
2376:27=1+4+4+4+7+7
2377:27=1+4+4+5+13
2378:27=1+4+4+5+5+8
2379:27=1+4+4+5+6+7
2380:27=1+4+4+6+12
2381:27=1+4+4+6+6+6
2382:27=1+4+4+7+11
2383:27=1+4+4+8+10
2384:27=1+4+4+9+9
2385:27=1+4+5+17
2386:27=1+4+5+5+12
2387:27=1+4+5+5+5+7
2388:27=1+4+5+5+6+6
2389:27=1+4+5+6+11
2390:27=1+4+5+7+10
2391:27=1+4+5+8+9
2392:27=1+4+6+16
2393:27=1+4+6+6+10
2394:27=1+4+6+7+9
2395:27=1+4+6+8+8
2396:27=1+4+7+15
2397:27=1+4+7+7+8
2398:27=1+4+8+14
2399:27=1+4+9+13
2400:27=1+4+10+12
2401:27=1+4+11+11
2402:27=1+5+21
2403:27=1+5+5+16
2404:27=1+5+5+5+11
2405:27=1+5+5+5+5+6
2406:27=1+5+5+6+10
2407:27=1+5+5+7+9
2408:27=1+5+5+8+8
2409:27=1+5+6+15
2410:27=1+5+6+6+9
2411:27=1+5+6+7+8
2412:27=1+5+7+14
2413:27=1+5+7+7+7
2414:27=1+5+8+13
2415:27=1+5+9+12
2416:27=1+5+10+11
2417:27=1+6+20
2418:27=1+6+6+14
2419:27=1+6+6+6+8
2420:27=1+6+6+7+7
2421:27=1+6+7+13
2422:27=1+6+8+12
2423:27=1+6+9+11
2424:27=1+6+10+10
2425:27=1+7+19
2426:27=1+7+7+12
2427:27=1+7+8+11
2428:27=1+7+9+10
2429:27=1+8+18
2430:27=1+8+8+10
2431:27=1+8+9+9
2432:27=1+9+17
2433:27=1+10+16
2434:27=1+11+15
2435:27=1+12+14
2436:27=1+13+13
2437:27=2+25
2438:27=2+2+23
2439:27=2+2+2+21
2440:27=2+2+2+2+19
2441:27=2+2+2+2+2+17
2442:27=2+2+2+2+2+2+15
2443:27=2+2+2+2+2+2+2+13
2444:27=2+2+2+2+2+2+2+2+11
2445:27=2+2+2+2+2+2+2+2+2+9
2446:27=2+2+2+2+2+2+2+2+2+2+7
2447:27=2+2+2+2+2+2+2+2+2+2+2+5
2448:27=2+2+2+2+2+2+2+2+2+2+2+2+3
2449:27=2+2+2+2+2+2+2+2+2+2+3+4
2450:27=2+2+2+2+2+2+2+2+2+3+6
2451:27=2+2+2+2+2+2+2+2+2+3+3+3
2452:27=2+2+2+2+2+2+2+2+2+4+5
2453:27=2+2+2+2+2+2+2+2+3+8
2454:27=2+2+2+2+2+2+2+2+3+3+5
2455:27=2+2+2+2+2+2+2+2+3+4+4
2456:27=2+2+2+2+2+2+2+2+4+7
2457:27=2+2+2+2+2+2+2+2+5+6
2458:27=2+2+2+2+2+2+2+3+10
2459:27=2+2+2+2+2+2+2+3+3+7
2460:27=2+2+2+2+2+2+2+3+3+3+4
2461:27=2+2+2+2+2+2+2+3+4+6
2462:27=2+2+2+2+2+2+2+3+5+5
2463:27=2+2+2+2+2+2+2+4+9
2464:27=2+2+2+2+2+2+2+4+4+5
2465:27=2+2+2+2+2+2+2+5+8
2466:27=2+2+2+2+2+2+2+6+7
2467:27=2+2+2+2+2+2+3+12
2468:27=2+2+2+2+2+2+3+3+9
2469:27=2+2+2+2+2+2+3+3+3+6
2470:27=2+2+2+2+2+2+3+3+3+3+3
2471:27=2+2+2+2+2+2+3+3+4+5
2472:27=2+2+2+2+2+2+3+4+8
2473:27=2+2+2+2+2+2+3+4+4+4
2474:27=2+2+2+2+2+2+3+5+7
2475:27=2+2+2+2+2+2+3+6+6
2476:27=2+2+2+2+2+2+4+11
2477:27=2+2+2+2+2+2+4+4+7
2478:27=2+2+2+2+2+2+4+5+6
2479:27=2+2+2+2+2+2+5+10
2480:27=2+2+2+2+2+2+5+5+5
2481:27=2+2+2+2+2+2+6+9
2482:27=2+2+2+2+2+2+7+8
2483:27=2+2+2+2+2+3+14
2484:27=2+2+2+2+2+3+3+11
2485:27=2+2+2+2+2+3+3+3+8
2486:27=2+2+2+2+2+3+3+3+3+5
2487:27=2+2+2+2+2+3+3+3+4+4
2488:27=2+2+2+2+2+3+3+4+7
2489:27=2+2+2+2+2+3+3+5+6
2490:27=2+2+2+2+2+3+4+10
2491:27=2+2+2+2+2+3+4+4+6
2492:27=2+2+2+2+2+3+4+5+5
2493:27=2+2+2+2+2+3+5+9
2494:27=2+2+2+2+2+3+6+8
2495:27=2+2+2+2+2+3+7+7
2496:27=2+2+2+2+2+4+13
2497:27=2+2+2+2+2+4+4+9
2498:27=2+2+2+2+2+4+4+4+5
2499:27=2+2+2+2+2+4+5+8
2500:27=2+2+2+2+2+4+6+7
2501:27=2+2+2+2+2+5+12
2502:27=2+2+2+2+2+5+5+7
2503:27=2+2+2+2+2+5+6+6
2504:27=2+2+2+2+2+6+11
2505:27=2+2+2+2+2+7+10
2506:27=2+2+2+2+2+8+9
2507:27=2+2+2+2+3+16
2508:27=2+2+2+2+3+3+13
2509:27=2+2+2+2+3+3+3+10
2510:27=2+2+2+2+3+3+3+3+7
2511:27=2+2+2+2+3+3+3+3+3+4
2512:27=2+2+2+2+3+3+3+4+6
2513:27=2+2+2+2+3+3+3+5+5
2514:27=2+2+2+2+3+3+4+9
2515:27=2+2+2+2+3+3+4+4+5
2516:27=2+2+2+2+3+3+5+8
2517:27=2+2+2+2+3+3+6+7
2518:27=2+2+2+2+3+4+12
2519:27=2+2+2+2+3+4+4+8
2520:27=2+2+2+2+3+4+4+4+4
2521:27=2+2+2+2+3+4+5+7
2522:27=2+2+2+2+3+4+6+6
2523:27=2+2+2+2+3+5+11
2524:27=2+2+2+2+3+5+5+6
2525:27=2+2+2+2+3+6+10
2526:27=2+2+2+2+3+7+9
2527:27=2+2+2+2+3+8+8
2528:27=2+2+2+2+4+15
2529:27=2+2+2+2+4+4+11
2530:27=2+2+2+2+4+4+4+7
2531:27=2+2+2+2+4+4+5+6
2532:27=2+2+2+2+4+5+10
2533:27=2+2+2+2+4+5+5+5
2534:27=2+2+2+2+4+6+9
2535:27=2+2+2+2+4+7+8
2536:27=2+2+2+2+5+14
2537:27=2+2+2+2+5+5+9
2538:27=2+2+2+2+5+6+8
2539:27=2+2+2+2+5+7+7
2540:27=2+2+2+2+6+13
2541:27=2+2+2+2+6+6+7
2542:27=2+2+2+2+7+12
2543:27=2+2+2+2+8+11
2544:27=2+2+2+2+9+10
2545:27=2+2+2+3+18
2546:27=2+2+2+3+3+15
2547:27=2+2+2+3+3+3+12
2548:27=2+2+2+3+3+3+3+9
2549:27=2+2+2+3+3+3+3+3+6
2550:27=2+2+2+3+3+3+3+3+3+3
2551:27=2+2+2+3+3+3+3+4+5
2552:27=2+2+2+3+3+3+4+8
2553:27=2+2+2+3+3+3+4+4+4
2554:27=2+2+2+3+3+3+5+7
2555:27=2+2+2+3+3+3+6+6
2556:27=2+2+2+3+3+4+11
2557:27=2+2+2+3+3+4+4+7
2558:27=2+2+2+3+3+4+5+6
2559:27=2+2+2+3+3+5+10
2560:27=2+2+2+3+3+5+5+5
2561:27=2+2+2+3+3+6+9
2562:27=2+2+2+3+3+7+8
2563:27=2+2+2+3+4+14
2564:27=2+2+2+3+4+4+10
2565:27=2+2+2+3+4+4+4+6
2566:27=2+2+2+3+4+4+5+5
2567:27=2+2+2+3+4+5+9
2568:27=2+2+2+3+4+6+8
2569:27=2+2+2+3+4+7+7
2570:27=2+2+2+3+5+13
2571:27=2+2+2+3+5+5+8
2572:27=2+2+2+3+5+6+7
2573:27=2+2+2+3+6+12
2574:27=2+2+2+3+6+6+6
2575:27=2+2+2+3+7+11
2576:27=2+2+2+3+8+10
2577:27=2+2+2+3+9+9
2578:27=2+2+2+4+17
2579:27=2+2+2+4+4+13
2580:27=2+2+2+4+4+4+9
2581:27=2+2+2+4+4+4+4+5
2582:27=2+2+2+4+4+5+8
2583:27=2+2+2+4+4+6+7
2584:27=2+2+2+4+5+12
2585:27=2+2+2+4+5+5+7
2586:27=2+2+2+4+5+6+6
2587:27=2+2+2+4+6+11
2588:27=2+2+2+4+7+10
2589:27=2+2+2+4+8+9
2590:27=2+2+2+5+16
2591:27=2+2+2+5+5+11
2592:27=2+2+2+5+5+5+6
2593:27=2+2+2+5+6+10
2594:27=2+2+2+5+7+9
2595:27=2+2+2+5+8+8
2596:27=2+2+2+6+15
2597:27=2+2+2+6+6+9
2598:27=2+2+2+6+7+8
2599:27=2+2+2+7+14
2600:27=2+2+2+7+7+7
2601:27=2+2+2+8+13
2602:27=2+2+2+9+12
2603:27=2+2+2+10+11
2604:27=2+2+3+20
2605:27=2+2+3+3+17
2606:27=2+2+3+3+3+14
2607:27=2+2+3+3+3+3+11
2608:27=2+2+3+3+3+3+3+8
2609:27=2+2+3+3+3+3+3+3+5
2610:27=2+2+3+3+3+3+3+4+4
2611:27=2+2+3+3+3+3+4+7
2612:27=2+2+3+3+3+3+5+6
2613:27=2+2+3+3+3+4+10
2614:27=2+2+3+3+3+4+4+6
2615:27=2+2+3+3+3+4+5+5
2616:27=2+2+3+3+3+5+9
2617:27=2+2+3+3+3+6+8
2618:27=2+2+3+3+3+7+7
2619:27=2+2+3+3+4+13
2620:27=2+2+3+3+4+4+9
2621:27=2+2+3+3+4+4+4+5
2622:27=2+2+3+3+4+5+8
2623:27=2+2+3+3+4+6+7
2624:27=2+2+3+3+5+12
2625:27=2+2+3+3+5+5+7
2626:27=2+2+3+3+5+6+6
2627:27=2+2+3+3+6+11
2628:27=2+2+3+3+7+10
2629:27=2+2+3+3+8+9
2630:27=2+2+3+4+16
2631:27=2+2+3+4+4+12
2632:27=2+2+3+4+4+4+8
2633:27=2+2+3+4+4+4+4+4
2634:27=2+2+3+4+4+5+7
2635:27=2+2+3+4+4+6+6
2636:27=2+2+3+4+5+11
2637:27=2+2+3+4+5+5+6
2638:27=2+2+3+4+6+10
2639:27=2+2+3+4+7+9
2640:27=2+2+3+4+8+8
2641:27=2+2+3+5+15
2642:27=2+2+3+5+5+10
2643:27=2+2+3+5+5+5+5
2644:27=2+2+3+5+6+9
2645:27=2+2+3+5+7+8
2646:27=2+2+3+6+14
2647:27=2+2+3+6+6+8
2648:27=2+2+3+6+7+7
2649:27=2+2+3+7+13
2650:27=2+2+3+8+12
2651:27=2+2+3+9+11
2652:27=2+2+3+10+10
2653:27=2+2+4+19
2654:27=2+2+4+4+15
2655:27=2+2+4+4+4+11
2656:27=2+2+4+4+4+4+7
2657:27=2+2+4+4+4+5+6
2658:27=2+2+4+4+5+10
2659:27=2+2+4+4+5+5+5
2660:27=2+2+4+4+6+9
2661:27=2+2+4+4+7+8
2662:27=2+2+4+5+14
2663:27=2+2+4+5+5+9
2664:27=2+2+4+5+6+8
2665:27=2+2+4+5+7+7
2666:27=2+2+4+6+13
2667:27=2+2+4+6+6+7
2668:27=2+2+4+7+12
2669:27=2+2+4+8+11
2670:27=2+2+4+9+10
2671:27=2+2+5+18
2672:27=2+2+5+5+13
2673:27=2+2+5+5+5+8
2674:27=2+2+5+5+6+7
2675:27=2+2+5+6+12
2676:27=2+2+5+6+6+6
2677:27=2+2+5+7+11
2678:27=2+2+5+8+10
2679:27=2+2+5+9+9
2680:27=2+2+6+17
2681:27=2+2+6+6+11
2682:27=2+2+6+7+10
2683:27=2+2+6+8+9
2684:27=2+2+7+16
2685:27=2+2+7+7+9
2686:27=2+2+7+8+8
2687:27=2+2+8+15
2688:27=2+2+9+14
2689:27=2+2+10+13
2690:27=2+2+11+12
2691:27=2+3+22
2692:27=2+3+3+19
2693:27=2+3+3+3+16
2694:27=2+3+3+3+3+13
2695:27=2+3+3+3+3+3+10
2696:27=2+3+3+3+3+3+3+7
2697:27=2+3+3+3+3+3+3+3+4
2698:27=2+3+3+3+3+3+4+6
2699:27=2+3+3+3+3+3+5+5
2700:27=2+3+3+3+3+4+9
2701:27=2+3+3+3+3+4+4+5
2702:27=2+3+3+3+3+5+8
2703:27=2+3+3+3+3+6+7
2704:27=2+3+3+3+4+12
2705:27=2+3+3+3+4+4+8
2706:27=2+3+3+3+4+4+4+4
2707:27=2+3+3+3+4+5+7
2708:27=2+3+3+3+4+6+6
2709:27=2+3+3+3+5+11
2710:27=2+3+3+3+5+5+6
2711:27=2+3+3+3+6+10
2712:27=2+3+3+3+7+9
2713:27=2+3+3+3+8+8
2714:27=2+3+3+4+15
2715:27=2+3+3+4+4+11
2716:27=2+3+3+4+4+4+7
2717:27=2+3+3+4+4+5+6
2718:27=2+3+3+4+5+10
2719:27=2+3+3+4+5+5+5
2720:27=2+3+3+4+6+9
2721:27=2+3+3+4+7+8
2722:27=2+3+3+5+14
2723:27=2+3+3+5+5+9
2724:27=2+3+3+5+6+8
2725:27=2+3+3+5+7+7
2726:27=2+3+3+6+13
2727:27=2+3+3+6+6+7
2728:27=2+3+3+7+12
2729:27=2+3+3+8+11
2730:27=2+3+3+9+10
2731:27=2+3+4+18
2732:27=2+3+4+4+14
2733:27=2+3+4+4+4+10
2734:27=2+3+4+4+4+4+6
2735:27=2+3+4+4+4+5+5
2736:27=2+3+4+4+5+9
2737:27=2+3+4+4+6+8
2738:27=2+3+4+4+7+7
2739:27=2+3+4+5+13
2740:27=2+3+4+5+5+8
2741:27=2+3+4+5+6+7
2742:27=2+3+4+6+12
2743:27=2+3+4+6+6+6
2744:27=2+3+4+7+11
2745:27=2+3+4+8+10
2746:27=2+3+4+9+9
2747:27=2+3+5+17
2748:27=2+3+5+5+12
2749:27=2+3+5+5+5+7
2750:27=2+3+5+5+6+6
2751:27=2+3+5+6+11
2752:27=2+3+5+7+10
2753:27=2+3+5+8+9
2754:27=2+3+6+16
2755:27=2+3+6+6+10
2756:27=2+3+6+7+9
2757:27=2+3+6+8+8
2758:27=2+3+7+15
2759:27=2+3+7+7+8
2760:27=2+3+8+14
2761:27=2+3+9+13
2762:27=2+3+10+12
2763:27=2+3+11+11
2764:27=2+4+21
2765:27=2+4+4+17
2766:27=2+4+4+4+13
2767:27=2+4+4+4+4+9
2768:27=2+4+4+4+4+4+5
2769:27=2+4+4+4+5+8
2770:27=2+4+4+4+6+7
2771:27=2+4+4+5+12
2772:27=2+4+4+5+5+7
2773:27=2+4+4+5+6+6
2774:27=2+4+4+6+11
2775:27=2+4+4+7+10
2776:27=2+4+4+8+9
2777:27=2+4+5+16
2778:27=2+4+5+5+11
2779:27=2+4+5+5+5+6
2780:27=2+4+5+6+10
2781:27=2+4+5+7+9
2782:27=2+4+5+8+8
2783:27=2+4+6+15
2784:27=2+4+6+6+9
2785:27=2+4+6+7+8
2786:27=2+4+7+14
2787:27=2+4+7+7+7
2788:27=2+4+8+13
2789:27=2+4+9+12
2790:27=2+4+10+11
2791:27=2+5+20
2792:27=2+5+5+15
2793:27=2+5+5+5+10
2794:27=2+5+5+5+5+5
2795:27=2+5+5+6+9
2796:27=2+5+5+7+8
2797:27=2+5+6+14
2798:27=2+5+6+6+8
2799:27=2+5+6+7+7
2800:27=2+5+7+13
2801:27=2+5+8+12
2802:27=2+5+9+11
2803:27=2+5+10+10
2804:27=2+6+19
2805:27=2+6+6+13
2806:27=2+6+6+6+7
2807:27=2+6+7+12
2808:27=2+6+8+11
2809:27=2+6+9+10
2810:27=2+7+18
2811:27=2+7+7+11
2812:27=2+7+8+10
2813:27=2+7+9+9
2814:27=2+8+17
2815:27=2+8+8+9
2816:27=2+9+16
2817:27=2+10+15
2818:27=2+11+14
2819:27=2+12+13
2820:27=3+24
2821:27=3+3+21
2822:27=3+3+3+18
2823:27=3+3+3+3+15
2824:27=3+3+3+3+3+12
2825:27=3+3+3+3+3+3+9
2826:27=3+3+3+3+3+3+3+6
2827:27=3+3+3+3+3+3+3+3+3
2828:27=3+3+3+3+3+3+4+5
2829:27=3+3+3+3+3+4+8
2830:27=3+3+3+3+3+4+4+4
2831:27=3+3+3+3+3+5+7
2832:27=3+3+3+3+3+6+6
2833:27=3+3+3+3+4+11
2834:27=3+3+3+3+4+4+7
2835:27=3+3+3+3+4+5+6
2836:27=3+3+3+3+5+10
2837:27=3+3+3+3+5+5+5
2838:27=3+3+3+3+6+9
2839:27=3+3+3+3+7+8
2840:27=3+3+3+4+14
2841:27=3+3+3+4+4+10
2842:27=3+3+3+4+4+4+6
2843:27=3+3+3+4+4+5+5
2844:27=3+3+3+4+5+9
2845:27=3+3+3+4+6+8
2846:27=3+3+3+4+7+7
2847:27=3+3+3+5+13
2848:27=3+3+3+5+5+8
2849:27=3+3+3+5+6+7
2850:27=3+3+3+6+12
2851:27=3+3+3+6+6+6
2852:27=3+3+3+7+11
2853:27=3+3+3+8+10
2854:27=3+3+3+9+9
2855:27=3+3+4+17
2856:27=3+3+4+4+13
2857:27=3+3+4+4+4+9
2858:27=3+3+4+4+4+4+5
2859:27=3+3+4+4+5+8
2860:27=3+3+4+4+6+7
2861:27=3+3+4+5+12
2862:27=3+3+4+5+5+7
2863:27=3+3+4+5+6+6
2864:27=3+3+4+6+11
2865:27=3+3+4+7+10
2866:27=3+3+4+8+9
2867:27=3+3+5+16
2868:27=3+3+5+5+11
2869:27=3+3+5+5+5+6
2870:27=3+3+5+6+10
2871:27=3+3+5+7+9
2872:27=3+3+5+8+8
2873:27=3+3+6+15
2874:27=3+3+6+6+9
2875:27=3+3+6+7+8
2876:27=3+3+7+14
2877:27=3+3+7+7+7
2878:27=3+3+8+13
2879:27=3+3+9+12
2880:27=3+3+10+11
2881:27=3+4+20
2882:27=3+4+4+16
2883:27=3+4+4+4+12
2884:27=3+4+4+4+4+8
2885:27=3+4+4+4+4+4+4
2886:27=3+4+4+4+5+7
2887:27=3+4+4+4+6+6
2888:27=3+4+4+5+11
2889:27=3+4+4+5+5+6
2890:27=3+4+4+6+10
2891:27=3+4+4+7+9
2892:27=3+4+4+8+8
2893:27=3+4+5+15
2894:27=3+4+5+5+10
2895:27=3+4+5+5+5+5
2896:27=3+4+5+6+9
2897:27=3+4+5+7+8
2898:27=3+4+6+14
2899:27=3+4+6+6+8
2900:27=3+4+6+7+7
2901:27=3+4+7+13
2902:27=3+4+8+12
2903:27=3+4+9+11
2904:27=3+4+10+10
2905:27=3+5+19
2906:27=3+5+5+14
2907:27=3+5+5+5+9
2908:27=3+5+5+6+8
2909:27=3+5+5+7+7
2910:27=3+5+6+13
2911:27=3+5+6+6+7
2912:27=3+5+7+12
2913:27=3+5+8+11
2914:27=3+5+9+10
2915:27=3+6+18
2916:27=3+6+6+12
2917:27=3+6+6+6+6
2918:27=3+6+7+11
2919:27=3+6+8+10
2920:27=3+6+9+9
2921:27=3+7+17
2922:27=3+7+7+10
2923:27=3+7+8+9
2924:27=3+8+16
2925:27=3+8+8+8
2926:27=3+9+15
2927:27=3+10+14
2928:27=3+11+13
2929:27=3+12+12
2930:27=4+23
2931:27=4+4+19
2932:27=4+4+4+15
2933:27=4+4+4+4+11
2934:27=4+4+4+4+4+7
2935:27=4+4+4+4+5+6
2936:27=4+4+4+5+10
2937:27=4+4+4+5+5+5
2938:27=4+4+4+6+9
2939:27=4+4+4+7+8
2940:27=4+4+5+14
2941:27=4+4+5+5+9
2942:27=4+4+5+6+8
2943:27=4+4+5+7+7
2944:27=4+4+6+13
2945:27=4+4+6+6+7
2946:27=4+4+7+12
2947:27=4+4+8+11
2948:27=4+4+9+10
2949:27=4+5+18
2950:27=4+5+5+13
2951:27=4+5+5+5+8
2952:27=4+5+5+6+7
2953:27=4+5+6+12
2954:27=4+5+6+6+6
2955:27=4+5+7+11
2956:27=4+5+8+10
2957:27=4+5+9+9
2958:27=4+6+17
2959:27=4+6+6+11
2960:27=4+6+7+10
2961:27=4+6+8+9
2962:27=4+7+16
2963:27=4+7+7+9
2964:27=4+7+8+8
2965:27=4+8+15
2966:27=4+9+14
2967:27=4+10+13
2968:27=4+11+12
2969:27=5+22
2970:27=5+5+17
2971:27=5+5+5+12
2972:27=5+5+5+5+7
2973:27=5+5+5+6+6
2974:27=5+5+6+11
2975:27=5+5+7+10
2976:27=5+5+8+9
2977:27=5+6+16
2978:27=5+6+6+10
2979:27=5+6+7+9
2980:27=5+6+8+8
2981:27=5+7+15
2982:27=5+7+7+8
2983:27=5+8+14
2984:27=5+9+13
2985:27=5+10+12
2986:27=5+11+11
2987:27=6+21
2988:27=6+6+15
2989:27=6+6+6+9
2990:27=6+6+7+8
2991:27=6+7+14
2992:27=6+7+7+7
2993:27=6+8+13
2994:27=6+9+12
2995:27=6+10+11
2996:27=7+20
2997:27=7+7+13
2998:27=7+8+12
2999:27=7+9+11
3000:27=7+10+10
3001:27=8+19
3002:27=8+8+11
3003:27=8+9+10
3004:27=9+18
3005:27=9+9+9
3006:27=10+17
3007:27=11+16
3008:27=12+15
3009:27=13+14
