1:13=1+12
2:13=1+1+11
3:13=1+1+1+10
4:13=1+1+1+1+9
5:13=1+1+1+1+1+8
6:13=1+1+1+1+1+1+7
7:13=1+1+1+1+1+1+1+6
8:13=1+1+1+1+1+1+1+1+5
9:13=1+1+1+1+1+1+1+1+1+4
10:13=1+1+1+1+1+1+1+1+1+1+3
11:13=1+1+1+1+1+1+1+1+1+1+1+2
12:13=1+1+1+1+1+1+1+1+1+1+1+1+1
13:13=1+1+1+1+1+1+1+1+1+2+2
14:13=1+1+1+1+1+1+1+1+2+3
15:13=1+1+1+1+1+1+1+2+4
16:13=1+1+1+1+1+1+1+2+2+2
17:13=1+1+1+1+1+1+1+3+3
18:13=1+1+1+1+1+1+2+5
19:13=1+1+1+1+1+1+2+2+3
20:13=1+1+1+1+1+1+3+4
21:13=1+1+1+1+1+2+6
22:13=1+1+1+1+1+2+2+4
23:13=1+1+1+1+1+2+2+2+2
24:13=1+1+1+1+1+2+3+3
25:13=1+1+1+1+1+3+5
26:13=1+1+1+1+1+4+4
27:13=1+1+1+1+2+7
28:13=1+1+1+1+2+2+5
29:13=1+1+1+1+2+2+2+3
30:13=1+1+1+1+2+3+4
31:13=1+1+1+1+3+6
32:13=1+1+1+1+3+3+3
33:13=1+1+1+1+4+5
34:13=1+1+1+2+8
35:13=1+1+1+2+2+6
36:13=1+1+1+2+2+2+4
37:13=1+1+1+2+2+2+2+2
38:13=1+1+1+2+2+3+3
39:13=1+1+1+2+3+5
40:13=1+1+1+2+4+4
41:13=1+1+1+3+7
42:13=1+1+1+3+3+4
43:13=1+1+1+4+6
44:13=1+1+1+5+5
45:13=1+1+2+9
46:13=1+1+2+2+7
47:13=1+1+2+2+2+5
48:13=1+1+2+2+2+2+3
49:13=1+1+2+2+3+4
50:13=1+1+2+3+6
51:13=1+1+2+3+3+3
52:13=1+1+2+4+5
53:13=1+1+3+8
54:13=1+1+3+3+5
55:13=1+1+3+4+4
56:13=1+1+4+7
57:13=1+1+5+6
58:13=1+2+10
59:13=1+2+2+8
60:13=1+2+2+2+6
61:13=1+2+2+2+2+4
62:13=1+2+2+2+2+2+2
63:13=1+2+2+2+3+3
64:13=1+2+2+3+5
65:13=1+2+2+4+4
66:13=1+2+3+7
67:13=1+2+3+3+4
68:13=1+2+4+6
69:13=1+2+5+5
70:13=1+3+9
71:13=1+3+3+6
72:13=1+3+3+3+3
73:13=1+3+4+5
74:13=1+4+8
75:13=1+4+4+4
76:13=1+5+7
77:13=1+6+6
78:13=2+11
79:13=2+2+9
80:13=2+2+2+7
81:13=2+2+2+2+5
82:13=2+2+2+2+2+3
83:13=2+2+2+3+4
84:13=2+2+3+6
85:13=2+2+3+3+3
86:13=2+2+4+5
87:13=2+3+8
88:13=2+3+3+5
89:13=2+3+4+4
90:13=2+4+7
91:13=2+5+6
92:13=3+10
93:13=3+3+7
94:13=3+3+3+4
95:13=3+4+6
96:13=3+5+5
97:13=4+9
98:13=4+4+5
99:13=5+8
100:13=6+7
