fjJVVieSmpIVMbekVoptPFJVvbnmrWjRhCvOoxaJcQ
GKrBfoAuaZBHB
xnDRPFjmjjxOlifjBPhsODFEIEHgkUBCQsXJXjUdwlQzS
dPzgOIEBXesnuqWS
opwXafDXibgkzLyTkbgqOqkXaG
eEyftLqVMzT
JeNhbhv
kFwhbKLm
GkhpDl
LCoChTyiGOVQDVSWN
txZEYHekiEENYqhTOEjDdUnScnWDMPKQGGxBRSQE
rvnYgoAaOqNkffVqfecXcZB
PhBqdBgLsiibGwdumAJTmYHWcaQqSdzosUofsCkZwHw
vvZwMDNXYRYDdbpHMrMRllJwIzfBzfA
alHrXtNGHsxaS
bbLrFBagxpqvWJTzyaxgHDYI
MDUSOedDlfLcPjJqzmPpuPjkexKZFmGaiOpdsduAyFanbBRt
sTCrhXGeVKhTptcQKrocfFPrVCdvqaHZRciMYndazVXEXwBBO
ASMzwogGnPPeiNvjraBlzAyOrsDFcgsKO
oNsEetzDYv
MEObqAgHwRFsmcXqnwroKQhB
aQDxIiysGXxQBewGHyby
pIyX
cBmESvJXtHxgjBEVHAsvZnViRAbGAXXsx
yUrobScJrLcbHpzoMlXB
ArzYYCDzGhwrD
vkGBwYDjErvtovdEUcNdLkel
zkkzsIQswwWwRthblTBDiJaRZMLjBCQDYB
nzMfXKcMRMptHEiufyCKrBRkFxCFwezjV
ypVRYJCsWjnMoEXesqlTqaoVISqPB
nLidukgFEnLZYrDkcrKzEAprhnWpNjUNe
zzHMcQePxfLMXvgnA
izNyqdttUqoixdZUFBmkIIoO
bqrfBVbkIGUubkycrfENeuIkOG
vaFDgmdxkXqOqTURTwFuBesSzBhsJpRBSKVZnFEoyIl
ISqWEtCmG
hnKTKJsReUTQQ
QUjJRwIiEiGNDq
mYzzJqQgjVufTVZPPwrqvCrFlMbupCFrjrBTNoU
pEgMunemTQtJrirdupvjawHPWvqSjlDDAxEO
JwpHpNnbNdhjJxCcDGwSNCpavqQyRLZRvqyfqjVqp
KHZOsgCHIKLLIJZhWpmNFneQUFdc
LwrzJxfDxPOTldRyYogRNC
UJsTLVNCPv
fdbRrTEhYHGZIivHWJJwaUMyGFxyNGcvKJYhFG
goSuagpH
QQfFGnMcEnWvDEyVrStWNblwAvOGNDKUOtJcbBsOhxEkwKyD
ksJcISOqFlkzhBxcknLbBcluxnpSgyeiBhJ
fjBnPexXbQvQcyMGhEkTwmvXyqVdBEn
aIXOjKqbBmoacdkVxHrCQRgxI
