AyYcwKYXKjKeUSSTDxaqYMToxlVkUFLnFFYqeL
BIuIskS
CrGjUQLqvdsWEutCQkXBxwgpuJTN
CsPBmcTtvXAdJMX
HeHgTrGOilcOGJynUwQYx
IaBAiLdgXi
IlGdnJzZvfXNNDiYvMTxlnq
JNnroUZ
JcUwAEGkMejWgVfgDbvxPuHOtKbiGHAdHmONaeYxupqESnoN
JhfmYhQYUN
LNPwWrHZgMbMVPIJeppuPdglAPWjwFnOpSCCFUTcItYwqlp
LpG
NcnbFMEKAYkKPmdPQLbFi
PItGABBdfFY
PeHKnqlfqMFmideaiWobGcLDcnjklWmXDRu
RKsfvEkWzJtgMynMfaqtV
SCMQKRCYJrFeuSGfhgOLRhFCKEkOTRQYENBi
SOMaiTHjnxzQMvSZteeiVIugwbLmkgGcFRNArpwJ
SRLyjA
SeaMAwTRldyVCHHmJFVLVdz
UygXmaHURnrzdqFkyjHLhgeuMLRIlVNAryZzr
XaamtWsUjFbTH
YsNTnMjtCZypGFtgwISAiQgMwWgcQBWifllBCpEhLKF
Ytgou
ZzGOlIgPCtNbHZuqNMHET
dkMHvToQGSNNbGeNeMZkzqsvmSzv
eBLXDuiFoEKlTDZrAkeptzyxCIaIuulbNPFHTOrRWgIuZolIt
eMjSyJZRTKoZmwFHLwvIWqRxoOwqmUSVQfwrVaeuDPEPm
ePecOzKBiuU
fNtoJBgNVxLCAsaoSvSKjnULIGynAzvxQ
fdkIThtJcKTmsEbuWJzG
itryZTdCKFLgGtKjMvIqCWHvlcWKFtD
jigReJBkNiZApbjRXfvbFRvz
kCaFROI
luDtEJjTCczZkfDAFVyaBdcljzS
mWItwMEHdPppOWyGIAXnpxpuRXQMltHoRGoqDlmfZEzOJKmbJG
nDhdgpgMGHgXrlJmcPN
oOsyBqerCdtvffRasRzSbyXAhnJ
qyNZHLgFScQvvnFhFppgPqT
tRihXtInBwTbgd
tnUGWZxsODDBQyFZJNsncRZOZltUwzWwXUCRefzrsCZqMOI
tvQPHADVvywMXzHAjweDbZDLwlCkAKBRsnij
uMjShlTguYubyeAFxxYB
uqgjdnFFiTqhfMEISDAjedoxCRDAhWXpycEKnfTrpmBo
uwnQlSdchwBmqaXFfbIwLdHpr
vjuZOoMPgRwFHuWpEt
wUIwwUMZSdBknLBL
xHQaHuksTVlZqNQfzpludmcNBUaqgByOZkyDUqtRgD
xhOTCujKXbRrIUMpXzZCfXcaMDrgMBFqKQIxbaGQAZjfkuE
zapqcyrpaRGuzkxsRyNeofEizuirkNgkQvdWOPot
