1226 
1177 1227 
1129 1178 1228 
1082 1130 1179 1229 
1036 1083 1131 1180 1230 
991 1037 1084 1132 1181 1231 
947 992 1038 1085 1133 1182 1232 
904 948 993 1039 1086 1134 1183 1233 
862 905 949 994 1040 1087 1135 1184 1234 
821 863 906 950 995 1041 1088 1136 1185 1235 
781 822 864 907 951 996 1042 1089 1137 1186 1236 
742 782 823 865 908 952 997 1043 1090 1138 1187 1237 
704 743 783 824 866 909 953 998 1044 1091 1139 1188 1238 
667 705 744 784 825 867 910 954 999 1045 1092 1140 1189 1239 
631 668 706 745 785 826 868 911 955 1000 1046 1093 1141 1190 1240 
596 632 669 707 746 786 827 869 912 956 1001 1047 1094 1142 1191 1241 
562 597 633 670 708 747 787 828 870 913 957 1002 1048 1095 1143 1192 1242 
529 563 598 634 671 709 748 788 829 871 914 958 1003 1049 1096 1144 1193 1243 
497 530 564 599 635 672 710 749 789 830 872 915 959 1004 1050 1097 1145 1194 1244 
466 498 531 565 600 636 673 711 750 790 831 873 916 960 1005 1051 1098 1146 1195 1245 
436 467 499 532 566 601 637 674 712 751 791 832 874 917 961 1006 1052 1099 1147 1196 1246 
407 437 468 500 533 567 602 638 675 713 752 792 833 875 918 962 1007 1053 1100 1148 1197 1247 
379 408 438 469 501 534 568 603 639 676 714 753 793 834 876 919 963 1008 1054 1101 1149 1198 1248 
352 380 409 439 470 502 535 569 604 640 677 715 754 794 835 877 920 964 1009 1055 1102 1150 1199 1249 
326 353 381 410 440 471 503 536 570 605 641 678 716 755 795 836 878 921 965 1010 1056 1103 1151 1200 1250 
301 327 354 382 411 441 472 504 537 571 606 642 679 717 756 796 837 879 922 966 1011 1057 1104 1152 1201 1251 
277 302 328 355 383 412 442 473 505 538 572 607 643 680 718 757 797 838 880 923 967 1012 1058 1105 1153 1202 1252 
254 278 303 329 356 384 413 443 474 506 539 573 608 644 681 719 758 798 839 881 924 968 1013 1059 1106 1154 1203 1253 
232 255 279 304 330 357 385 414 444 475 507 540 574 609 645 682 720 759 799 840 882 925 969 1014 1060 1107 1155 1204 1254 
211 233 256 280 305 331 358 386 415 445 476 508 541 575 610 646 683 721 760 800 841 883 926 970 1015 1061 1108 1156 1205 1255 
191 212 234 257 281 306 332 359 387 416 446 477 509 542 576 611 647 684 722 761 801 842 884 927 971 1016 1062 1109 1157 1206 1256 
172 192 213 235 258 282 307 333 360 388 417 447 478 510 543 577 612 648 685 723 762 802 843 885 928 972 1017 1063 1110 1158 1207 1257 
154 173 193 214 236 259 283 308 334 361 389 418 448 479 511 544 578 613 649 686 724 763 803 844 886 929 973 1018 1064 1111 1159 1208 1258 
137 155 174 194 215 237 260 284 309 335 362 390 419 449 480 512 545 579 614 650 687 725 764 804 845 887 930 974 1019 1065 1112 1160 1209 1259 
121 138 156 175 195 216 238 261 285 310 336 363 391 420 450 481 513 546 580 615 651 688 726 765 805 846 888 931 975 1020 1066 1113 1161 1210 1260 
106 122 139 157 176 196 217 239 262 286 311 337 364 392 421 451 482 514 547 581 616 652 689 727 766 806 847 889 932 976 1021 1067 1114 1162 1211 1261 
92 107 123 140 158 177 197 218 240 263 287 312 338 365 393 422 452 483 515 548 582 617 653 690 728 767 807 848 890 933 977 1022 1068 1115 1163 1212 1262 
79 93 108 124 141 159 178 198 219 241 264 288 313 339 366 394 423 453 484 516 549 583 618 654 691 729 768 808 849 891 934 978 1023 1069 1116 1164 1213 1263 
67 80 94 109 125 142 160 179 199 220 242 265 289 314 340 367 395 424 454 485 517 550 584 619 655 692 730 769 809 850 892 935 979 1024 1070 1117 1165 1214 1264 
56 68 81 95 110 126 143 161 180 200 221 243 266 290 315 341 368 396 425 455 486 518 551 585 620 656 693 731 770 810 851 893 936 980 1025 1071 1118 1166 1215 1265 
46 57 69 82 96 111 127 144 162 181 201 222 244 267 291 316 342 369 397 426 456 487 519 552 586 621 657 694 732 771 811 852 894 937 981 1026 1072 1119 1167 1216 1266 
37 47 58 70 83 97 112 128 145 163 182 202 223 245 268 292 317 343 370 398 427 457 488 520 553 587 622 658 695 733 772 812 853 895 938 982 1027 1073 1120 1168 1217 1267 
29 38 48 59 71 84 98 113 129 146 164 183 203 224 246 269 293 318 344 371 399 428 458 489 521 554 588 623 659 696 734 773 813 854 896 939 983 1028 1074 1121 1169 1218 1268 
22 30 39 49 60 72 85 99 114 130 147 165 184 204 225 247 270 294 319 345 372 400 429 459 490 522 555 589 624 660 697 735 774 814 855 897 940 984 1029 1075 1122 1170 1219 1269 
16 23 31 40 50 61 73 86 100 115 131 148 166 185 205 226 248 271 295 320 346 373 401 430 460 491 523 556 590 625 661 698 736 775 815 856 898 941 985 1030 1076 1123 1171 1220 1270 
11 17 24 32 41 51 62 74 87 101 116 132 149 167 186 206 227 249 272 296 321 347 374 402 431 461 492 524 557 591 626 662 699 737 776 816 857 899 942 986 1031 1077 1124 1172 1221 1271 
7 12 18 25 33 42 52 63 75 88 102 117 133 150 168 187 207 228 250 273 297 322 348 375 403 432 462 493 525 558 592 627 663 700 738 777 817 858 900 943 987 1032 1078 1125 1173 1222 1272 
4 8 13 19 26 34 43 53 64 76 89 103 118 134 151 169 188 208 229 251 274 298 323 349 376 404 433 463 494 526 559 593 628 664 701 739 778 818 859 901 944 988 1033 1079 1126 1174 1223 1273 
2 5 9 14 20 27 35 44 54 65 77 90 104 119 135 152 170 189 209 230 252 275 299 324 350 377 405 434 464 495 527 560 594 629 665 702 740 779 819 860 902 945 989 1034 1080 1127 1175 1224 1274 
1 3 6 10 15 21 28 36 45 55 66 78 91 105 120 136 153 171 190 210 231 253 276 300 325 351 378 406 435 465 496 528 561 595 630 666 703 741 780 820 861 903 946 990 1035 1081 1128 1176 1225 1275 
