1 66
4 43
11 58
14 19
15 68
16 69
20 8
21 45
24 43
27 47
32 43
34 49
35 68
36 39
44 43
47 43
51 58
52 43
54 43
55 68
56 39
64 43
67 39
71 58
72 43
73 8
74 43
75 68
76 39
84 43
87 49
91 58
92 43
94 43
95 68
96 39
101 66
104 43
107 48
111 58
114 12
115 68
116 39
120 8
121 45
124 43
127 43
132 43
134 49
135 68
136 39
144 43
147 43
151 58
152 43
154 43
155 68
156 39
164 43
167 39
171 58
172 43
173 8
174 43
175 68
176 39
184 43
187 49
191 58
192 43
194 43
195 68
196 39
201 66
204 43
207 43
211 58
214 12
215 68
216 39
220 8
221 45
224 43
227 43
232 43
234 49
235 68
236 39
244 43
247 43
251 58
252 43
254 43
255 68
256 39
264 43
267 39
271 58
272 43
273 8
274 43
275 68
276 39
284 43
287 49
291 58
292 43
294 43
295 68
296 39
301 66
304 43
307 43
311 58
314 12
315 68
316 39
320 8
321 45
324 43
327 43
332 43
334 49
335 68
336 39
344 43
347 43
351 58
352 43
354 43
355 68
356 39
364 43
367 39
371 58
372 43
373 8
374 43
375 68
376 39
384 43
387 49
391 58
392 43
394 43
395 68
396 39
401 66
404 43
407 43
411 58
414 12
415 68
416 39
420 8
421 45
424 43
427 43
432 43
434 49
435 68
444 43
447 43
451 58
452 43
454 43
455 68
456 39
464 43
467 39
471 58
472 43
474 43
475 68
476 39
484 43
487 49
491 58
492 43
494 43
495 68
496 39
501 66
504 43
507 43
514 12
515 68
516 39
520 8
521 45
524 43
527 43
532 43
534 49
535 68
536 39
544 43
547 43
551 58
552 43
554 43
555 68
556 39
564 43
567 39
571 58
572 43
573 8
574 43
575 68
576 39
584 43
587 49
591 58
592 43
594 43
595 68
596 39
601 66
604 43
607 43
611 58
614 12
615 68
616 39
620 8
621 45
624 43
627 43
632 43
634 49
635 68
636 39
644 43
647 43
651 58
652 43
655 68
656 39
664 43
667 39
671 58
672 43
673 8
674 43
675 68
676 39
684 43
687 49
691 58
692 43
694 43
695 68
696 39
701 66
704 43
707 43
711 58
714 12
715 68
716 39
720 8
721 45
724 43
727 43
732 43
734 49
735 68
736 39
744 43
747 43
751 58
752 43
754 43
755 68
756 39
764 43
767 39
771 58
772 43
773 8
774 43
775 68
776 39
784 43
787 49
791 58
792 43
794 43
795 68
796 39
801 66
804 43
807 43
811 58
814 12
815 68
816 39
820 8
821 45
824 43
834 49
835 68
836 39
844 43
847 43
851 58
852 43
854 43
855 68
856 39
864 43
867 39
871 58
872 43
873 8
874 43
875 68
876 39
884 43
887 49
891 58
892 43
894 43
895 68
896 39
901 66
904 43
907 43
911 58
914 12
915 68
916 39
920 8
921 45
924 43
927 43
932 43
934 49
935 68
936 39
944 43
947 43
951 58
952 43
954 43
955 68
956 39
964 43
967 39
971 58
972 43
973 8
974 43
975 68
976 39
984 43
987 49
991 58
992 43
994 43
995 68
996 39
