1:24=1+23
2:24=1+1+22
3:24=1+1+1+21
4:24=1+1+1+1+20
5:24=1+1+1+1+1+19
6:24=1+1+1+1+1+1+18
7:24=1+1+1+1+1+1+1+17
8:24=1+1+1+1+1+1+1+1+16
9:24=1+1+1+1+1+1+1+1+1+15
10:24=1+1+1+1+1+1+1+1+1+1+14
11:24=1+1+1+1+1+1+1+1+1+1+1+13
12:24=1+1+1+1+1+1+1+1+1+1+1+1+12
13:24=1+1+1+1+1+1+1+1+1+1+1+1+1+11
14:24=1+1+1+1+1+1+1+1+1+1+1+1+1+1+10
15:24=1+1+1+1+1+1+1+1+1+1+1+1+1+1+1+9
16:24=1+1+1+1+1+1+1+1+1+1+1+1+1+1+1+1+8
17:24=1+1+1+1+1+1+1+1+1+1+1+1+1+1+1+1+1+7
18:24=1+1+1+1+1+1+1+1+1+1+1+1+1+1+1+1+1+1+6
19:24=1+1+1+1+1+1+1+1+1+1+1+1+1+1+1+1+1+1+1+5
20:24=1+1+1+1+1+1+1+1+1+1+1+1+1+1+1+1+1+1+1+1+4
21:24=1+1+1+1+1+1+1+1+1+1+1+1+1+1+1+1+1+1+1+1+1+3
22:24=1+1+1+1+1+1+1+1+1+1+1+1+1+1+1+1+1+1+1+1+1+1+2
23:24=1+1+1+1+1+1+1+1+1+1+1+1+1+1+1+1+1+1+1+1+1+1+1+1
24:24=1+1+1+1+1+1+1+1+1+1+1+1+1+1+1+1+1+1+1+1+2+2
25:24=1+1+1+1+1+1+1+1+1+1+1+1+1+1+1+1+1+1+1+2+3
26:24=1+1+1+1+1+1+1+1+1+1+1+1+1+1+1+1+1+1+2+4
27:24=1+1+1+1+1+1+1+1+1+1+1+1+1+1+1+1+1+1+2+2+2
28:24=1+1+1+1+1+1+1+1+1+1+1+1+1+1+1+1+1+1+3+3
29:24=1+1+1+1+1+1+1+1+1+1+1+1+1+1+1+1+1+2+5
30:24=1+1+1+1+1+1+1+1+1+1+1+1+1+1+1+1+1+2+2+3
31:24=1+1+1+1+1+1+1+1+1+1+1+1+1+1+1+1+1+3+4
32:24=1+1+1+1+1+1+1+1+1+1+1+1+1+1+1+1+2+6
33:24=1+1+1+1+1+1+1+1+1+1+1+1+1+1+1+1+2+2+4
34:24=1+1+1+1+1+1+1+1+1+1+1+1+1+1+1+1+2+2+2+2
35:24=1+1+1+1+1+1+1+1+1+1+1+1+1+1+1+1+2+3+3
36:24=1+1+1+1+1+1+1+1+1+1+1+1+1+1+1+1+3+5
37:24=1+1+1+1+1+1+1+1+1+1+1+1+1+1+1+1+4+4
38:24=1+1+1+1+1+1+1+1+1+1+1+1+1+1+1+2+7
39:24=1+1+1+1+1+1+1+1+1+1+1+1+1+1+1+2+2+5
40:24=1+1+1+1+1+1+1+1+1+1+1+1+1+1+1+2+2+2+3
41:24=1+1+1+1+1+1+1+1+1+1+1+1+1+1+1+2+3+4
42:24=1+1+1+1+1+1+1+1+1+1+1+1+1+1+1+3+6
43:24=1+1+1+1+1+1+1+1+1+1+1+1+1+1+1+3+3+3
44:24=1+1+1+1+1+1+1+1+1+1+1+1+1+1+1+4+5
45:24=1+1+1+1+1+1+1+1+1+1+1+1+1+1+2+8
46:24=1+1+1+1+1+1+1+1+1+1+1+1+1+1+2+2+6
47:24=1+1+1+1+1+1+1+1+1+1+1+1+1+1+2+2+2+4
48:24=1+1+1+1+1+1+1+1+1+1+1+1+1+1+2+2+2+2+2
49:24=1+1+1+1+1+1+1+1+1+1+1+1+1+1+2+2+3+3
50:24=1+1+1+1+1+1+1+1+1+1+1+1+1+1+2+3+5
51:24=1+1+1+1+1+1+1+1+1+1+1+1+1+1+2+4+4
52:24=1+1+1+1+1+1+1+1+1+1+1+1+1+1+3+7
53:24=1+1+1+1+1+1+1+1+1+1+1+1+1+1+3+3+4
54:24=1+1+1+1+1+1+1+1+1+1+1+1+1+1+4+6
55:24=1+1+1+1+1+1+1+1+1+1+1+1+1+1+5+5
56:24=1+1+1+1+1+1+1+1+1+1+1+1+1+2+9
57:24=1+1+1+1+1+1+1+1+1+1+1+1+1+2+2+7
58:24=1+1+1+1+1+1+1+1+1+1+1+1+1+2+2+2+5
59:24=1+1+1+1+1+1+1+1+1+1+1+1+1+2+2+2+2+3
60:24=1+1+1+1+1+1+1+1+1+1+1+1+1+2+2+3+4
61:24=1+1+1+1+1+1+1+1+1+1+1+1+1+2+3+6
62:24=1+1+1+1+1+1+1+1+1+1+1+1+1+2+3+3+3
63:24=1+1+1+1+1+1+1+1+1+1+1+1+1+2+4+5
64:24=1+1+1+1+1+1+1+1+1+1+1+1+1+3+8
65:24=1+1+1+1+1+1+1+1+1+1+1+1+1+3+3+5
66:24=1+1+1+1+1+1+1+1+1+1+1+1+1+3+4+4
67:24=1+1+1+1+1+1+1+1+1+1+1+1+1+4+7
68:24=1+1+1+1+1+1+1+1+1+1+1+1+1+5+6
69:24=1+1+1+1+1+1+1+1+1+1+1+1+2+10
70:24=1+1+1+1+1+1+1+1+1+1+1+1+2+2+8
71:24=1+1+1+1+1+1+1+1+1+1+1+1+2+2+2+6
72:24=1+1+1+1+1+1+1+1+1+1+1+1+2+2+2+2+4
73:24=1+1+1+1+1+1+1+1+1+1+1+1+2+2+2+2+2+2
74:24=1+1+1+1+1+1+1+1+1+1+1+1+2+2+2+3+3
75:24=1+1+1+1+1+1+1+1+1+1+1+1+2+2+3+5
76:24=1+1+1+1+1+1+1+1+1+1+1+1+2+2+4+4
77:24=1+1+1+1+1+1+1+1+1+1+1+1+2+3+7
78:24=1+1+1+1+1+1+1+1+1+1+1+1+2+3+3+4
79:24=1+1+1+1+1+1+1+1+1+1+1+1+2+4+6
80:24=1+1+1+1+1+1+1+1+1+1+1+1+2+5+5
81:24=1+1+1+1+1+1+1+1+1+1+1+1+3+9
82:24=1+1+1+1+1+1+1+1+1+1+1+1+3+3+6
83:24=1+1+1+1+1+1+1+1+1+1+1+1+3+3+3+3
84:24=1+1+1+1+1+1+1+1+1+1+1+1+3+4+5
85:24=1+1+1+1+1+1+1+1+1+1+1+1+4+8
86:24=1+1+1+1+1+1+1+1+1+1+1+1+4+4+4
87:24=1+1+1+1+1+1+1+1+1+1+1+1+5+7
88:24=1+1+1+1+1+1+1+1+1+1+1+1+6+6
89:24=1+1+1+1+1+1+1+1+1+1+1+2+11
90:24=1+1+1+1+1+1+1+1+1+1+1+2+2+9
91:24=1+1+1+1+1+1+1+1+1+1+1+2+2+2+7
92:24=1+1+1+1+1+1+1+1+1+1+1+2+2+2+2+5
93:24=1+1+1+1+1+1+1+1+1+1+1+2+2+2+2+2+3
94:24=1+1+1+1+1+1+1+1+1+1+1+2+2+2+3+4
95:24=1+1+1+1+1+1+1+1+1+1+1+2+2+3+6
96:24=1+1+1+1+1+1+1+1+1+1+1+2+2+3+3+3
97:24=1+1+1+1+1+1+1+1+1+1+1+2+2+4+5
98:24=1+1+1+1+1+1+1+1+1+1+1+2+3+8
99:24=1+1+1+1+1+1+1+1+1+1+1+2+3+3+5
100:24=1+1+1+1+1+1+1+1+1+1+1+2+3+4+4
101:24=1+1+1+1+1+1+1+1+1+1+1+2+4+7
102:24=1+1+1+1+1+1+1+1+1+1+1+2+5+6
103:24=1+1+1+1+1+1+1+1+1+1+1+3+10
104:24=1+1+1+1+1+1+1+1+1+1+1+3+3+7
105:24=1+1+1+1+1+1+1+1+1+1+1+3+3+3+4
106:24=1+1+1+1+1+1+1+1+1+1+1+3+4+6
107:24=1+1+1+1+1+1+1+1+1+1+1+3+5+5
108:24=1+1+1+1+1+1+1+1+1+1+1+4+9
109:24=1+1+1+1+1+1+1+1+1+1+1+4+4+5
110:24=1+1+1+1+1+1+1+1+1+1+1+5+8
111:24=1+1+1+1+1+1+1+1+1+1+1+6+7
112:24=1+1+1+1+1+1+1+1+1+1+2+12
113:24=1+1+1+1+1+1+1+1+1+1+2+2+10
114:24=1+1+1+1+1+1+1+1+1+1+2+2+2+8
115:24=1+1+1+1+1+1+1+1+1+1+2+2+2+2+6
116:24=1+1+1+1+1+1+1+1+1+1+2+2+2+2+2+4
117:24=1+1+1+1+1+1+1+1+1+1+2+2+2+2+2+2+2
118:24=1+1+1+1+1+1+1+1+1+1+2+2+2+2+3+3
119:24=1+1+1+1+1+1+1+1+1+1+2+2+2+3+5
120:24=1+1+1+1+1+1+1+1+1+1+2+2+2+4+4
121:24=1+1+1+1+1+1+1+1+1+1+2+2+3+7
122:24=1+1+1+1+1+1+1+1+1+1+2+2+3+3+4
123:24=1+1+1+1+1+1+1+1+1+1+2+2+4+6
124:24=1+1+1+1+1+1+1+1+1+1+2+2+5+5
125:24=1+1+1+1+1+1+1+1+1+1+2+3+9
126:24=1+1+1+1+1+1+1+1+1+1+2+3+3+6
127:24=1+1+1+1+1+1+1+1+1+1+2+3+3+3+3
128:24=1+1+1+1+1+1+1+1+1+1+2+3+4+5
129:24=1+1+1+1+1+1+1+1+1+1+2+4+8
130:24=1+1+1+1+1+1+1+1+1+1+2+4+4+4
131:24=1+1+1+1+1+1+1+1+1+1+2+5+7
132:24=1+1+1+1+1+1+1+1+1+1+2+6+6
133:24=1+1+1+1+1+1+1+1+1+1+3+11
134:24=1+1+1+1+1+1+1+1+1+1+3+3+8
135:24=1+1+1+1+1+1+1+1+1+1+3+3+3+5
136:24=1+1+1+1+1+1+1+1+1+1+3+3+4+4
137:24=1+1+1+1+1+1+1+1+1+1+3+4+7
138:24=1+1+1+1+1+1+1+1+1+1+3+5+6
139:24=1+1+1+1+1+1+1+1+1+1+4+10
140:24=1+1+1+1+1+1+1+1+1+1+4+4+6
141:24=1+1+1+1+1+1+1+1+1+1+4+5+5
142:24=1+1+1+1+1+1+1+1+1+1+5+9
143:24=1+1+1+1+1+1+1+1+1+1+6+8
144:24=1+1+1+1+1+1+1+1+1+1+7+7
145:24=1+1+1+1+1+1+1+1+1+2+13
146:24=1+1+1+1+1+1+1+1+1+2+2+11
147:24=1+1+1+1+1+1+1+1+1+2+2+2+9
148:24=1+1+1+1+1+1+1+1+1+2+2+2+2+7
149:24=1+1+1+1+1+1+1+1+1+2+2+2+2+2+5
150:24=1+1+1+1+1+1+1+1+1+2+2+2+2+2+2+3
151:24=1+1+1+1+1+1+1+1+1+2+2+2+2+3+4
152:24=1+1+1+1+1+1+1+1+1+2+2+2+3+6
153:24=1+1+1+1+1+1+1+1+1+2+2+2+3+3+3
154:24=1+1+1+1+1+1+1+1+1+2+2+2+4+5
155:24=1+1+1+1+1+1+1+1+1+2+2+3+8
156:24=1+1+1+1+1+1+1+1+1+2+2+3+3+5
157:24=1+1+1+1+1+1+1+1+1+2+2+3+4+4
158:24=1+1+1+1+1+1+1+1+1+2+2+4+7
159:24=1+1+1+1+1+1+1+1+1+2+2+5+6
160:24=1+1+1+1+1+1+1+1+1+2+3+10
161:24=1+1+1+1+1+1+1+1+1+2+3+3+7
162:24=1+1+1+1+1+1+1+1+1+2+3+3+3+4
163:24=1+1+1+1+1+1+1+1+1+2+3+4+6
164:24=1+1+1+1+1+1+1+1+1+2+3+5+5
165:24=1+1+1+1+1+1+1+1+1+2+4+9
166:24=1+1+1+1+1+1+1+1+1+2+4+4+5
167:24=1+1+1+1+1+1+1+1+1+2+5+8
168:24=1+1+1+1+1+1+1+1+1+2+6+7
169:24=1+1+1+1+1+1+1+1+1+3+12
170:24=1+1+1+1+1+1+1+1+1+3+3+9
171:24=1+1+1+1+1+1+1+1+1+3+3+3+6
172:24=1+1+1+1+1+1+1+1+1+3+3+3+3+3
173:24=1+1+1+1+1+1+1+1+1+3+3+4+5
174:24=1+1+1+1+1+1+1+1+1+3+4+8
175:24=1+1+1+1+1+1+1+1+1+3+4+4+4
176:24=1+1+1+1+1+1+1+1+1+3+5+7
177:24=1+1+1+1+1+1+1+1+1+3+6+6
178:24=1+1+1+1+1+1+1+1+1+4+11
179:24=1+1+1+1+1+1+1+1+1+4+4+7
180:24=1+1+1+1+1+1+1+1+1+4+5+6
181:24=1+1+1+1+1+1+1+1+1+5+10
182:24=1+1+1+1+1+1+1+1+1+5+5+5
183:24=1+1+1+1+1+1+1+1+1+6+9
184:24=1+1+1+1+1+1+1+1+1+7+8
185:24=1+1+1+1+1+1+1+1+2+14
186:24=1+1+1+1+1+1+1+1+2+2+12
187:24=1+1+1+1+1+1+1+1+2+2+2+10
188:24=1+1+1+1+1+1+1+1+2+2+2+2+8
189:24=1+1+1+1+1+1+1+1+2+2+2+2+2+6
190:24=1+1+1+1+1+1+1+1+2+2+2+2+2+2+4
191:24=1+1+1+1+1+1+1+1+2+2+2+2+2+2+2+2
192:24=1+1+1+1+1+1+1+1+2+2+2+2+2+3+3
193:24=1+1+1+1+1+1+1+1+2+2+2+2+3+5
194:24=1+1+1+1+1+1+1+1+2+2+2+2+4+4
195:24=1+1+1+1+1+1+1+1+2+2+2+3+7
196:24=1+1+1+1+1+1+1+1+2+2+2+3+3+4
197:24=1+1+1+1+1+1+1+1+2+2+2+4+6
198:24=1+1+1+1+1+1+1+1+2+2+2+5+5
199:24=1+1+1+1+1+1+1+1+2+2+3+9
200:24=1+1+1+1+1+1+1+1+2+2+3+3+6
201:24=1+1+1+1+1+1+1+1+2+2+3+3+3+3
202:24=1+1+1+1+1+1+1+1+2+2+3+4+5
203:24=1+1+1+1+1+1+1+1+2+2+4+8
204:24=1+1+1+1+1+1+1+1+2+2+4+4+4
205:24=1+1+1+1+1+1+1+1+2+2+5+7
206:24=1+1+1+1+1+1+1+1+2+2+6+6
207:24=1+1+1+1+1+1+1+1+2+3+11
208:24=1+1+1+1+1+1+1+1+2+3+3+8
209:24=1+1+1+1+1+1+1+1+2+3+3+3+5
210:24=1+1+1+1+1+1+1+1+2+3+3+4+4
211:24=1+1+1+1+1+1+1+1+2+3+4+7
212:24=1+1+1+1+1+1+1+1+2+3+5+6
213:24=1+1+1+1+1+1+1+1+2+4+10
214:24=1+1+1+1+1+1+1+1+2+4+4+6
215:24=1+1+1+1+1+1+1+1+2+4+5+5
216:24=1+1+1+1+1+1+1+1+2+5+9
217:24=1+1+1+1+1+1+1+1+2+6+8
218:24=1+1+1+1+1+1+1+1+2+7+7
219:24=1+1+1+1+1+1+1+1+3+13
220:24=1+1+1+1+1+1+1+1+3+3+10
221:24=1+1+1+1+1+1+1+1+3+3+3+7
222:24=1+1+1+1+1+1+1+1+3+3+3+3+4
223:24=1+1+1+1+1+1+1+1+3+3+4+6
224:24=1+1+1+1+1+1+1+1+3+3+5+5
225:24=1+1+1+1+1+1+1+1+3+4+9
226:24=1+1+1+1+1+1+1+1+3+4+4+5
227:24=1+1+1+1+1+1+1+1+3+5+8
228:24=1+1+1+1+1+1+1+1+3+6+7
229:24=1+1+1+1+1+1+1+1+4+12
230:24=1+1+1+1+1+1+1+1+4+4+8
231:24=1+1+1+1+1+1+1+1+4+4+4+4
232:24=1+1+1+1+1+1+1+1+4+5+7
233:24=1+1+1+1+1+1+1+1+4+6+6
234:24=1+1+1+1+1+1+1+1+5+11
235:24=1+1+1+1+1+1+1+1+5+5+6
236:24=1+1+1+1+1+1+1+1+6+10
237:24=1+1+1+1+1+1+1+1+7+9
238:24=1+1+1+1+1+1+1+1+8+8
239:24=1+1+1+1+1+1+1+2+15
240:24=1+1+1+1+1+1+1+2+2+13
241:24=1+1+1+1+1+1+1+2+2+2+11
242:24=1+1+1+1+1+1+1+2+2+2+2+9
243:24=1+1+1+1+1+1+1+2+2+2+2+2+7
244:24=1+1+1+1+1+1+1+2+2+2+2+2+2+5
245:24=1+1+1+1+1+1+1+2+2+2+2+2+2+2+3
246:24=1+1+1+1+1+1+1+2+2+2+2+2+3+4
247:24=1+1+1+1+1+1+1+2+2+2+2+3+6
248:24=1+1+1+1+1+1+1+2+2+2+2+3+3+3
249:24=1+1+1+1+1+1+1+2+2+2+2+4+5
250:24=1+1+1+1+1+1+1+2+2+2+3+8
251:24=1+1+1+1+1+1+1+2+2+2+3+3+5
252:24=1+1+1+1+1+1+1+2+2+2+3+4+4
253:24=1+1+1+1+1+1+1+2+2+2+4+7
254:24=1+1+1+1+1+1+1+2+2+2+5+6
255:24=1+1+1+1+1+1+1+2+2+3+10
256:24=1+1+1+1+1+1+1+2+2+3+3+7
257:24=1+1+1+1+1+1+1+2+2+3+3+3+4
258:24=1+1+1+1+1+1+1+2+2+3+4+6
259:24=1+1+1+1+1+1+1+2+2+3+5+5
260:24=1+1+1+1+1+1+1+2+2+4+9
261:24=1+1+1+1+1+1+1+2+2+4+4+5
262:24=1+1+1+1+1+1+1+2+2+5+8
263:24=1+1+1+1+1+1+1+2+2+6+7
264:24=1+1+1+1+1+1+1+2+3+12
265:24=1+1+1+1+1+1+1+2+3+3+9
266:24=1+1+1+1+1+1+1+2+3+3+3+6
267:24=1+1+1+1+1+1+1+2+3+3+3+3+3
268:24=1+1+1+1+1+1+1+2+3+3+4+5
269:24=1+1+1+1+1+1+1+2+3+4+8
270:24=1+1+1+1+1+1+1+2+3+4+4+4
271:24=1+1+1+1+1+1+1+2+3+5+7
272:24=1+1+1+1+1+1+1+2+3+6+6
273:24=1+1+1+1+1+1+1+2+4+11
274:24=1+1+1+1+1+1+1+2+4+4+7
275:24=1+1+1+1+1+1+1+2+4+5+6
276:24=1+1+1+1+1+1+1+2+5+10
277:24=1+1+1+1+1+1+1+2+5+5+5
278:24=1+1+1+1+1+1+1+2+6+9
279:24=1+1+1+1+1+1+1+2+7+8
280:24=1+1+1+1+1+1+1+3+14
281:24=1+1+1+1+1+1+1+3+3+11
282:24=1+1+1+1+1+1+1+3+3+3+8
283:24=1+1+1+1+1+1+1+3+3+3+3+5
284:24=1+1+1+1+1+1+1+3+3+3+4+4
285:24=1+1+1+1+1+1+1+3+3+4+7
286:24=1+1+1+1+1+1+1+3+3+5+6
287:24=1+1+1+1+1+1+1+3+4+10
288:24=1+1+1+1+1+1+1+3+4+4+6
289:24=1+1+1+1+1+1+1+3+4+5+5
290:24=1+1+1+1+1+1+1+3+5+9
291:24=1+1+1+1+1+1+1+3+6+8
292:24=1+1+1+1+1+1+1+3+7+7
293:24=1+1+1+1+1+1+1+4+13
294:24=1+1+1+1+1+1+1+4+4+9
295:24=1+1+1+1+1+1+1+4+4+4+5
296:24=1+1+1+1+1+1+1+4+5+8
297:24=1+1+1+1+1+1+1+4+6+7
298:24=1+1+1+1+1+1+1+5+12
299:24=1+1+1+1+1+1+1+5+5+7
300:24=1+1+1+1+1+1+1+5+6+6
301:24=1+1+1+1+1+1+1+6+11
302:24=1+1+1+1+1+1+1+7+10
303:24=1+1+1+1+1+1+1+8+9
304:24=1+1+1+1+1+1+2+16
305:24=1+1+1+1+1+1+2+2+14
306:24=1+1+1+1+1+1+2+2+2+12
307:24=1+1+1+1+1+1+2+2+2+2+10
308:24=1+1+1+1+1+1+2+2+2+2+2+8
309:24=1+1+1+1+1+1+2+2+2+2+2+2+6
310:24=1+1+1+1+1+1+2+2+2+2+2+2+2+4
311:24=1+1+1+1+1+1+2+2+2+2+2+2+2+2+2
312:24=1+1+1+1+1+1+2+2+2+2+2+2+3+3
313:24=1+1+1+1+1+1+2+2+2+2+2+3+5
314:24=1+1+1+1+1+1+2+2+2+2+2+4+4
315:24=1+1+1+1+1+1+2+2+2+2+3+7
316:24=1+1+1+1+1+1+2+2+2+2+3+3+4
317:24=1+1+1+1+1+1+2+2+2+2+4+6
318:24=1+1+1+1+1+1+2+2+2+2+5+5
319:24=1+1+1+1+1+1+2+2+2+3+9
320:24=1+1+1+1+1+1+2+2+2+3+3+6
321:24=1+1+1+1+1+1+2+2+2+3+3+3+3
322:24=1+1+1+1+1+1+2+2+2+3+4+5
323:24=1+1+1+1+1+1+2+2+2+4+8
324:24=1+1+1+1+1+1+2+2+2+4+4+4
325:24=1+1+1+1+1+1+2+2+2+5+7
326:24=1+1+1+1+1+1+2+2+2+6+6
327:24=1+1+1+1+1+1+2+2+3+11
328:24=1+1+1+1+1+1+2+2+3+3+8
329:24=1+1+1+1+1+1+2+2+3+3+3+5
330:24=1+1+1+1+1+1+2+2+3+3+4+4
331:24=1+1+1+1+1+1+2+2+3+4+7
332:24=1+1+1+1+1+1+2+2+3+5+6
333:24=1+1+1+1+1+1+2+2+4+10
334:24=1+1+1+1+1+1+2+2+4+4+6
335:24=1+1+1+1+1+1+2+2+4+5+5
336:24=1+1+1+1+1+1+2+2+5+9
337:24=1+1+1+1+1+1+2+2+6+8
338:24=1+1+1+1+1+1+2+2+7+7
339:24=1+1+1+1+1+1+2+3+13
340:24=1+1+1+1+1+1+2+3+3+10
341:24=1+1+1+1+1+1+2+3+3+3+7
342:24=1+1+1+1+1+1+2+3+3+3+3+4
343:24=1+1+1+1+1+1+2+3+3+4+6
344:24=1+1+1+1+1+1+2+3+3+5+5
345:24=1+1+1+1+1+1+2+3+4+9
346:24=1+1+1+1+1+1+2+3+4+4+5
347:24=1+1+1+1+1+1+2+3+5+8
348:24=1+1+1+1+1+1+2+3+6+7
349:24=1+1+1+1+1+1+2+4+12
350:24=1+1+1+1+1+1+2+4+4+8
351:24=1+1+1+1+1+1+2+4+4+4+4
352:24=1+1+1+1+1+1+2+4+5+7
353:24=1+1+1+1+1+1+2+4+6+6
354:24=1+1+1+1+1+1+2+5+11
355:24=1+1+1+1+1+1+2+5+5+6
356:24=1+1+1+1+1+1+2+6+10
357:24=1+1+1+1+1+1+2+7+9
358:24=1+1+1+1+1+1+2+8+8
359:24=1+1+1+1+1+1+3+15
360:24=1+1+1+1+1+1+3+3+12
361:24=1+1+1+1+1+1+3+3+3+9
362:24=1+1+1+1+1+1+3+3+3+3+6
363:24=1+1+1+1+1+1+3+3+3+3+3+3
364:24=1+1+1+1+1+1+3+3+3+4+5
365:24=1+1+1+1+1+1+3+3+4+8
366:24=1+1+1+1+1+1+3+3+4+4+4
367:24=1+1+1+1+1+1+3+3+5+7
368:24=1+1+1+1+1+1+3+3+6+6
369:24=1+1+1+1+1+1+3+4+11
370:24=1+1+1+1+1+1+3+4+4+7
371:24=1+1+1+1+1+1+3+4+5+6
372:24=1+1+1+1+1+1+3+5+10
373:24=1+1+1+1+1+1+3+5+5+5
374:24=1+1+1+1+1+1+3+6+9
375:24=1+1+1+1+1+1+3+7+8
376:24=1+1+1+1+1+1+4+14
377:24=1+1+1+1+1+1+4+4+10
378:24=1+1+1+1+1+1+4+4+4+6
379:24=1+1+1+1+1+1+4+4+5+5
380:24=1+1+1+1+1+1+4+5+9
381:24=1+1+1+1+1+1+4+6+8
382:24=1+1+1+1+1+1+4+7+7
383:24=1+1+1+1+1+1+5+13
384:24=1+1+1+1+1+1+5+5+8
385:24=1+1+1+1+1+1+5+6+7
386:24=1+1+1+1+1+1+6+12
387:24=1+1+1+1+1+1+6+6+6
388:24=1+1+1+1+1+1+7+11
389:24=1+1+1+1+1+1+8+10
390:24=1+1+1+1+1+1+9+9
391:24=1+1+1+1+1+2+17
392:24=1+1+1+1+1+2+2+15
393:24=1+1+1+1+1+2+2+2+13
394:24=1+1+1+1+1+2+2+2+2+11
395:24=1+1+1+1+1+2+2+2+2+2+9
396:24=1+1+1+1+1+2+2+2+2+2+2+7
397:24=1+1+1+1+1+2+2+2+2+2+2+2+5
398:24=1+1+1+1+1+2+2+2+2+2+2+2+2+3
399:24=1+1+1+1+1+2+2+2+2+2+2+3+4
400:24=1+1+1+1+1+2+2+2+2+2+3+6
401:24=1+1+1+1+1+2+2+2+2+2+3+3+3
402:24=1+1+1+1+1+2+2+2+2+2+4+5
403:24=1+1+1+1+1+2+2+2+2+3+8
404:24=1+1+1+1+1+2+2+2+2+3+3+5
405:24=1+1+1+1+1+2+2+2+2+3+4+4
406:24=1+1+1+1+1+2+2+2+2+4+7
407:24=1+1+1+1+1+2+2+2+2+5+6
408:24=1+1+1+1+1+2+2+2+3+10
409:24=1+1+1+1+1+2+2+2+3+3+7
410:24=1+1+1+1+1+2+2+2+3+3+3+4
411:24=1+1+1+1+1+2+2+2+3+4+6
412:24=1+1+1+1+1+2+2+2+3+5+5
413:24=1+1+1+1+1+2+2+2+4+9
414:24=1+1+1+1+1+2+2+2+4+4+5
415:24=1+1+1+1+1+2+2+2+5+8
416:24=1+1+1+1+1+2+2+2+6+7
417:24=1+1+1+1+1+2+2+3+12
418:24=1+1+1+1+1+2+2+3+3+9
419:24=1+1+1+1+1+2+2+3+3+3+6
420:24=1+1+1+1+1+2+2+3+3+3+3+3
421:24=1+1+1+1+1+2+2+3+3+4+5
422:24=1+1+1+1+1+2+2+3+4+8
423:24=1+1+1+1+1+2+2+3+4+4+4
424:24=1+1+1+1+1+2+2+3+5+7
425:24=1+1+1+1+1+2+2+3+6+6
426:24=1+1+1+1+1+2+2+4+11
427:24=1+1+1+1+1+2+2+4+4+7
428:24=1+1+1+1+1+2+2+4+5+6
429:24=1+1+1+1+1+2+2+5+10
430:24=1+1+1+1+1+2+2+5+5+5
431:24=1+1+1+1+1+2+2+6+9
432:24=1+1+1+1+1+2+2+7+8
433:24=1+1+1+1+1+2+3+14
434:24=1+1+1+1+1+2+3+3+11
435:24=1+1+1+1+1+2+3+3+3+8
436:24=1+1+1+1+1+2+3+3+3+3+5
437:24=1+1+1+1+1+2+3+3+3+4+4
438:24=1+1+1+1+1+2+3+3+4+7
439:24=1+1+1+1+1+2+3+3+5+6
440:24=1+1+1+1+1+2+3+4+10
441:24=1+1+1+1+1+2+3+4+4+6
442:24=1+1+1+1+1+2+3+4+5+5
443:24=1+1+1+1+1+2+3+5+9
444:24=1+1+1+1+1+2+3+6+8
445:24=1+1+1+1+1+2+3+7+7
446:24=1+1+1+1+1+2+4+13
447:24=1+1+1+1+1+2+4+4+9
448:24=1+1+1+1+1+2+4+4+4+5
449:24=1+1+1+1+1+2+4+5+8
450:24=1+1+1+1+1+2+4+6+7
451:24=1+1+1+1+1+2+5+12
452:24=1+1+1+1+1+2+5+5+7
453:24=1+1+1+1+1+2+5+6+6
454:24=1+1+1+1+1+2+6+11
455:24=1+1+1+1+1+2+7+10
456:24=1+1+1+1+1+2+8+9
457:24=1+1+1+1+1+3+16
458:24=1+1+1+1+1+3+3+13
459:24=1+1+1+1+1+3+3+3+10
460:24=1+1+1+1+1+3+3+3+3+7
461:24=1+1+1+1+1+3+3+3+3+3+4
462:24=1+1+1+1+1+3+3+3+4+6
463:24=1+1+1+1+1+3+3+3+5+5
464:24=1+1+1+1+1+3+3+4+9
465:24=1+1+1+1+1+3+3+4+4+5
466:24=1+1+1+1+1+3+3+5+8
467:24=1+1+1+1+1+3+3+6+7
468:24=1+1+1+1+1+3+4+12
469:24=1+1+1+1+1+3+4+4+8
470:24=1+1+1+1+1+3+4+4+4+4
471:24=1+1+1+1+1+3+4+5+7
472:24=1+1+1+1+1+3+4+6+6
473:24=1+1+1+1+1+3+5+11
474:24=1+1+1+1+1+3+5+5+6
475:24=1+1+1+1+1+3+6+10
476:24=1+1+1+1+1+3+7+9
477:24=1+1+1+1+1+3+8+8
478:24=1+1+1+1+1+4+15
479:24=1+1+1+1+1+4+4+11
480:24=1+1+1+1+1+4+4+4+7
481:24=1+1+1+1+1+4+4+5+6
482:24=1+1+1+1+1+4+5+10
483:24=1+1+1+1+1+4+5+5+5
484:24=1+1+1+1+1+4+6+9
485:24=1+1+1+1+1+4+7+8
486:24=1+1+1+1+1+5+14
487:24=1+1+1+1+1+5+5+9
488:24=1+1+1+1+1+5+6+8
489:24=1+1+1+1+1+5+7+7
490:24=1+1+1+1+1+6+13
491:24=1+1+1+1+1+6+6+7
492:24=1+1+1+1+1+7+12
493:24=1+1+1+1+1+8+11
494:24=1+1+1+1+1+9+10
495:24=1+1+1+1+2+18
496:24=1+1+1+1+2+2+16
497:24=1+1+1+1+2+2+2+14
498:24=1+1+1+1+2+2+2+2+12
499:24=1+1+1+1+2+2+2+2+2+10
500:24=1+1+1+1+2+2+2+2+2+2+8
501:24=1+1+1+1+2+2+2+2+2+2+2+6
502:24=1+1+1+1+2+2+2+2+2+2+2+2+4
503:24=1+1+1+1+2+2+2+2+2+2+2+2+2+2
504:24=1+1+1+1+2+2+2+2+2+2+2+3+3
505:24=1+1+1+1+2+2+2+2+2+2+3+5
506:24=1+1+1+1+2+2+2+2+2+2+4+4
507:24=1+1+1+1+2+2+2+2+2+3+7
508:24=1+1+1+1+2+2+2+2+2+3+3+4
509:24=1+1+1+1+2+2+2+2+2+4+6
510:24=1+1+1+1+2+2+2+2+2+5+5
511:24=1+1+1+1+2+2+2+2+3+9
512:24=1+1+1+1+2+2+2+2+3+3+6
513:24=1+1+1+1+2+2+2+2+3+3+3+3
514:24=1+1+1+1+2+2+2+2+3+4+5
515:24=1+1+1+1+2+2+2+2+4+8
516:24=1+1+1+1+2+2+2+2+4+4+4
517:24=1+1+1+1+2+2+2+2+5+7
518:24=1+1+1+1+2+2+2+2+6+6
519:24=1+1+1+1+2+2+2+3+11
520:24=1+1+1+1+2+2+2+3+3+8
521:24=1+1+1+1+2+2+2+3+3+3+5
522:24=1+1+1+1+2+2+2+3+3+4+4
523:24=1+1+1+1+2+2+2+3+4+7
524:24=1+1+1+1+2+2+2+3+5+6
525:24=1+1+1+1+2+2+2+4+10
526:24=1+1+1+1+2+2+2+4+4+6
527:24=1+1+1+1+2+2+2+4+5+5
528:24=1+1+1+1+2+2+2+5+9
529:24=1+1+1+1+2+2+2+6+8
530:24=1+1+1+1+2+2+2+7+7
531:24=1+1+1+1+2+2+3+13
532:24=1+1+1+1+2+2+3+3+10
533:24=1+1+1+1+2+2+3+3+3+7
534:24=1+1+1+1+2+2+3+3+3+3+4
535:24=1+1+1+1+2+2+3+3+4+6
536:24=1+1+1+1+2+2+3+3+5+5
537:24=1+1+1+1+2+2+3+4+9
538:24=1+1+1+1+2+2+3+4+4+5
539:24=1+1+1+1+2+2+3+5+8
540:24=1+1+1+1+2+2+3+6+7
541:24=1+1+1+1+2+2+4+12
542:24=1+1+1+1+2+2+4+4+8
543:24=1+1+1+1+2+2+4+4+4+4
544:24=1+1+1+1+2+2+4+5+7
545:24=1+1+1+1+2+2+4+6+6
546:24=1+1+1+1+2+2+5+11
547:24=1+1+1+1+2+2+5+5+6
548:24=1+1+1+1+2+2+6+10
549:24=1+1+1+1+2+2+7+9
550:24=1+1+1+1+2+2+8+8
551:24=1+1+1+1+2+3+15
552:24=1+1+1+1+2+3+3+12
553:24=1+1+1+1+2+3+3+3+9
554:24=1+1+1+1+2+3+3+3+3+6
555:24=1+1+1+1+2+3+3+3+3+3+3
556:24=1+1+1+1+2+3+3+3+4+5
557:24=1+1+1+1+2+3+3+4+8
558:24=1+1+1+1+2+3+3+4+4+4
559:24=1+1+1+1+2+3+3+5+7
560:24=1+1+1+1+2+3+3+6+6
561:24=1+1+1+1+2+3+4+11
562:24=1+1+1+1+2+3+4+4+7
563:24=1+1+1+1+2+3+4+5+6
564:24=1+1+1+1+2+3+5+10
565:24=1+1+1+1+2+3+5+5+5
566:24=1+1+1+1+2+3+6+9
567:24=1+1+1+1+2+3+7+8
568:24=1+1+1+1+2+4+14
569:24=1+1+1+1+2+4+4+10
570:24=1+1+1+1+2+4+4+4+6
571:24=1+1+1+1+2+4+4+5+5
572:24=1+1+1+1+2+4+5+9
573:24=1+1+1+1+2+4+6+8
574:24=1+1+1+1+2+4+7+7
575:24=1+1+1+1+2+5+13
576:24=1+1+1+1+2+5+5+8
577:24=1+1+1+1+2+5+6+7
578:24=1+1+1+1+2+6+12
579:24=1+1+1+1+2+6+6+6
580:24=1+1+1+1+2+7+11
581:24=1+1+1+1+2+8+10
582:24=1+1+1+1+2+9+9
583:24=1+1+1+1+3+17
584:24=1+1+1+1+3+3+14
585:24=1+1+1+1+3+3+3+11
586:24=1+1+1+1+3+3+3+3+8
587:24=1+1+1+1+3+3+3+3+3+5
588:24=1+1+1+1+3+3+3+3+4+4
589:24=1+1+1+1+3+3+3+4+7
590:24=1+1+1+1+3+3+3+5+6
591:24=1+1+1+1+3+3+4+10
592:24=1+1+1+1+3+3+4+4+6
593:24=1+1+1+1+3+3+4+5+5
594:24=1+1+1+1+3+3+5+9
595:24=1+1+1+1+3+3+6+8
596:24=1+1+1+1+3+3+7+7
597:24=1+1+1+1+3+4+13
598:24=1+1+1+1+3+4+4+9
599:24=1+1+1+1+3+4+4+4+5
600:24=1+1+1+1+3+4+5+8
601:24=1+1+1+1+3+4+6+7
602:24=1+1+1+1+3+5+12
603:24=1+1+1+1+3+5+5+7
604:24=1+1+1+1+3+5+6+6
605:24=1+1+1+1+3+6+11
606:24=1+1+1+1+3+7+10
607:24=1+1+1+1+3+8+9
608:24=1+1+1+1+4+16
609:24=1+1+1+1+4+4+12
610:24=1+1+1+1+4+4+4+8
611:24=1+1+1+1+4+4+4+4+4
612:24=1+1+1+1+4+4+5+7
613:24=1+1+1+1+4+4+6+6
614:24=1+1+1+1+4+5+11
615:24=1+1+1+1+4+5+5+6
616:24=1+1+1+1+4+6+10
617:24=1+1+1+1+4+7+9
618:24=1+1+1+1+4+8+8
619:24=1+1+1+1+5+15
620:24=1+1+1+1+5+5+10
621:24=1+1+1+1+5+5+5+5
622:24=1+1+1+1+5+6+9
623:24=1+1+1+1+5+7+8
624:24=1+1+1+1+6+14
625:24=1+1+1+1+6+6+8
626:24=1+1+1+1+6+7+7
627:24=1+1+1+1+7+13
628:24=1+1+1+1+8+12
629:24=1+1+1+1+9+11
630:24=1+1+1+1+10+10
631:24=1+1+1+2+19
632:24=1+1+1+2+2+17
633:24=1+1+1+2+2+2+15
634:24=1+1+1+2+2+2+2+13
635:24=1+1+1+2+2+2+2+2+11
636:24=1+1+1+2+2+2+2+2+2+9
637:24=1+1+1+2+2+2+2+2+2+2+7
638:24=1+1+1+2+2+2+2+2+2+2+2+5
639:24=1+1+1+2+2+2+2+2+2+2+2+2+3
640:24=1+1+1+2+2+2+2+2+2+2+3+4
641:24=1+1+1+2+2+2+2+2+2+3+6
642:24=1+1+1+2+2+2+2+2+2+3+3+3
643:24=1+1+1+2+2+2+2+2+2+4+5
644:24=1+1+1+2+2+2+2+2+3+8
645:24=1+1+1+2+2+2+2+2+3+3+5
646:24=1+1+1+2+2+2+2+2+3+4+4
647:24=1+1+1+2+2+2+2+2+4+7
648:24=1+1+1+2+2+2+2+2+5+6
649:24=1+1+1+2+2+2+2+3+10
650:24=1+1+1+2+2+2+2+3+3+7
651:24=1+1+1+2+2+2+2+3+3+3+4
652:24=1+1+1+2+2+2+2+3+4+6
653:24=1+1+1+2+2+2+2+3+5+5
654:24=1+1+1+2+2+2+2+4+9
655:24=1+1+1+2+2+2+2+4+4+5
656:24=1+1+1+2+2+2+2+5+8
657:24=1+1+1+2+2+2+2+6+7
658:24=1+1+1+2+2+2+3+12
659:24=1+1+1+2+2+2+3+3+9
660:24=1+1+1+2+2+2+3+3+3+6
661:24=1+1+1+2+2+2+3+3+3+3+3
662:24=1+1+1+2+2+2+3+3+4+5
663:24=1+1+1+2+2+2+3+4+8
664:24=1+1+1+2+2+2+3+4+4+4
665:24=1+1+1+2+2+2+3+5+7
666:24=1+1+1+2+2+2+3+6+6
667:24=1+1+1+2+2+2+4+11
668:24=1+1+1+2+2+2+4+4+7
669:24=1+1+1+2+2+2+4+5+6
670:24=1+1+1+2+2+2+5+10
671:24=1+1+1+2+2+2+5+5+5
672:24=1+1+1+2+2+2+6+9
673:24=1+1+1+2+2+2+7+8
674:24=1+1+1+2+2+3+14
675:24=1+1+1+2+2+3+3+11
676:24=1+1+1+2+2+3+3+3+8
677:24=1+1+1+2+2+3+3+3+3+5
678:24=1+1+1+2+2+3+3+3+4+4
679:24=1+1+1+2+2+3+3+4+7
680:24=1+1+1+2+2+3+3+5+6
681:24=1+1+1+2+2+3+4+10
682:24=1+1+1+2+2+3+4+4+6
683:24=1+1+1+2+2+3+4+5+5
684:24=1+1+1+2+2+3+5+9
685:24=1+1+1+2+2+3+6+8
686:24=1+1+1+2+2+3+7+7
687:24=1+1+1+2+2+4+13
688:24=1+1+1+2+2+4+4+9
689:24=1+1+1+2+2+4+4+4+5
690:24=1+1+1+2+2+4+5+8
691:24=1+1+1+2+2+4+6+7
692:24=1+1+1+2+2+5+12
693:24=1+1+1+2+2+5+5+7
694:24=1+1+1+2+2+5+6+6
695:24=1+1+1+2+2+6+11
696:24=1+1+1+2+2+7+10
697:24=1+1+1+2+2+8+9
698:24=1+1+1+2+3+16
699:24=1+1+1+2+3+3+13
700:24=1+1+1+2+3+3+3+10
701:24=1+1+1+2+3+3+3+3+7
702:24=1+1+1+2+3+3+3+3+3+4
703:24=1+1+1+2+3+3+3+4+6
704:24=1+1+1+2+3+3+3+5+5
705:24=1+1+1+2+3+3+4+9
706:24=1+1+1+2+3+3+4+4+5
707:24=1+1+1+2+3+3+5+8
708:24=1+1+1+2+3+3+6+7
709:24=1+1+1+2+3+4+12
710:24=1+1+1+2+3+4+4+8
711:24=1+1+1+2+3+4+4+4+4
712:24=1+1+1+2+3+4+5+7
713:24=1+1+1+2+3+4+6+6
714:24=1+1+1+2+3+5+11
715:24=1+1+1+2+3+5+5+6
716:24=1+1+1+2+3+6+10
717:24=1+1+1+2+3+7+9
718:24=1+1+1+2+3+8+8
719:24=1+1+1+2+4+15
720:24=1+1+1+2+4+4+11
721:24=1+1+1+2+4+4+4+7
722:24=1+1+1+2+4+4+5+6
723:24=1+1+1+2+4+5+10
724:24=1+1+1+2+4+5+5+5
725:24=1+1+1+2+4+6+9
726:24=1+1+1+2+4+7+8
727:24=1+1+1+2+5+14
728:24=1+1+1+2+5+5+9
729:24=1+1+1+2+5+6+8
730:24=1+1+1+2+5+7+7
731:24=1+1+1+2+6+13
732:24=1+1+1+2+6+6+7
733:24=1+1+1+2+7+12
734:24=1+1+1+2+8+11
735:24=1+1+1+2+9+10
736:24=1+1+1+3+18
737:24=1+1+1+3+3+15
738:24=1+1+1+3+3+3+12
739:24=1+1+1+3+3+3+3+9
740:24=1+1+1+3+3+3+3+3+6
741:24=1+1+1+3+3+3+3+3+3+3
742:24=1+1+1+3+3+3+3+4+5
743:24=1+1+1+3+3+3+4+8
744:24=1+1+1+3+3+3+4+4+4
745:24=1+1+1+3+3+3+5+7
746:24=1+1+1+3+3+3+6+6
747:24=1+1+1+3+3+4+11
748:24=1+1+1+3+3+4+4+7
749:24=1+1+1+3+3+4+5+6
750:24=1+1+1+3+3+5+10
751:24=1+1+1+3+3+5+5+5
752:24=1+1+1+3+3+6+9
753:24=1+1+1+3+3+7+8
754:24=1+1+1+3+4+14
755:24=1+1+1+3+4+4+10
756:24=1+1+1+3+4+4+4+6
757:24=1+1+1+3+4+4+5+5
758:24=1+1+1+3+4+5+9
759:24=1+1+1+3+4+6+8
760:24=1+1+1+3+4+7+7
761:24=1+1+1+3+5+13
762:24=1+1+1+3+5+5+8
763:24=1+1+1+3+5+6+7
764:24=1+1+1+3+6+12
765:24=1+1+1+3+6+6+6
766:24=1+1+1+3+7+11
767:24=1+1+1+3+8+10
768:24=1+1+1+3+9+9
769:24=1+1+1+4+17
770:24=1+1+1+4+4+13
771:24=1+1+1+4+4+4+9
772:24=1+1+1+4+4+4+4+5
773:24=1+1+1+4+4+5+8
774:24=1+1+1+4+4+6+7
775:24=1+1+1+4+5+12
776:24=1+1+1+4+5+5+7
777:24=1+1+1+4+5+6+6
778:24=1+1+1+4+6+11
779:24=1+1+1+4+7+10
780:24=1+1+1+4+8+9
781:24=1+1+1+5+16
782:24=1+1+1+5+5+11
783:24=1+1+1+5+5+5+6
784:24=1+1+1+5+6+10
785:24=1+1+1+5+7+9
786:24=1+1+1+5+8+8
787:24=1+1+1+6+15
788:24=1+1+1+6+6+9
789:24=1+1+1+6+7+8
790:24=1+1+1+7+14
791:24=1+1+1+7+7+7
792:24=1+1+1+8+13
793:24=1+1+1+9+12
794:24=1+1+1+10+11
795:24=1+1+2+20
796:24=1+1+2+2+18
797:24=1+1+2+2+2+16
798:24=1+1+2+2+2+2+14
799:24=1+1+2+2+2+2+2+12
800:24=1+1+2+2+2+2+2+2+10
801:24=1+1+2+2+2+2+2+2+2+8
802:24=1+1+2+2+2+2+2+2+2+2+6
803:24=1+1+2+2+2+2+2+2+2+2+2+4
804:24=1+1+2+2+2+2+2+2+2+2+2+2+2
805:24=1+1+2+2+2+2+2+2+2+2+3+3
806:24=1+1+2+2+2+2+2+2+2+3+5
807:24=1+1+2+2+2+2+2+2+2+4+4
808:24=1+1+2+2+2+2+2+2+3+7
809:24=1+1+2+2+2+2+2+2+3+3+4
810:24=1+1+2+2+2+2+2+2+4+6
811:24=1+1+2+2+2+2+2+2+5+5
812:24=1+1+2+2+2+2+2+3+9
813:24=1+1+2+2+2+2+2+3+3+6
814:24=1+1+2+2+2+2+2+3+3+3+3
815:24=1+1+2+2+2+2+2+3+4+5
816:24=1+1+2+2+2+2+2+4+8
817:24=1+1+2+2+2+2+2+4+4+4
818:24=1+1+2+2+2+2+2+5+7
819:24=1+1+2+2+2+2+2+6+6
820:24=1+1+2+2+2+2+3+11
821:24=1+1+2+2+2+2+3+3+8
822:24=1+1+2+2+2+2+3+3+3+5
823:24=1+1+2+2+2+2+3+3+4+4
824:24=1+1+2+2+2+2+3+4+7
825:24=1+1+2+2+2+2+3+5+6
826:24=1+1+2+2+2+2+4+10
827:24=1+1+2+2+2+2+4+4+6
828:24=1+1+2+2+2+2+4+5+5
829:24=1+1+2+2+2+2+5+9
830:24=1+1+2+2+2+2+6+8
831:24=1+1+2+2+2+2+7+7
832:24=1+1+2+2+2+3+13
833:24=1+1+2+2+2+3+3+10
834:24=1+1+2+2+2+3+3+3+7
835:24=1+1+2+2+2+3+3+3+3+4
836:24=1+1+2+2+2+3+3+4+6
837:24=1+1+2+2+2+3+3+5+5
838:24=1+1+2+2+2+3+4+9
839:24=1+1+2+2+2+3+4+4+5
840:24=1+1+2+2+2+3+5+8
841:24=1+1+2+2+2+3+6+7
842:24=1+1+2+2+2+4+12
843:24=1+1+2+2+2+4+4+8
844:24=1+1+2+2+2+4+4+4+4
845:24=1+1+2+2+2+4+5+7
846:24=1+1+2+2+2+4+6+6
847:24=1+1+2+2+2+5+11
848:24=1+1+2+2+2+5+5+6
849:24=1+1+2+2+2+6+10
850:24=1+1+2+2+2+7+9
851:24=1+1+2+2+2+8+8
852:24=1+1+2+2+3+15
853:24=1+1+2+2+3+3+12
854:24=1+1+2+2+3+3+3+9
855:24=1+1+2+2+3+3+3+3+6
856:24=1+1+2+2+3+3+3+3+3+3
857:24=1+1+2+2+3+3+3+4+5
858:24=1+1+2+2+3+3+4+8
859:24=1+1+2+2+3+3+4+4+4
860:24=1+1+2+2+3+3+5+7
861:24=1+1+2+2+3+3+6+6
862:24=1+1+2+2+3+4+11
863:24=1+1+2+2+3+4+4+7
864:24=1+1+2+2+3+4+5+6
865:24=1+1+2+2+3+5+10
866:24=1+1+2+2+3+5+5+5
867:24=1+1+2+2+3+6+9
868:24=1+1+2+2+3+7+8
869:24=1+1+2+2+4+14
870:24=1+1+2+2+4+4+10
871:24=1+1+2+2+4+4+4+6
872:24=1+1+2+2+4+4+5+5
873:24=1+1+2+2+4+5+9
874:24=1+1+2+2+4+6+8
875:24=1+1+2+2+4+7+7
876:24=1+1+2+2+5+13
877:24=1+1+2+2+5+5+8
878:24=1+1+2+2+5+6+7
879:24=1+1+2+2+6+12
880:24=1+1+2+2+6+6+6
881:24=1+1+2+2+7+11
882:24=1+1+2+2+8+10
883:24=1+1+2+2+9+9
884:24=1+1+2+3+17
885:24=1+1+2+3+3+14
886:24=1+1+2+3+3+3+11
887:24=1+1+2+3+3+3+3+8
888:24=1+1+2+3+3+3+3+3+5
889:24=1+1+2+3+3+3+3+4+4
890:24=1+1+2+3+3+3+4+7
891:24=1+1+2+3+3+3+5+6
892:24=1+1+2+3+3+4+10
893:24=1+1+2+3+3+4+4+6
894:24=1+1+2+3+3+4+5+5
895:24=1+1+2+3+3+5+9
896:24=1+1+2+3+3+6+8
897:24=1+1+2+3+3+7+7
898:24=1+1+2+3+4+13
899:24=1+1+2+3+4+4+9
900:24=1+1+2+3+4+4+4+5
901:24=1+1+2+3+4+5+8
902:24=1+1+2+3+4+6+7
903:24=1+1+2+3+5+12
904:24=1+1+2+3+5+5+7
905:24=1+1+2+3+5+6+6
906:24=1+1+2+3+6+11
907:24=1+1+2+3+7+10
908:24=1+1+2+3+8+9
909:24=1+1+2+4+16
910:24=1+1+2+4+4+12
911:24=1+1+2+4+4+4+8
912:24=1+1+2+4+4+4+4+4
913:24=1+1+2+4+4+5+7
914:24=1+1+2+4+4+6+6
915:24=1+1+2+4+5+11
916:24=1+1+2+4+5+5+6
917:24=1+1+2+4+6+10
918:24=1+1+2+4+7+9
919:24=1+1+2+4+8+8
920:24=1+1+2+5+15
921:24=1+1+2+5+5+10
922:24=1+1+2+5+5+5+5
923:24=1+1+2+5+6+9
924:24=1+1+2+5+7+8
925:24=1+1+2+6+14
926:24=1+1+2+6+6+8
927:24=1+1+2+6+7+7
928:24=1+1+2+7+13
929:24=1+1+2+8+12
930:24=1+1+2+9+11
931:24=1+1+2+10+10
932:24=1+1+3+19
933:24=1+1+3+3+16
934:24=1+1+3+3+3+13
935:24=1+1+3+3+3+3+10
936:24=1+1+3+3+3+3+3+7
937:24=1+1+3+3+3+3+3+3+4
938:24=1+1+3+3+3+3+4+6
939:24=1+1+3+3+3+3+5+5
940:24=1+1+3+3+3+4+9
941:24=1+1+3+3+3+4+4+5
942:24=1+1+3+3+3+5+8
943:24=1+1+3+3+3+6+7
944:24=1+1+3+3+4+12
945:24=1+1+3+3+4+4+8
946:24=1+1+3+3+4+4+4+4
947:24=1+1+3+3+4+5+7
948:24=1+1+3+3+4+6+6
949:24=1+1+3+3+5+11
950:24=1+1+3+3+5+5+6
951:24=1+1+3+3+6+10
952:24=1+1+3+3+7+9
953:24=1+1+3+3+8+8
954:24=1+1+3+4+15
955:24=1+1+3+4+4+11
956:24=1+1+3+4+4+4+7
957:24=1+1+3+4+4+5+6
958:24=1+1+3+4+5+10
959:24=1+1+3+4+5+5+5
960:24=1+1+3+4+6+9
961:24=1+1+3+4+7+8
962:24=1+1+3+5+14
963:24=1+1+3+5+5+9
964:24=1+1+3+5+6+8
965:24=1+1+3+5+7+7
966:24=1+1+3+6+13
967:24=1+1+3+6+6+7
968:24=1+1+3+7+12
969:24=1+1+3+8+11
970:24=1+1+3+9+10
971:24=1+1+4+18
972:24=1+1+4+4+14
973:24=1+1+4+4+4+10
974:24=1+1+4+4+4+4+6
975:24=1+1+4+4+4+5+5
976:24=1+1+4+4+5+9
977:24=1+1+4+4+6+8
978:24=1+1+4+4+7+7
979:24=1+1+4+5+13
980:24=1+1+4+5+5+8
981:24=1+1+4+5+6+7
982:24=1+1+4+6+12
983:24=1+1+4+6+6+6
984:24=1+1+4+7+11
985:24=1+1+4+8+10
986:24=1+1+4+9+9
987:24=1+1+5+17
988:24=1+1+5+5+12
989:24=1+1+5+5+5+7
990:24=1+1+5+5+6+6
991:24=1+1+5+6+11
992:24=1+1+5+7+10
993:24=1+1+5+8+9
994:24=1+1+6+16
995:24=1+1+6+6+10
996:24=1+1+6+7+9
997:24=1+1+6+8+8
998:24=1+1+7+15
999:24=1+1+7+7+8
1000:24=1+1+8+14
1001:24=1+1+9+13
1002:24=1+1+10+12
1003:24=1+1+11+11
1004:24=1+2+21
1005:24=1+2+2+19
1006:24=1+2+2+2+17
1007:24=1+2+2+2+2+15
1008:24=1+2+2+2+2+2+13
1009:24=1+2+2+2+2+2+2+11
1010:24=1+2+2+2+2+2+2+2+9
1011:24=1+2+2+2+2+2+2+2+2+7
1012:24=1+2+2+2+2+2+2+2+2+2+5
1013:24=1+2+2+2+2+2+2+2+2+2+2+3
1014:24=1+2+2+2+2+2+2+2+2+3+4
1015:24=1+2+2+2+2+2+2+2+3+6
1016:24=1+2+2+2+2+2+2+2+3+3+3
1017:24=1+2+2+2+2+2+2+2+4+5
1018:24=1+2+2+2+2+2+2+3+8
1019:24=1+2+2+2+2+2+2+3+3+5
1020:24=1+2+2+2+2+2+2+3+4+4
1021:24=1+2+2+2+2+2+2+4+7
1022:24=1+2+2+2+2+2+2+5+6
1023:24=1+2+2+2+2+2+3+10
1024:24=1+2+2+2+2+2+3+3+7
1025:24=1+2+2+2+2+2+3+3+3+4
1026:24=1+2+2+2+2+2+3+4+6
1027:24=1+2+2+2+2+2+3+5+5
1028:24=1+2+2+2+2+2+4+9
1029:24=1+2+2+2+2+2+4+4+5
1030:24=1+2+2+2+2+2+5+8
1031:24=1+2+2+2+2+2+6+7
1032:24=1+2+2+2+2+3+12
1033:24=1+2+2+2+2+3+3+9
1034:24=1+2+2+2+2+3+3+3+6
1035:24=1+2+2+2+2+3+3+3+3+3
1036:24=1+2+2+2+2+3+3+4+5
1037:24=1+2+2+2+2+3+4+8
1038:24=1+2+2+2+2+3+4+4+4
1039:24=1+2+2+2+2+3+5+7
1040:24=1+2+2+2+2+3+6+6
1041:24=1+2+2+2+2+4+11
1042:24=1+2+2+2+2+4+4+7
1043:24=1+2+2+2+2+4+5+6
1044:24=1+2+2+2+2+5+10
1045:24=1+2+2+2+2+5+5+5
1046:24=1+2+2+2+2+6+9
1047:24=1+2+2+2+2+7+8
1048:24=1+2+2+2+3+14
1049:24=1+2+2+2+3+3+11
1050:24=1+2+2+2+3+3+3+8
1051:24=1+2+2+2+3+3+3+3+5
1052:24=1+2+2+2+3+3+3+4+4
1053:24=1+2+2+2+3+3+4+7
1054:24=1+2+2+2+3+3+5+6
1055:24=1+2+2+2+3+4+10
1056:24=1+2+2+2+3+4+4+6
1057:24=1+2+2+2+3+4+5+5
1058:24=1+2+2+2+3+5+9
1059:24=1+2+2+2+3+6+8
1060:24=1+2+2+2+3+7+7
1061:24=1+2+2+2+4+13
1062:24=1+2+2+2+4+4+9
1063:24=1+2+2+2+4+4+4+5
1064:24=1+2+2+2+4+5+8
1065:24=1+2+2+2+4+6+7
1066:24=1+2+2+2+5+12
1067:24=1+2+2+2+5+5+7
1068:24=1+2+2+2+5+6+6
1069:24=1+2+2+2+6+11
1070:24=1+2+2+2+7+10
1071:24=1+2+2+2+8+9
1072:24=1+2+2+3+16
1073:24=1+2+2+3+3+13
1074:24=1+2+2+3+3+3+10
1075:24=1+2+2+3+3+3+3+7
1076:24=1+2+2+3+3+3+3+3+4
1077:24=1+2+2+3+3+3+4+6
1078:24=1+2+2+3+3+3+5+5
1079:24=1+2+2+3+3+4+9
1080:24=1+2+2+3+3+4+4+5
1081:24=1+2+2+3+3+5+8
1082:24=1+2+2+3+3+6+7
1083:24=1+2+2+3+4+12
1084:24=1+2+2+3+4+4+8
1085:24=1+2+2+3+4+4+4+4
1086:24=1+2+2+3+4+5+7
1087:24=1+2+2+3+4+6+6
1088:24=1+2+2+3+5+11
1089:24=1+2+2+3+5+5+6
1090:24=1+2+2+3+6+10
1091:24=1+2+2+3+7+9
1092:24=1+2+2+3+8+8
1093:24=1+2+2+4+15
1094:24=1+2+2+4+4+11
1095:24=1+2+2+4+4+4+7
1096:24=1+2+2+4+4+5+6
1097:24=1+2+2+4+5+10
1098:24=1+2+2+4+5+5+5
1099:24=1+2+2+4+6+9
1100:24=1+2+2+4+7+8
1101:24=1+2+2+5+14
1102:24=1+2+2+5+5+9
1103:24=1+2+2+5+6+8
1104:24=1+2+2+5+7+7
1105:24=1+2+2+6+13
1106:24=1+2+2+6+6+7
1107:24=1+2+2+7+12
1108:24=1+2+2+8+11
1109:24=1+2+2+9+10
1110:24=1+2+3+18
1111:24=1+2+3+3+15
1112:24=1+2+3+3+3+12
1113:24=1+2+3+3+3+3+9
1114:24=1+2+3+3+3+3+3+6
1115:24=1+2+3+3+3+3+3+3+3
1116:24=1+2+3+3+3+3+4+5
1117:24=1+2+3+3+3+4+8
1118:24=1+2+3+3+3+4+4+4
1119:24=1+2+3+3+3+5+7
1120:24=1+2+3+3+3+6+6
1121:24=1+2+3+3+4+11
1122:24=1+2+3+3+4+4+7
1123:24=1+2+3+3+4+5+6
1124:24=1+2+3+3+5+10
1125:24=1+2+3+3+5+5+5
1126:24=1+2+3+3+6+9
1127:24=1+2+3+3+7+8
1128:24=1+2+3+4+14
1129:24=1+2+3+4+4+10
1130:24=1+2+3+4+4+4+6
1131:24=1+2+3+4+4+5+5
1132:24=1+2+3+4+5+9
1133:24=1+2+3+4+6+8
1134:24=1+2+3+4+7+7
1135:24=1+2+3+5+13
1136:24=1+2+3+5+5+8
1137:24=1+2+3+5+6+7
1138:24=1+2+3+6+12
1139:24=1+2+3+6+6+6
1140:24=1+2+3+7+11
1141:24=1+2+3+8+10
1142:24=1+2+3+9+9
1143:24=1+2+4+17
1144:24=1+2+4+4+13
1145:24=1+2+4+4+4+9
1146:24=1+2+4+4+4+4+5
1147:24=1+2+4+4+5+8
1148:24=1+2+4+4+6+7
1149:24=1+2+4+5+12
1150:24=1+2+4+5+5+7
1151:24=1+2+4+5+6+6
1152:24=1+2+4+6+11
1153:24=1+2+4+7+10
1154:24=1+2+4+8+9
1155:24=1+2+5+16
1156:24=1+2+5+5+11
1157:24=1+2+5+5+5+6
1158:24=1+2+5+6+10
1159:24=1+2+5+7+9
1160:24=1+2+5+8+8
1161:24=1+2+6+15
1162:24=1+2+6+6+9
1163:24=1+2+6+7+8
1164:24=1+2+7+14
1165:24=1+2+7+7+7
1166:24=1+2+8+13
1167:24=1+2+9+12
1168:24=1+2+10+11
1169:24=1+3+20
1170:24=1+3+3+17
1171:24=1+3+3+3+14
1172:24=1+3+3+3+3+11
1173:24=1+3+3+3+3+3+8
1174:24=1+3+3+3+3+3+3+5
1175:24=1+3+3+3+3+3+4+4
1176:24=1+3+3+3+3+4+7
1177:24=1+3+3+3+3+5+6
1178:24=1+3+3+3+4+10
1179:24=1+3+3+3+4+4+6
1180:24=1+3+3+3+4+5+5
1181:24=1+3+3+3+5+9
1182:24=1+3+3+3+6+8
1183:24=1+3+3+3+7+7
1184:24=1+3+3+4+13
1185:24=1+3+3+4+4+9
1186:24=1+3+3+4+4+4+5
1187:24=1+3+3+4+5+8
1188:24=1+3+3+4+6+7
1189:24=1+3+3+5+12
1190:24=1+3+3+5+5+7
1191:24=1+3+3+5+6+6
1192:24=1+3+3+6+11
1193:24=1+3+3+7+10
1194:24=1+3+3+8+9
1195:24=1+3+4+16
1196:24=1+3+4+4+12
1197:24=1+3+4+4+4+8
1198:24=1+3+4+4+4+4+4
1199:24=1+3+4+4+5+7
1200:24=1+3+4+4+6+6
1201:24=1+3+4+5+11
1202:24=1+3+4+5+5+6
1203:24=1+3+4+6+10
1204:24=1+3+4+7+9
1205:24=1+3+4+8+8
1206:24=1+3+5+15
1207:24=1+3+5+5+10
1208:24=1+3+5+5+5+5
1209:24=1+3+5+6+9
1210:24=1+3+5+7+8
1211:24=1+3+6+14
1212:24=1+3+6+6+8
1213:24=1+3+6+7+7
1214:24=1+3+7+13
1215:24=1+3+8+12
1216:24=1+3+9+11
1217:24=1+3+10+10
1218:24=1+4+19
1219:24=1+4+4+15
1220:24=1+4+4+4+11
1221:24=1+4+4+4+4+7
1222:24=1+4+4+4+5+6
1223:24=1+4+4+5+10
1224:24=1+4+4+5+5+5
1225:24=1+4+4+6+9
1226:24=1+4+4+7+8
1227:24=1+4+5+14
1228:24=1+4+5+5+9
1229:24=1+4+5+6+8
1230:24=1+4+5+7+7
1231:24=1+4+6+13
1232:24=1+4+6+6+7
1233:24=1+4+7+12
1234:24=1+4+8+11
1235:24=1+4+9+10
1236:24=1+5+18
1237:24=1+5+5+13
1238:24=1+5+5+5+8
1239:24=1+5+5+6+7
1240:24=1+5+6+12
1241:24=1+5+6+6+6
1242:24=1+5+7+11
1243:24=1+5+8+10
1244:24=1+5+9+9
1245:24=1+6+17
1246:24=1+6+6+11
1247:24=1+6+7+10
1248:24=1+6+8+9
1249:24=1+7+16
1250:24=1+7+7+9
1251:24=1+7+8+8
1252:24=1+8+15
1253:24=1+9+14
1254:24=1+10+13
1255:24=1+11+12
1256:24=2+22
1257:24=2+2+20
1258:24=2+2+2+18
1259:24=2+2+2+2+16
1260:24=2+2+2+2+2+14
1261:24=2+2+2+2+2+2+12
1262:24=2+2+2+2+2+2+2+10
1263:24=2+2+2+2+2+2+2+2+8
1264:24=2+2+2+2+2+2+2+2+2+6
1265:24=2+2+2+2+2+2+2+2+2+2+4
1266:24=2+2+2+2+2+2+2+2+2+2+2+2
1267:24=2+2+2+2+2+2+2+2+2+3+3
1268:24=2+2+2+2+2+2+2+2+3+5
1269:24=2+2+2+2+2+2+2+2+4+4
1270:24=2+2+2+2+2+2+2+3+7
1271:24=2+2+2+2+2+2+2+3+3+4
1272:24=2+2+2+2+2+2+2+4+6
1273:24=2+2+2+2+2+2+2+5+5
1274:24=2+2+2+2+2+2+3+9
1275:24=2+2+2+2+2+2+3+3+6
1276:24=2+2+2+2+2+2+3+3+3+3
1277:24=2+2+2+2+2+2+3+4+5
1278:24=2+2+2+2+2+2+4+8
1279:24=2+2+2+2+2+2+4+4+4
1280:24=2+2+2+2+2+2+5+7
1281:24=2+2+2+2+2+2+6+6
1282:24=2+2+2+2+2+3+11
1283:24=2+2+2+2+2+3+3+8
1284:24=2+2+2+2+2+3+3+3+5
1285:24=2+2+2+2+2+3+3+4+4
1286:24=2+2+2+2+2+3+4+7
1287:24=2+2+2+2+2+3+5+6
1288:24=2+2+2+2+2+4+10
1289:24=2+2+2+2+2+4+4+6
1290:24=2+2+2+2+2+4+5+5
1291:24=2+2+2+2+2+5+9
1292:24=2+2+2+2+2+6+8
1293:24=2+2+2+2+2+7+7
1294:24=2+2+2+2+3+13
1295:24=2+2+2+2+3+3+10
1296:24=2+2+2+2+3+3+3+7
1297:24=2+2+2+2+3+3+3+3+4
1298:24=2+2+2+2+3+3+4+6
1299:24=2+2+2+2+3+3+5+5
1300:24=2+2+2+2+3+4+9
1301:24=2+2+2+2+3+4+4+5
1302:24=2+2+2+2+3+5+8
1303:24=2+2+2+2+3+6+7
1304:24=2+2+2+2+4+12
1305:24=2+2+2+2+4+4+8
1306:24=2+2+2+2+4+4+4+4
1307:24=2+2+2+2+4+5+7
1308:24=2+2+2+2+4+6+6
1309:24=2+2+2+2+5+11
1310:24=2+2+2+2+5+5+6
1311:24=2+2+2+2+6+10
1312:24=2+2+2+2+7+9
1313:24=2+2+2+2+8+8
1314:24=2+2+2+3+15
1315:24=2+2+2+3+3+12
1316:24=2+2+2+3+3+3+9
1317:24=2+2+2+3+3+3+3+6
1318:24=2+2+2+3+3+3+3+3+3
1319:24=2+2+2+3+3+3+4+5
1320:24=2+2+2+3+3+4+8
1321:24=2+2+2+3+3+4+4+4
1322:24=2+2+2+3+3+5+7
1323:24=2+2+2+3+3+6+6
1324:24=2+2+2+3+4+11
1325:24=2+2+2+3+4+4+7
1326:24=2+2+2+3+4+5+6
1327:24=2+2+2+3+5+10
1328:24=2+2+2+3+5+5+5
1329:24=2+2+2+3+6+9
1330:24=2+2+2+3+7+8
1331:24=2+2+2+4+14
1332:24=2+2+2+4+4+10
1333:24=2+2+2+4+4+4+6
1334:24=2+2+2+4+4+5+5
1335:24=2+2+2+4+5+9
1336:24=2+2+2+4+6+8
1337:24=2+2+2+4+7+7
1338:24=2+2+2+5+13
1339:24=2+2+2+5+5+8
1340:24=2+2+2+5+6+7
1341:24=2+2+2+6+12
1342:24=2+2+2+6+6+6
1343:24=2+2+2+7+11
1344:24=2+2+2+8+10
1345:24=2+2+2+9+9
1346:24=2+2+3+17
1347:24=2+2+3+3+14
1348:24=2+2+3+3+3+11
1349:24=2+2+3+3+3+3+8
1350:24=2+2+3+3+3+3+3+5
1351:24=2+2+3+3+3+3+4+4
1352:24=2+2+3+3+3+4+7
1353:24=2+2+3+3+3+5+6
1354:24=2+2+3+3+4+10
1355:24=2+2+3+3+4+4+6
1356:24=2+2+3+3+4+5+5
1357:24=2+2+3+3+5+9
1358:24=2+2+3+3+6+8
1359:24=2+2+3+3+7+7
1360:24=2+2+3+4+13
1361:24=2+2+3+4+4+9
1362:24=2+2+3+4+4+4+5
1363:24=2+2+3+4+5+8
1364:24=2+2+3+4+6+7
1365:24=2+2+3+5+12
1366:24=2+2+3+5+5+7
1367:24=2+2+3+5+6+6
1368:24=2+2+3+6+11
1369:24=2+2+3+7+10
1370:24=2+2+3+8+9
1371:24=2+2+4+16
1372:24=2+2+4+4+12
1373:24=2+2+4+4+4+8
1374:24=2+2+4+4+4+4+4
1375:24=2+2+4+4+5+7
1376:24=2+2+4+4+6+6
1377:24=2+2+4+5+11
1378:24=2+2+4+5+5+6
1379:24=2+2+4+6+10
1380:24=2+2+4+7+9
1381:24=2+2+4+8+8
1382:24=2+2+5+15
1383:24=2+2+5+5+10
1384:24=2+2+5+5+5+5
1385:24=2+2+5+6+9
1386:24=2+2+5+7+8
1387:24=2+2+6+14
1388:24=2+2+6+6+8
1389:24=2+2+6+7+7
1390:24=2+2+7+13
1391:24=2+2+8+12
1392:24=2+2+9+11
1393:24=2+2+10+10
1394:24=2+3+19
1395:24=2+3+3+16
1396:24=2+3+3+3+13
1397:24=2+3+3+3+3+10
1398:24=2+3+3+3+3+3+7
1399:24=2+3+3+3+3+3+3+4
1400:24=2+3+3+3+3+4+6
1401:24=2+3+3+3+3+5+5
1402:24=2+3+3+3+4+9
1403:24=2+3+3+3+4+4+5
1404:24=2+3+3+3+5+8
1405:24=2+3+3+3+6+7
1406:24=2+3+3+4+12
1407:24=2+3+3+4+4+8
1408:24=2+3+3+4+4+4+4
1409:24=2+3+3+4+5+7
1410:24=2+3+3+4+6+6
1411:24=2+3+3+5+11
1412:24=2+3+3+5+5+6
1413:24=2+3+3+6+10
1414:24=2+3+3+7+9
1415:24=2+3+3+8+8
1416:24=2+3+4+15
1417:24=2+3+4+4+11
1418:24=2+3+4+4+4+7
1419:24=2+3+4+4+5+6
1420:24=2+3+4+5+10
1421:24=2+3+4+5+5+5
1422:24=2+3+4+6+9
1423:24=2+3+4+7+8
1424:24=2+3+5+14
1425:24=2+3+5+5+9
1426:24=2+3+5+6+8
1427:24=2+3+5+7+7
1428:24=2+3+6+13
1429:24=2+3+6+6+7
1430:24=2+3+7+12
1431:24=2+3+8+11
1432:24=2+3+9+10
1433:24=2+4+18
1434:24=2+4+4+14
1435:24=2+4+4+4+10
1436:24=2+4+4+4+4+6
1437:24=2+4+4+4+5+5
1438:24=2+4+4+5+9
1439:24=2+4+4+6+8
1440:24=2+4+4+7+7
1441:24=2+4+5+13
1442:24=2+4+5+5+8
1443:24=2+4+5+6+7
1444:24=2+4+6+12
1445:24=2+4+6+6+6
1446:24=2+4+7+11
1447:24=2+4+8+10
1448:24=2+4+9+9
1449:24=2+5+17
1450:24=2+5+5+12
1451:24=2+5+5+5+7
1452:24=2+5+5+6+6
1453:24=2+5+6+11
1454:24=2+5+7+10
1455:24=2+5+8+9
1456:24=2+6+16
1457:24=2+6+6+10
1458:24=2+6+7+9
1459:24=2+6+8+8
1460:24=2+7+15
1461:24=2+7+7+8
1462:24=2+8+14
1463:24=2+9+13
1464:24=2+10+12
1465:24=2+11+11
1466:24=3+21
1467:24=3+3+18
1468:24=3+3+3+15
1469:24=3+3+3+3+12
1470:24=3+3+3+3+3+9
1471:24=3+3+3+3+3+3+6
1472:24=3+3+3+3+3+3+3+3
1473:24=3+3+3+3+3+4+5
1474:24=3+3+3+3+4+8
1475:24=3+3+3+3+4+4+4
1476:24=3+3+3+3+5+7
1477:24=3+3+3+3+6+6
1478:24=3+3+3+4+11
1479:24=3+3+3+4+4+7
1480:24=3+3+3+4+5+6
1481:24=3+3+3+5+10
1482:24=3+3+3+5+5+5
1483:24=3+3+3+6+9
1484:24=3+3+3+7+8
1485:24=3+3+4+14
1486:24=3+3+4+4+10
1487:24=3+3+4+4+4+6
1488:24=3+3+4+4+5+5
1489:24=3+3+4+5+9
1490:24=3+3+4+6+8
1491:24=3+3+4+7+7
1492:24=3+3+5+13
1493:24=3+3+5+5+8
1494:24=3+3+5+6+7
1495:24=3+3+6+12
1496:24=3+3+6+6+6
1497:24=3+3+7+11
1498:24=3+3+8+10
1499:24=3+3+9+9
1500:24=3+4+17
1501:24=3+4+4+13
1502:24=3+4+4+4+9
1503:24=3+4+4+4+4+5
1504:24=3+4+4+5+8
1505:24=3+4+4+6+7
1506:24=3+4+5+12
1507:24=3+4+5+5+7
1508:24=3+4+5+6+6
1509:24=3+4+6+11
1510:24=3+4+7+10
1511:24=3+4+8+9
1512:24=3+5+16
1513:24=3+5+5+11
1514:24=3+5+5+5+6
1515:24=3+5+6+10
1516:24=3+5+7+9
1517:24=3+5+8+8
1518:24=3+6+15
1519:24=3+6+6+9
1520:24=3+6+7+8
1521:24=3+7+14
1522:24=3+7+7+7
1523:24=3+8+13
1524:24=3+9+12
1525:24=3+10+11
1526:24=4+20
1527:24=4+4+16
1528:24=4+4+4+12
1529:24=4+4+4+4+8
1530:24=4+4+4+4+4+4
1531:24=4+4+4+5+7
1532:24=4+4+4+6+6
1533:24=4+4+5+11
1534:24=4+4+5+5+6
1535:24=4+4+6+10
1536:24=4+4+7+9
1537:24=4+4+8+8
1538:24=4+5+15
1539:24=4+5+5+10
1540:24=4+5+5+5+5
1541:24=4+5+6+9
1542:24=4+5+7+8
1543:24=4+6+14
1544:24=4+6+6+8
1545:24=4+6+7+7
1546:24=4+7+13
1547:24=4+8+12
1548:24=4+9+11
1549:24=4+10+10
1550:24=5+19
1551:24=5+5+14
1552:24=5+5+5+9
1553:24=5+5+6+8
1554:24=5+5+7+7
1555:24=5+6+13
1556:24=5+6+6+7
1557:24=5+7+12
1558:24=5+8+11
1559:24=5+9+10
1560:24=6+18
1561:24=6+6+12
1562:24=6+6+6+6
1563:24=6+7+11
1564:24=6+8+10
1565:24=6+9+9
1566:24=7+17
1567:24=7+7+10
1568:24=7+8+9
1569:24=8+16
1570:24=8+8+8
1571:24=9+15
1572:24=10+14
1573:24=11+13
1574:24=12+12
